
Pressed: t
Pressed: e
Pressed: x
Pressed: t
Pressed: Key.space
Pressed: e
Pressed: d
Pressed: i
Pressed: t
Pressed: o
Pressed: r
Pressed: b
Pressed: r
Pressed: o
Pressed: w
Pressed: s
Pressed: e
Pressed: r
Pressed: Key.backspace
Pressed: g
Pressed: g
Pressed: Key.backspace
Pressed: Key.backspace
Pressed: Key.backspace
Pressed: Key.backspace
Pressed: b
Pressed: r
Pressed: o
Pressed: w
Pressed: s
Pressed: e
Pressed: r
Pressed: Key.space
Pressed: s
Pressed: e
Pressed: r
Pressed: Key.backspace
Pressed: Key.backspace
Pressed: Key.backspace
Pressed: t
Pressed: e
Pressed: s
Pressed: t
Pressed: Key.enter
Pressed: Key.cmd
Pressed: t
Pressed: e
Pressed: r
Pressed: m
Pressed: Key.enter
Pressed: t
Pressed: e
Pressed: r
Pressed: m
Pressed: i
Pressed: Key.backspace
Pressed: Key.backspace
Pressed: Key.backspace
Pressed: Key.backspace
Pressed: Key.backspace
Pressed: e
Pressed: c
Pressed: h
Pressed: o
Pressed: Key.backspace
Pressed: Key.backspace
Pressed: Key.backspace
Pressed: Key.backspace
Pressed: t
Pressed: e
Pressed: r
Pressed: m
Pressed: i
Pressed: n
Pressed: a
Pressed: l
Pressed: Key.space
Pressed: Key.enter
Pressed: e
Pressed: c
Pressed: o
Pressed: Key.backspace
Pressed: h
Pressed: o
Pressed: Key.space
Pressed: "
Pressed: Key.shift
Pressed: m
Pressed: s
Pressed: g
Pressed: "
Pressed: Key.shift
Pressed: Key.enter
Pressed: e
Pressed: x
Pressed: i
Pressed: t
Pressed: Key.enter
Pressed: e
Pressed: Key.esc