
 #### TRACEFILE RAW #### 

process 1 10 {
    exit        200
}
process 2 400 {
    exit        200
}


 #### TRACEFILE PROCESSING #### 


 Device List (Original Order)
  (Dev X) Name    TransferRate (bytes/sec) 

 Sorted Device List
  (Dev X) Name    TransferRate (bytes/sec) 

  (Proc X)  acTi   csP    csT    evC    evCT   evRo   evTo   exTi   id     quTi   stTi  
  (Proc 0)  0      0      0      0      0      0      0      200    1      0      10    
  (Ev X)    active      device        start     trans   

  (Proc 1)  0      0      0      0      0      1      0      200    2      0      400   
  (Ev X)    active      device        start     trans   

 #### SIMULATIONS #### 

running simulate_job_mix( time_quantum = 10 usecs )
@00000000   reboot with TQ=10,                                               Ne:1|2| Re: Ru: Ex: Bl:
@00000010   p1.NEW->READY,                                                   Ne:2| Re:1| Ru: Ex: Bl:
@00000015   p1.READY->RUNNING (frTQ),                                        Ne:2| Re: Ru:1| Ex: Bl:
@00000025   p1.freshTQ (ign'd)                                               Ne:2| Re: Ru:1| Ex: Bl:
@00000035   p1.freshTQ (ign'd)                                               Ne:2| Re: Ru:1| Ex: Bl:
@00000045   p1.freshTQ (ign'd)                                               Ne:2| Re: Ru:1| Ex: Bl:
@00000055   p1.freshTQ (ign'd)                                               Ne:2| Re: Ru:1| Ex: Bl:
@00000065   p1.freshTQ (ign'd)                                               Ne:2| Re: Ru:1| Ex: Bl:
@00000075   p1.freshTQ (ign'd)                                               Ne:2| Re: Ru:1| Ex: Bl:
@00000085   p1.freshTQ (ign'd)                                               Ne:2| Re: Ru:1| Ex: Bl:
@00000095   p1.freshTQ (ign'd)                                               Ne:2| Re: Ru:1| Ex: Bl:
@00000105   p1.freshTQ (ign'd)                                               Ne:2| Re: Ru:1| Ex: Bl:
@00000115   p1.freshTQ (ign'd)                                               Ne:2| Re: Ru:1| Ex: Bl:
@00000125   p1.freshTQ (ign'd)                                               Ne:2| Re: Ru:1| Ex: Bl:
@00000135   p1.freshTQ (ign'd)                                               Ne:2| Re: Ru:1| Ex: Bl:
@00000145   p1.freshTQ (ign'd)                                               Ne:2| Re: Ru:1| Ex: Bl:
@00000155   p1.freshTQ (ign'd)                                               Ne:2| Re: Ru:1| Ex: Bl:
@00000165   p1.freshTQ (ign'd)                                               Ne:2| Re: Ru:1| Ex: Bl:
@00000175   p1.freshTQ (ign'd)                                               Ne:2| Re: Ru:1| Ex: Bl:
@00000185   p1.freshTQ (ign'd)                                               Ne:2| Re: Ru:1| Ex: Bl:
@00000195   p1.freshTQ (ign'd)                                               Ne:2| Re: Ru:1| Ex: Bl:
@00000205   p1.freshTQ (ign'd)                                               Ne:2| Re: Ru:1| Ex: Bl:
@00000215   p1.RUNNING->EXIT                                                 Ne:2| Re: Ru: Ex:1| Bl:
@00000400   p2.NEW->READY,                                                   Ne: Re:2| Ru: Ex:1| Bl:
@00000405   p2.READY->RUNNING (frTQ),                                        Ne: Re: Ru:2| Ex:1| Bl:
@00000415   p2.freshTQ (ign'd)                                               Ne: Re: Ru:2| Ex:1| Bl:
@00000425   p2.freshTQ (ign'd)                                               Ne: Re: Ru:2| Ex:1| Bl:
@00000435   p2.freshTQ (ign'd)                                               Ne: Re: Ru:2| Ex:1| Bl:
@00000445   p2.freshTQ (ign'd)                                               Ne: Re: Ru:2| Ex:1| Bl:
@00000455   p2.freshTQ (ign'd)                                               Ne: Re: Ru:2| Ex:1| Bl:
@00000465   p2.freshTQ (ign'd)                                               Ne: Re: Ru:2| Ex:1| Bl:
@00000475   p2.freshTQ (ign'd)                                               Ne: Re: Ru:2| Ex:1| Bl:
@00000485   p2.freshTQ (ign'd)                                               Ne: Re: Ru:2| Ex:1| Bl:
@00000495   p2.freshTQ (ign'd)                                               Ne: Re: Ru:2| Ex:1| Bl:
@00000505   p2.freshTQ (ign'd)                                               Ne: Re: Ru:2| Ex:1| Bl:
@00000515   p2.freshTQ (ign'd)                                               Ne: Re: Ru:2| Ex:1| Bl:
@00000525   p2.freshTQ (ign'd)                                               Ne: Re: Ru:2| Ex:1| Bl:
@00000535   p2.freshTQ (ign'd)                                               Ne: Re: Ru:2| Ex:1| Bl:
@00000545   p2.freshTQ (ign'd)                                               Ne: Re: Ru:2| Ex:1| Bl:
@00000555   p2.freshTQ (ign'd)                                               Ne: Re: Ru:2| Ex:1| Bl:
@00000565   p2.freshTQ (ign'd)                                               Ne: Re: Ru:2| Ex:1| Bl:
@00000575   p2.freshTQ (ign'd)                                               Ne: Re: Ru:2| Ex:1| Bl:
@00000585   p2.freshTQ (ign'd)                                               Ne: Re: Ru:2| Ex:1| Bl:
@00000595   p2.freshTQ (ign'd)                                               Ne: Re: Ru:2| Ex:1| Bl:
@00000605   p2.RUNNING->EXIT                                                 Ne: Re: Ru: Ex:1|2| Bl:
total_process_completion_time 10 595


running simulate_job_mix( time_quantum = 20 usecs )
@00000000   reboot with TQ=20,                                               Ne:1|2| Re: Ru: Ex: Bl:
@00000010   p1.NEW->READY,                                                   Ne:2| Re:1| Ru: Ex: Bl:
@00000015   p1.READY->RUNNING (frTQ),                                        Ne:2| Re: Ru:1| Ex: Bl:
@00000035   p1.freshTQ (ign'd)                                               Ne:2| Re: Ru:1| Ex: Bl:
@00000055   p1.freshTQ (ign'd)                                               Ne:2| Re: Ru:1| Ex: Bl:
@00000075   p1.freshTQ (ign'd)                                               Ne:2| Re: Ru:1| Ex: Bl:
@00000095   p1.freshTQ (ign'd)                                               Ne:2| Re: Ru:1| Ex: Bl:
@00000115   p1.freshTQ (ign'd)                                               Ne:2| Re: Ru:1| Ex: Bl:
@00000135   p1.freshTQ (ign'd)                                               Ne:2| Re: Ru:1| Ex: Bl:
@00000155   p1.freshTQ (ign'd)                                               Ne:2| Re: Ru:1| Ex: Bl:
@00000175   p1.freshTQ (ign'd)                                               Ne:2| Re: Ru:1| Ex: Bl:
@00000195   p1.freshTQ (ign'd)                                               Ne:2| Re: Ru:1| Ex: Bl:
@00000215   p1.RUNNING->EXIT                                                 Ne:2| Re: Ru: Ex:1| Bl:
@00000400   p2.NEW->READY,                                                   Ne: Re:2| Ru: Ex:1| Bl:
@00000405   p2.READY->RUNNING (frTQ),                                        Ne: Re: Ru:2| Ex:1| Bl:
@00000425   p2.freshTQ (ign'd)                                               Ne: Re: Ru:2| Ex:1| Bl:
@00000445   p2.freshTQ (ign'd)                                               Ne: Re: Ru:2| Ex:1| Bl:
@00000465   p2.freshTQ (ign'd)                                               Ne: Re: Ru:2| Ex:1| Bl:
@00000485   p2.freshTQ (ign'd)                                               Ne: Re: Ru:2| Ex:1| Bl:
@00000505   p2.freshTQ (ign'd)                                               Ne: Re: Ru:2| Ex:1| Bl:
@00000525   p2.freshTQ (ign'd)                                               Ne: Re: Ru:2| Ex:1| Bl:
@00000545   p2.freshTQ (ign'd)                                               Ne: Re: Ru:2| Ex:1| Bl:
@00000565   p2.freshTQ (ign'd)                                               Ne: Re: Ru:2| Ex:1| Bl:
@00000585   p2.freshTQ (ign'd)                                               Ne: Re: Ru:2| Ex:1| Bl:
@00000605   p2.RUNNING->EXIT                                                 Ne: Re: Ru: Ex:1|2| Bl:
total_process_completion_time 20 595


running simulate_job_mix( time_quantum = 30 usecs )
@00000000   reboot with TQ=30,                                               Ne:1|2| Re: Ru: Ex: Bl:
@00000010   p1.NEW->READY,                                                   Ne:2| Re:1| Ru: Ex: Bl:
@00000015   p1.READY->RUNNING (frTQ),                                        Ne:2| Re: Ru:1| Ex: Bl:
@00000045   p1.freshTQ (ign'd)                                               Ne:2| Re: Ru:1| Ex: Bl:
@00000075   p1.freshTQ (ign'd)                                               Ne:2| Re: Ru:1| Ex: Bl:
@00000105   p1.freshTQ (ign'd)                                               Ne:2| Re: Ru:1| Ex: Bl:
@00000135   p1.freshTQ (ign'd)                                               Ne:2| Re: Ru:1| Ex: Bl:
@00000165   p1.freshTQ (ign'd)                                               Ne:2| Re: Ru:1| Ex: Bl:
@00000195   p1.freshTQ (ign'd)                                               Ne:2| Re: Ru:1| Ex: Bl:
@00000215   p1.RUNNING->EXIT                                                 Ne:2| Re: Ru: Ex:1| Bl:
@00000400   p2.NEW->READY,                                                   Ne: Re:2| Ru: Ex:1| Bl:
@00000405   p2.READY->RUNNING (frTQ),                                        Ne: Re: Ru:2| Ex:1| Bl:
@00000435   p2.freshTQ (ign'd)                                               Ne: Re: Ru:2| Ex:1| Bl:
@00000465   p2.freshTQ (ign'd)                                               Ne: Re: Ru:2| Ex:1| Bl:
@00000495   p2.freshTQ (ign'd)                                               Ne: Re: Ru:2| Ex:1| Bl:
@00000525   p2.freshTQ (ign'd)                                               Ne: Re: Ru:2| Ex:1| Bl:
@00000555   p2.freshTQ (ign'd)                                               Ne: Re: Ru:2| Ex:1| Bl:
@00000585   p2.freshTQ (ign'd)                                               Ne: Re: Ru:2| Ex:1| Bl:
@00000605   p2.RUNNING->EXIT                                                 Ne: Re: Ru: Ex:1|2| Bl:
total_process_completion_time 30 595


running simulate_job_mix( time_quantum = 40 usecs )
@00000000   reboot with TQ=40,                                               Ne:1|2| Re: Ru: Ex: Bl:
@00000010   p1.NEW->READY,                                                   Ne:2| Re:1| Ru: Ex: Bl:
@00000015   p1.READY->RUNNING (frTQ),                                        Ne:2| Re: Ru:1| Ex: Bl:
@00000055   p1.freshTQ (ign'd)                                               Ne:2| Re: Ru:1| Ex: Bl:
@00000095   p1.freshTQ (ign'd)                                               Ne:2| Re: Ru:1| Ex: Bl:
@00000135   p1.freshTQ (ign'd)                                               Ne:2| Re: Ru:1| Ex: Bl:
@00000175   p1.freshTQ (ign'd)                                               Ne:2| Re: Ru:1| Ex: Bl:
@00000215   p1.RUNNING->EXIT                                                 Ne:2| Re: Ru: Ex:1| Bl:
@00000400   p2.NEW->READY,                                                   Ne: Re:2| Ru: Ex:1| Bl:
@00000405   p2.READY->RUNNING (frTQ),                                        Ne: Re: Ru:2| Ex:1| Bl:
@00000445   p2.freshTQ (ign'd)                                               Ne: Re: Ru:2| Ex:1| Bl:
@00000485   p2.freshTQ (ign'd)                                               Ne: Re: Ru:2| Ex:1| Bl:
@00000525   p2.freshTQ (ign'd)                                               Ne: Re: Ru:2| Ex:1| Bl:
@00000565   p2.freshTQ (ign'd)                                               Ne: Re: Ru:2| Ex:1| Bl:
@00000605   p2.RUNNING->EXIT                                                 Ne: Re: Ru: Ex:1|2| Bl:
total_process_completion_time 40 595


running simulate_job_mix( time_quantum = 50 usecs )
@00000000   reboot with TQ=50,                                               Ne:1|2| Re: Ru: Ex: Bl:
@00000010   p1.NEW->READY,                                                   Ne:2| Re:1| Ru: Ex: Bl:
@00000015   p1.READY->RUNNING (frTQ),                                        Ne:2| Re: Ru:1| Ex: Bl:
@00000065   p1.freshTQ (ign'd)                                               Ne:2| Re: Ru:1| Ex: Bl:
@00000115   p1.freshTQ (ign'd)                                               Ne:2| Re: Ru:1| Ex: Bl:
@00000165   p1.freshTQ (ign'd)                                               Ne:2| Re: Ru:1| Ex: Bl:
@00000215   p1.RUNNING->EXIT                                                 Ne:2| Re: Ru: Ex:1| Bl:
@00000400   p2.NEW->READY,                                                   Ne: Re:2| Ru: Ex:1| Bl:
@00000405   p2.READY->RUNNING (frTQ),                                        Ne: Re: Ru:2| Ex:1| Bl:
@00000455   p2.freshTQ (ign'd)                                               Ne: Re: Ru:2| Ex:1| Bl:
@00000505   p2.freshTQ (ign'd)                                               Ne: Re: Ru:2| Ex:1| Bl:
@00000555   p2.freshTQ (ign'd)                                               Ne: Re: Ru:2| Ex:1| Bl:
@00000605   p2.RUNNING->EXIT                                                 Ne: Re: Ru: Ex:1|2| Bl:
total_process_completion_time 50 595


running simulate_job_mix( time_quantum = 60 usecs )
@00000000   reboot with TQ=60,                                               Ne:1|2| Re: Ru: Ex: Bl:
@00000010   p1.NEW->READY,                                                   Ne:2| Re:1| Ru: Ex: Bl:
@00000015   p1.READY->RUNNING (frTQ),                                        Ne:2| Re: Ru:1| Ex: Bl:
@00000075   p1.freshTQ (ign'd)                                               Ne:2| Re: Ru:1| Ex: Bl:
@00000135   p1.freshTQ (ign'd)                                               Ne:2| Re: Ru:1| Ex: Bl:
@00000195   p1.freshTQ (ign'd)                                               Ne:2| Re: Ru:1| Ex: Bl:
@00000215   p1.RUNNING->EXIT                                                 Ne:2| Re: Ru: Ex:1| Bl:
@00000400   p2.NEW->READY,                                                   Ne: Re:2| Ru: Ex:1| Bl:
@00000405   p2.READY->RUNNING (frTQ),                                        Ne: Re: Ru:2| Ex:1| Bl:
@00000465   p2.freshTQ (ign'd)                                               Ne: Re: Ru:2| Ex:1| Bl:
@00000525   p2.freshTQ (ign'd)                                               Ne: Re: Ru:2| Ex:1| Bl:
@00000585   p2.freshTQ (ign'd)                                               Ne: Re: Ru:2| Ex:1| Bl:
@00000605   p2.RUNNING->EXIT                                                 Ne: Re: Ru: Ex:1|2| Bl:
total_process_completion_time 60 595


running simulate_job_mix( time_quantum = 70 usecs )
@00000000   reboot with TQ=70,                                               Ne:1|2| Re: Ru: Ex: Bl:
@00000010   p1.NEW->READY,                                                   Ne:2| Re:1| Ru: Ex: Bl:
@00000015   p1.READY->RUNNING (frTQ),                                        Ne:2| Re: Ru:1| Ex: Bl:
@00000085   p1.freshTQ (ign'd)                                               Ne:2| Re: Ru:1| Ex: Bl:
@00000155   p1.freshTQ (ign'd)                                               Ne:2| Re: Ru:1| Ex: Bl:
@00000215   p1.RUNNING->EXIT                                                 Ne:2| Re: Ru: Ex:1| Bl:
@00000400   p2.NEW->READY,                                                   Ne: Re:2| Ru: Ex:1| Bl:
@00000405   p2.READY->RUNNING (frTQ),                                        Ne: Re: Ru:2| Ex:1| Bl:
@00000475   p2.freshTQ (ign'd)                                               Ne: Re: Ru:2| Ex:1| Bl:
@00000545   p2.freshTQ (ign'd)                                               Ne: Re: Ru:2| Ex:1| Bl:
@00000605   p2.RUNNING->EXIT                                                 Ne: Re: Ru: Ex:1|2| Bl:
total_process_completion_time 70 595


running simulate_job_mix( time_quantum = 80 usecs )
@00000000   reboot with TQ=80,                                               Ne:1|2| Re: Ru: Ex: Bl:
@00000010   p1.NEW->READY,                                                   Ne:2| Re:1| Ru: Ex: Bl:
@00000015   p1.READY->RUNNING (frTQ),                                        Ne:2| Re: Ru:1| Ex: Bl:
@00000095   p1.freshTQ (ign'd)                                               Ne:2| Re: Ru:1| Ex: Bl:
@00000175   p1.freshTQ (ign'd)                                               Ne:2| Re: Ru:1| Ex: Bl:
@00000215   p1.RUNNING->EXIT                                                 Ne:2| Re: Ru: Ex:1| Bl:
@00000400   p2.NEW->READY,                                                   Ne: Re:2| Ru: Ex:1| Bl:
@00000405   p2.READY->RUNNING (frTQ),                                        Ne: Re: Ru:2| Ex:1| Bl:
@00000485   p2.freshTQ (ign'd)                                               Ne: Re: Ru:2| Ex:1| Bl:
@00000565   p2.freshTQ (ign'd)                                               Ne: Re: Ru:2| Ex:1| Bl:
@00000605   p2.RUNNING->EXIT                                                 Ne: Re: Ru: Ex:1|2| Bl:
total_process_completion_time 80 595


running simulate_job_mix( time_quantum = 90 usecs )
@00000000   reboot with TQ=90,                                               Ne:1|2| Re: Ru: Ex: Bl:
@00000010   p1.NEW->READY,                                                   Ne:2| Re:1| Ru: Ex: Bl:
@00000015   p1.READY->RUNNING (frTQ),                                        Ne:2| Re: Ru:1| Ex: Bl:
@00000105   p1.freshTQ (ign'd)                                               Ne:2| Re: Ru:1| Ex: Bl:
@00000195   p1.freshTQ (ign'd)                                               Ne:2| Re: Ru:1| Ex: Bl:
@00000215   p1.RUNNING->EXIT                                                 Ne:2| Re: Ru: Ex:1| Bl:
@00000400   p2.NEW->READY,                                                   Ne: Re:2| Ru: Ex:1| Bl:
@00000405   p2.READY->RUNNING (frTQ),                                        Ne: Re: Ru:2| Ex:1| Bl:
@00000495   p2.freshTQ (ign'd)                                               Ne: Re: Ru:2| Ex:1| Bl:
@00000585   p2.freshTQ (ign'd)                                               Ne: Re: Ru:2| Ex:1| Bl:
@00000605   p2.RUNNING->EXIT                                                 Ne: Re: Ru: Ex:1|2| Bl:
total_process_completion_time 90 595


running simulate_job_mix( time_quantum = 100 usecs )
@00000000   reboot with TQ=100,                                              Ne:1|2| Re: Ru: Ex: Bl:
@00000010   p1.NEW->READY,                                                   Ne:2| Re:1| Ru: Ex: Bl:
@00000015   p1.READY->RUNNING (frTQ),                                        Ne:2| Re: Ru:1| Ex: Bl:
@00000115   p1.freshTQ (ign'd)                                               Ne:2| Re: Ru:1| Ex: Bl:
@00000215   p1.RUNNING->EXIT                                                 Ne:2| Re: Ru: Ex:1| Bl:
@00000400   p2.NEW->READY,                                                   Ne: Re:2| Ru: Ex:1| Bl:
@00000405   p2.READY->RUNNING (frTQ),                                        Ne: Re: Ru:2| Ex:1| Bl:
@00000505   p2.freshTQ (ign'd)                                               Ne: Re: Ru:2| Ex:1| Bl:
@00000605   p2.RUNNING->EXIT                                                 Ne: Re: Ru: Ex:1|2| Bl:
total_process_completion_time 100 595


running simulate_job_mix( time_quantum = 110 usecs )
@00000000   reboot with TQ=110,                                              Ne:1|2| Re: Ru: Ex: Bl:
@00000010   p1.NEW->READY,                                                   Ne:2| Re:1| Ru: Ex: Bl:
@00000015   p1.READY->RUNNING (frTQ),                                        Ne:2| Re: Ru:1| Ex: Bl:
@00000125   p1.freshTQ (ign'd)                                               Ne:2| Re: Ru:1| Ex: Bl:
@00000215   p1.RUNNING->EXIT                                                 Ne:2| Re: Ru: Ex:1| Bl:
@00000400   p2.NEW->READY,                                                   Ne: Re:2| Ru: Ex:1| Bl:
@00000405   p2.READY->RUNNING (frTQ),                                        Ne: Re: Ru:2| Ex:1| Bl:
@00000515   p2.freshTQ (ign'd)                                               Ne: Re: Ru:2| Ex:1| Bl:
@00000605   p2.RUNNING->EXIT                                                 Ne: Re: Ru: Ex:1|2| Bl:
total_process_completion_time 110 595


running simulate_job_mix( time_quantum = 120 usecs )
@00000000   reboot with TQ=120,                                              Ne:1|2| Re: Ru: Ex: Bl:
@00000010   p1.NEW->READY,                                                   Ne:2| Re:1| Ru: Ex: Bl:
@00000015   p1.READY->RUNNING (frTQ),                                        Ne:2| Re: Ru:1| Ex: Bl:
@00000135   p1.freshTQ (ign'd)                                               Ne:2| Re: Ru:1| Ex: Bl:
@00000215   p1.RUNNING->EXIT                                                 Ne:2| Re: Ru: Ex:1| Bl:
@00000400   p2.NEW->READY,                                                   Ne: Re:2| Ru: Ex:1| Bl:
@00000405   p2.READY->RUNNING (frTQ),                                        Ne: Re: Ru:2| Ex:1| Bl:
@00000525   p2.freshTQ (ign'd)                                               Ne: Re: Ru:2| Ex:1| Bl:
@00000605   p2.RUNNING->EXIT                                                 Ne: Re: Ru: Ex:1|2| Bl:
total_process_completion_time 120 595


running simulate_job_mix( time_quantum = 130 usecs )
@00000000   reboot with TQ=130,                                              Ne:1|2| Re: Ru: Ex: Bl:
@00000010   p1.NEW->READY,                                                   Ne:2| Re:1| Ru: Ex: Bl:
@00000015   p1.READY->RUNNING (frTQ),                                        Ne:2| Re: Ru:1| Ex: Bl:
@00000145   p1.freshTQ (ign'd)                                               Ne:2| Re: Ru:1| Ex: Bl:
@00000215   p1.RUNNING->EXIT                                                 Ne:2| Re: Ru: Ex:1| Bl:
@00000400   p2.NEW->READY,                                                   Ne: Re:2| Ru: Ex:1| Bl:
@00000405   p2.READY->RUNNING (frTQ),                                        Ne: Re: Ru:2| Ex:1| Bl:
@00000535   p2.freshTQ (ign'd)                                               Ne: Re: Ru:2| Ex:1| Bl:
@00000605   p2.RUNNING->EXIT                                                 Ne: Re: Ru: Ex:1|2| Bl:
total_process_completion_time 130 595


running simulate_job_mix( time_quantum = 140 usecs )
@00000000   reboot with TQ=140,                                              Ne:1|2| Re: Ru: Ex: Bl:
@00000010   p1.NEW->READY,                                                   Ne:2| Re:1| Ru: Ex: Bl:
@00000015   p1.READY->RUNNING (frTQ),                                        Ne:2| Re: Ru:1| Ex: Bl:
@00000155   p1.freshTQ (ign'd)                                               Ne:2| Re: Ru:1| Ex: Bl:
@00000215   p1.RUNNING->EXIT                                                 Ne:2| Re: Ru: Ex:1| Bl:
@00000400   p2.NEW->READY,                                                   Ne: Re:2| Ru: Ex:1| Bl:
@00000405   p2.READY->RUNNING (frTQ),                                        Ne: Re: Ru:2| Ex:1| Bl:
@00000545   p2.freshTQ (ign'd)                                               Ne: Re: Ru:2| Ex:1| Bl:
@00000605   p2.RUNNING->EXIT                                                 Ne: Re: Ru: Ex:1|2| Bl:
total_process_completion_time 140 595


running simulate_job_mix( time_quantum = 150 usecs )
@00000000   reboot with TQ=150,                                              Ne:1|2| Re: Ru: Ex: Bl:
@00000010   p1.NEW->READY,                                                   Ne:2| Re:1| Ru: Ex: Bl:
@00000015   p1.READY->RUNNING (frTQ),                                        Ne:2| Re: Ru:1| Ex: Bl:
@00000165   p1.freshTQ (ign'd)                                               Ne:2| Re: Ru:1| Ex: Bl:
@00000215   p1.RUNNING->EXIT                                                 Ne:2| Re: Ru: Ex:1| Bl:
@00000400   p2.NEW->READY,                                                   Ne: Re:2| Ru: Ex:1| Bl:
@00000405   p2.READY->RUNNING (frTQ),                                        Ne: Re: Ru:2| Ex:1| Bl:
@00000555   p2.freshTQ (ign'd)                                               Ne: Re: Ru:2| Ex:1| Bl:
@00000605   p2.RUNNING->EXIT                                                 Ne: Re: Ru: Ex:1|2| Bl:
total_process_completion_time 150 595


running simulate_job_mix( time_quantum = 160 usecs )
@00000000   reboot with TQ=160,                                              Ne:1|2| Re: Ru: Ex: Bl:
@00000010   p1.NEW->READY,                                                   Ne:2| Re:1| Ru: Ex: Bl:
@00000015   p1.READY->RUNNING (frTQ),                                        Ne:2| Re: Ru:1| Ex: Bl:
@00000175   p1.freshTQ (ign'd)                                               Ne:2| Re: Ru:1| Ex: Bl:
@00000215   p1.RUNNING->EXIT                                                 Ne:2| Re: Ru: Ex:1| Bl:
@00000400   p2.NEW->READY,                                                   Ne: Re:2| Ru: Ex:1| Bl:
@00000405   p2.READY->RUNNING (frTQ),                                        Ne: Re: Ru:2| Ex:1| Bl:
@00000565   p2.freshTQ (ign'd)                                               Ne: Re: Ru:2| Ex:1| Bl:
@00000605   p2.RUNNING->EXIT                                                 Ne: Re: Ru: Ex:1|2| Bl:
total_process_completion_time 160 595


running simulate_job_mix( time_quantum = 170 usecs )
@00000000   reboot with TQ=170,                                              Ne:1|2| Re: Ru: Ex: Bl:
@00000010   p1.NEW->READY,                                                   Ne:2| Re:1| Ru: Ex: Bl:
@00000015   p1.READY->RUNNING (frTQ),                                        Ne:2| Re: Ru:1| Ex: Bl:
@00000185   p1.freshTQ (ign'd)                                               Ne:2| Re: Ru:1| Ex: Bl:
@00000215   p1.RUNNING->EXIT                                                 Ne:2| Re: Ru: Ex:1| Bl:
@00000400   p2.NEW->READY,                                                   Ne: Re:2| Ru: Ex:1| Bl:
@00000405   p2.READY->RUNNING (frTQ),                                        Ne: Re: Ru:2| Ex:1| Bl:
@00000575   p2.freshTQ (ign'd)                                               Ne: Re: Ru:2| Ex:1| Bl:
@00000605   p2.RUNNING->EXIT                                                 Ne: Re: Ru: Ex:1|2| Bl:
total_process_completion_time 170 595


running simulate_job_mix( time_quantum = 180 usecs )
@00000000   reboot with TQ=180,                                              Ne:1|2| Re: Ru: Ex: Bl:
@00000010   p1.NEW->READY,                                                   Ne:2| Re:1| Ru: Ex: Bl:
@00000015   p1.READY->RUNNING (frTQ),                                        Ne:2| Re: Ru:1| Ex: Bl:
@00000195   p1.freshTQ (ign'd)                                               Ne:2| Re: Ru:1| Ex: Bl:
@00000215   p1.RUNNING->EXIT                                                 Ne:2| Re: Ru: Ex:1| Bl:
@00000400   p2.NEW->READY,                                                   Ne: Re:2| Ru: Ex:1| Bl:
@00000405   p2.READY->RUNNING (frTQ),                                        Ne: Re: Ru:2| Ex:1| Bl:
@00000585   p2.freshTQ (ign'd)                                               Ne: Re: Ru:2| Ex:1| Bl:
@00000605   p2.RUNNING->EXIT                                                 Ne: Re: Ru: Ex:1|2| Bl:
total_process_completion_time 180 595


running simulate_job_mix( time_quantum = 190 usecs )
@00000000   reboot with TQ=190,                                              Ne:1|2| Re: Ru: Ex: Bl:
@00000010   p1.NEW->READY,                                                   Ne:2| Re:1| Ru: Ex: Bl:
@00000015   p1.READY->RUNNING (frTQ),                                        Ne:2| Re: Ru:1| Ex: Bl:
@00000205   p1.freshTQ (ign'd)                                               Ne:2| Re: Ru:1| Ex: Bl:
@00000215   p1.RUNNING->EXIT                                                 Ne:2| Re: Ru: Ex:1| Bl:
@00000400   p2.NEW->READY,                                                   Ne: Re:2| Ru: Ex:1| Bl:
@00000405   p2.READY->RUNNING (frTQ),                                        Ne: Re: Ru:2| Ex:1| Bl:
@00000595   p2.freshTQ (ign'd)                                               Ne: Re: Ru:2| Ex:1| Bl:
@00000605   p2.RUNNING->EXIT                                                 Ne: Re: Ru: Ex:1|2| Bl:
total_process_completion_time 190 595


running simulate_job_mix( time_quantum = 200 usecs )
@00000000   reboot with TQ=200,                                              Ne:1|2| Re: Ru: Ex: Bl:
@00000010   p1.NEW->READY,                                                   Ne:2| Re:1| Ru: Ex: Bl:
@00000015   p1.READY->RUNNING (frTQ),                                        Ne:2| Re: Ru:1| Ex: Bl:
@00000215   p1.RUNNING->EXIT                                                 Ne:2| Re: Ru: Ex:1| Bl:
@00000400   p2.NEW->READY,                                                   Ne: Re:2| Ru: Ex:1| Bl:
@00000405   p2.READY->RUNNING (frTQ),                                        Ne: Re: Ru:2| Ex:1| Bl:
@00000605   p2.RUNNING->EXIT                                                 Ne: Re: Ru: Ex:1|2| Bl:
total_process_completion_time 200 595

best 200 595
