@00000000   reboot with TQ=10,  p11.NEW->READY                                    (running=__  RQ=[11]  nexit=0)
@00000005   p11.READY->RUNNING,  p11.RUNNING->BLOCKED(usb),  p11.request_databus  (running=__  RQ=[]  nexit=0)
@00000010   p12.NEW->READY                                                        (running=__  RQ=[12]  nexit=0)
@00000015   p12.READY->RUNNING                                                    (running=p12  RQ=[]  nexit=0)
@00000020   p12.RUNNING->BLOCKED(floppy)                                          (running=__  RQ=[]  nexit=0)
@00000050   p13.NEW->READY                                                        (running=__  RQ=[13]  nexit=0)
@00000055   p13.READY->RUNNING                                                    (running=p13  RQ=[]  nexit=0)
@00000060   p11.release_databus,  p11.BLOCKED(usb)->READY,  p12.request_databus   (running=p13  RQ=[11]  nexit=0)
@00000065   p13.RUNNING->BLOCKED(ssd)                                             (running=__  RQ=[11]  nexit=0)
@00000070   p11.READY->RUNNING                                                    (running=p11  RQ=[]  nexit=0)
@00000080   p11.freshTQ                                                           (running=p11  RQ=[]  nexit=0)
@00000090   p11.freshTQ                                                           (running=p11  RQ=[]  nexit=0)
@00000100   p11.freshTQ                                                           (running=p11  RQ=[]  nexit=0)
@00000110   p11.freshTQ                                                           (running=p11  RQ=[]  nexit=0)
@00000120   p11.freshTQ                                                           (running=p11  RQ=[]  nexit=0)
@00000125   p11.RUNNING->EXIT                                                     (running=__  RQ=[]  nexit=1)
@00001565   p12.release_databus,  p12.BLOCKED(floppy)->READY,  p13.request_databus(running=__  RQ=[12]  nexit=1)
@00001570   p12.READY->RUNNING                                                    (running=p12  RQ=[]  nexit=1)
@00001580   p12.freshTQ                                                           (running=p12  RQ=[]  nexit=1)
@00001590   p12.freshTQ                                                           (running=p12  RQ=[]  nexit=1)
@00001600   p12.freshTQ                                                           (running=p12  RQ=[]  nexit=1)
@00001605   p12.RUNNING->EXIT                                                     (running=__  RQ=[]  nexit=2)
@00001620   p13.release_databus,  p13.BLOCKED(ssd)->READY                         (running=__  RQ=[13]  nexit=2)
@00001625   p13.READY->RUNNING                                                    (running=p13  RQ=[]  nexit=2)
@00001635   p13.freshTQ                                                           (running=p13  RQ=[]  nexit=2)
@00001645   p13.freshTQ                                                           (running=p13  RQ=[]  nexit=2)
@00001655   p13.freshTQ                                                           (running=p13  RQ=[]  nexit=2)
@00001665   p13.freshTQ                                                           (running=p13  RQ=[]  nexit=2)
@00001675   p13.freshTQ                                                           (running=p13  RQ=[]  nexit=2)
@00001685   p13.freshTQ                                                           (running=p13  RQ=[]  nexit=2)
@00001695   p13.freshTQ                                                           (running=p13  RQ=[]  nexit=2)
@00001705   p13.freshTQ                                                           (running=p13  RQ=[]  nexit=2)
@00001715   p13.freshTQ                                                           (running=p13  RQ=[]  nexit=2)
@00001725   p13.freshTQ                                                           (running=p13  RQ=[]  nexit=2)
@00001735   p13.freshTQ                                                           (running=p13  RQ=[]  nexit=2)
@00001745   p13.freshTQ                                                           (running=p13  RQ=[]  nexit=2)
@00001755   p13.freshTQ                                                           (running=p13  RQ=[]  nexit=2)
@00001765   p13.freshTQ                                                           (running=p13  RQ=[]  nexit=2)
@00001775   p13.freshTQ                                                           (running=p13  RQ=[]  nexit=2)
@00001785   p13.freshTQ                                                           (running=p13  RQ=[]  nexit=2)
@00001795   p13.freshTQ                                                           (running=p13  RQ=[]  nexit=2)
@00001805   p13.freshTQ                                                           (running=p13  RQ=[]  nexit=2)
@00001815   p13.RUNNING->EXIT                                                     (running=__  RQ=[]  nexit=3)
total_process_completion_time 10 1815

@00000000   reboot with TQ=20,  p11.NEW->READY                                    (running=__  RQ=[11]  nexit=0)
@00000005   p11.READY->RUNNING,  p11.RUNNING->BLOCKED(usb),  p11.request_databus  (running=__  RQ=[]  nexit=0)
@00000010   p12.NEW->READY                                                        (running=__  RQ=[12]  nexit=0)
@00000015   p12.READY->RUNNING                                                    (running=p12  RQ=[]  nexit=0)
@00000020   p12.RUNNING->BLOCKED(floppy)                                          (running=__  RQ=[]  nexit=0)
@00000050   p13.NEW->READY                                                        (running=__  RQ=[13]  nexit=0)
@00000055   p13.READY->RUNNING                                                    (running=p13  RQ=[]  nexit=0)
@00000060   p11.release_databus,  p11.BLOCKED(usb)->READY,  p12.request_databus   (running=p13  RQ=[11]  nexit=0)
@00000065   p13.RUNNING->BLOCKED(ssd)                                             (running=__  RQ=[11]  nexit=0)
@00000070   p11.READY->RUNNING                                                    (running=p11  RQ=[]  nexit=0)
@00000090   p11.freshTQ                                                           (running=p11  RQ=[]  nexit=0)
@00000110   p11.freshTQ                                                           (running=p11  RQ=[]  nexit=0)
@00000125   p11.RUNNING->EXIT                                                     (running=__  RQ=[]  nexit=1)
@00001565   p12.release_databus,  p12.BLOCKED(floppy)->READY,  p13.request_databus(running=__  RQ=[12]  nexit=1)
@00001570   p12.READY->RUNNING                                                    (running=p12  RQ=[]  nexit=1)
@00001590   p12.freshTQ                                                           (running=p12  RQ=[]  nexit=1)
@00001605   p12.RUNNING->EXIT                                                     (running=__  RQ=[]  nexit=2)
@00001620   p13.release_databus,  p13.BLOCKED(ssd)->READY                         (running=__  RQ=[13]  nexit=2)
@00001625   p13.READY->RUNNING                                                    (running=p13  RQ=[]  nexit=2)
@00001645   p13.freshTQ                                                           (running=p13  RQ=[]  nexit=2)
@00001665   p13.freshTQ                                                           (running=p13  RQ=[]  nexit=2)
@00001685   p13.freshTQ                                                           (running=p13  RQ=[]  nexit=2)
@00001705   p13.freshTQ                                                           (running=p13  RQ=[]  nexit=2)
@00001725   p13.freshTQ                                                           (running=p13  RQ=[]  nexit=2)
@00001745   p13.freshTQ                                                           (running=p13  RQ=[]  nexit=2)
@00001765   p13.freshTQ                                                           (running=p13  RQ=[]  nexit=2)
@00001785   p13.freshTQ                                                           (running=p13  RQ=[]  nexit=2)
@00001805   p13.freshTQ                                                           (running=p13  RQ=[]  nexit=2)
@00001815   p13.RUNNING->EXIT                                                     (running=__  RQ=[]  nexit=3)
total_process_completion_time 20 1815

@00000000   reboot with TQ=30,  p11.NEW->READY                                    (running=__  RQ=[11]  nexit=0)
@00000005   p11.READY->RUNNING,  p11.RUNNING->BLOCKED(usb),  p11.request_databus  (running=__  RQ=[]  nexit=0)
@00000010   p12.NEW->READY                                                        (running=__  RQ=[12]  nexit=0)
@00000015   p12.READY->RUNNING                                                    (running=p12  RQ=[]  nexit=0)
@00000020   p12.RUNNING->BLOCKED(floppy)                                          (running=__  RQ=[]  nexit=0)
@00000050   p13.NEW->READY                                                        (running=__  RQ=[13]  nexit=0)
@00000055   p13.READY->RUNNING                                                    (running=p13  RQ=[]  nexit=0)
@00000060   p11.release_databus,  p11.BLOCKED(usb)->READY,  p12.request_databus   (running=p13  RQ=[11]  nexit=0)
@00000065   p13.RUNNING->BLOCKED(ssd)                                             (running=__  RQ=[11]  nexit=0)
@00000070   p11.READY->RUNNING                                                    (running=p11  RQ=[]  nexit=0)
@00000100   p11.freshTQ                                                           (running=p11  RQ=[]  nexit=0)
@00000125   p11.RUNNING->EXIT                                                     (running=__  RQ=[]  nexit=1)
@00001565   p12.release_databus,  p12.BLOCKED(floppy)->READY,  p13.request_databus(running=__  RQ=[12]  nexit=1)
@00001570   p12.READY->RUNNING                                                    (running=p12  RQ=[]  nexit=1)
@00001600   p12.freshTQ                                                           (running=p12  RQ=[]  nexit=1)
@00001605   p12.RUNNING->EXIT                                                     (running=__  RQ=[]  nexit=2)
@00001620   p13.release_databus,  p13.BLOCKED(ssd)->READY                         (running=__  RQ=[13]  nexit=2)
@00001625   p13.READY->RUNNING                                                    (running=p13  RQ=[]  nexit=2)
@00001655   p13.freshTQ                                                           (running=p13  RQ=[]  nexit=2)
@00001685   p13.freshTQ                                                           (running=p13  RQ=[]  nexit=2)
@00001715   p13.freshTQ                                                           (running=p13  RQ=[]  nexit=2)
@00001745   p13.freshTQ                                                           (running=p13  RQ=[]  nexit=2)
@00001775   p13.freshTQ                                                           (running=p13  RQ=[]  nexit=2)
@00001805   p13.freshTQ                                                           (running=p13  RQ=[]  nexit=2)
@00001815   p13.RUNNING->EXIT                                                     (running=__  RQ=[]  nexit=3)
total_process_completion_time 30 1815

@00000000   reboot with TQ=40,  p11.NEW->READY                                    (running=__  RQ=[11]  nexit=0)
@00000005   p11.READY->RUNNING,  p11.RUNNING->BLOCKED(usb),  p11.request_databus  (running=__  RQ=[]  nexit=0)
@00000010   p12.NEW->READY                                                        (running=__  RQ=[12]  nexit=0)
@00000015   p12.READY->RUNNING                                                    (running=p12  RQ=[]  nexit=0)
@00000020   p12.RUNNING->BLOCKED(floppy)                                          (running=__  RQ=[]  nexit=0)
@00000050   p13.NEW->READY                                                        (running=__  RQ=[13]  nexit=0)
@00000055   p13.READY->RUNNING                                                    (running=p13  RQ=[]  nexit=0)
@00000060   p11.release_databus,  p11.BLOCKED(usb)->READY,  p12.request_databus   (running=p13  RQ=[11]  nexit=0)
@00000065   p13.RUNNING->BLOCKED(ssd)                                             (running=__  RQ=[11]  nexit=0)
@00000070   p11.READY->RUNNING                                                    (running=p11  RQ=[]  nexit=0)
@00000110   p11.freshTQ                                                           (running=p11  RQ=[]  nexit=0)
@00000125   p11.RUNNING->EXIT                                                     (running=__  RQ=[]  nexit=1)
@00001565   p12.release_databus,  p12.BLOCKED(floppy)->READY,  p13.request_databus(running=__  RQ=[12]  nexit=1)
@00001570   p12.READY->RUNNING                                                    (running=p12  RQ=[]  nexit=1)
@00001605   p12.RUNNING->EXIT                                                     (running=__  RQ=[]  nexit=2)
@00001620   p13.release_databus,  p13.BLOCKED(ssd)->READY                         (running=__  RQ=[13]  nexit=2)
@00001625   p13.READY->RUNNING                                                    (running=p13  RQ=[]  nexit=2)
@00001665   p13.freshTQ                                                           (running=p13  RQ=[]  nexit=2)
@00001705   p13.freshTQ                                                           (running=p13  RQ=[]  nexit=2)
@00001745   p13.freshTQ                                                           (running=p13  RQ=[]  nexit=2)
@00001785   p13.freshTQ                                                           (running=p13  RQ=[]  nexit=2)
@00001815   p13.RUNNING->EXIT                                                     (running=__  RQ=[]  nexit=3)
total_process_completion_time 40 1815

@00000000   reboot with TQ=50,  p11.NEW->READY                                    (running=__  RQ=[11]  nexit=0)
@00000005   p11.READY->RUNNING,  p11.RUNNING->BLOCKED(usb),  p11.request_databus  (running=__  RQ=[]  nexit=0)
@00000010   p12.NEW->READY                                                        (running=__  RQ=[12]  nexit=0)
@00000015   p12.READY->RUNNING                                                    (running=p12  RQ=[]  nexit=0)
@00000020   p12.RUNNING->BLOCKED(floppy)                                          (running=__  RQ=[]  nexit=0)
@00000050   p13.NEW->READY                                                        (running=__  RQ=[13]  nexit=0)
@00000055   p13.READY->RUNNING                                                    (running=p13  RQ=[]  nexit=0)
@00000060   p11.release_databus,  p11.BLOCKED(usb)->READY,  p12.request_databus   (running=p13  RQ=[11]  nexit=0)
@00000065   p13.RUNNING->BLOCKED(ssd)                                             (running=__  RQ=[11]  nexit=0)
@00000070   p11.READY->RUNNING                                                    (running=p11  RQ=[]  nexit=0)
@00000120   p11.freshTQ                                                           (running=p11  RQ=[]  nexit=0)
@00000125   p11.RUNNING->EXIT                                                     (running=__  RQ=[]  nexit=1)
@00001565   p12.release_databus,  p12.BLOCKED(floppy)->READY,  p13.request_databus(running=__  RQ=[12]  nexit=1)
@00001570   p12.READY->RUNNING                                                    (running=p12  RQ=[]  nexit=1)
@00001605   p12.RUNNING->EXIT                                                     (running=__  RQ=[]  nexit=2)
@00001620   p13.release_databus,  p13.BLOCKED(ssd)->READY                         (running=__  RQ=[13]  nexit=2)
@00001625   p13.READY->RUNNING                                                    (running=p13  RQ=[]  nexit=2)
@00001675   p13.freshTQ                                                           (running=p13  RQ=[]  nexit=2)
@00001725   p13.freshTQ                                                           (running=p13  RQ=[]  nexit=2)
@00001775   p13.freshTQ                                                           (running=p13  RQ=[]  nexit=2)
@00001815   p13.RUNNING->EXIT                                                     (running=__  RQ=[]  nexit=3)
total_process_completion_time 50 1815

@00000000   reboot with TQ=60,  p11.NEW->READY                                    (running=__  RQ=[11]  nexit=0)
@00000005   p11.READY->RUNNING,  p11.RUNNING->BLOCKED(usb),  p11.request_databus  (running=__  RQ=[]  nexit=0)
@00000010   p12.NEW->READY                                                        (running=__  RQ=[12]  nexit=0)
@00000015   p12.READY->RUNNING                                                    (running=p12  RQ=[]  nexit=0)
@00000020   p12.RUNNING->BLOCKED(floppy)                                          (running=__  RQ=[]  nexit=0)
@00000050   p13.NEW->READY                                                        (running=__  RQ=[13]  nexit=0)
@00000055   p13.READY->RUNNING                                                    (running=p13  RQ=[]  nexit=0)
@00000060   p11.release_databus,  p11.BLOCKED(usb)->READY,  p12.request_databus   (running=p13  RQ=[11]  nexit=0)
@00000065   p13.RUNNING->BLOCKED(ssd)                                             (running=__  RQ=[11]  nexit=0)
@00000070   p11.READY->RUNNING                                                    (running=p11  RQ=[]  nexit=0)
@00000125   p11.RUNNING->EXIT                                                     (running=__  RQ=[]  nexit=1)
@00001565   p12.release_databus,  p12.BLOCKED(floppy)->READY,  p13.request_databus(running=__  RQ=[12]  nexit=1)
@00001570   p12.READY->RUNNING                                                    (running=p12  RQ=[]  nexit=1)
@00001605   p12.RUNNING->EXIT                                                     (running=__  RQ=[]  nexit=2)
@00001620   p13.release_databus,  p13.BLOCKED(ssd)->READY                         (running=__  RQ=[13]  nexit=2)
@00001625   p13.READY->RUNNING                                                    (running=p13  RQ=[]  nexit=2)
@00001685   p13.freshTQ                                                           (running=p13  RQ=[]  nexit=2)
@00001745   p13.freshTQ                                                           (running=p13  RQ=[]  nexit=2)
@00001805   p13.freshTQ                                                           (running=p13  RQ=[]  nexit=2)
@00001815   p13.RUNNING->EXIT                                                     (running=__  RQ=[]  nexit=3)
total_process_completion_time 60 1815

@00000000   reboot with TQ=70,  p11.NEW->READY                                    (running=__  RQ=[11]  nexit=0)
@00000005   p11.READY->RUNNING,  p11.RUNNING->BLOCKED(usb),  p11.request_databus  (running=__  RQ=[]  nexit=0)
@00000010   p12.NEW->READY                                                        (running=__  RQ=[12]  nexit=0)
@00000015   p12.READY->RUNNING                                                    (running=p12  RQ=[]  nexit=0)
@00000020   p12.RUNNING->BLOCKED(floppy)                                          (running=__  RQ=[]  nexit=0)
@00000050   p13.NEW->READY                                                        (running=__  RQ=[13]  nexit=0)
@00000055   p13.READY->RUNNING                                                    (running=p13  RQ=[]  nexit=0)
@00000060   p11.release_databus,  p11.BLOCKED(usb)->READY,  p12.request_databus   (running=p13  RQ=[11]  nexit=0)
@00000065   p13.RUNNING->BLOCKED(ssd)                                             (running=__  RQ=[11]  nexit=0)
@00000070   p11.READY->RUNNING                                                    (running=p11  RQ=[]  nexit=0)
@00000125   p11.RUNNING->EXIT                                                     (running=__  RQ=[]  nexit=1)
@00001565   p12.release_databus,  p12.BLOCKED(floppy)->READY,  p13.request_databus(running=__  RQ=[12]  nexit=1)
@00001570   p12.READY->RUNNING                                                    (running=p12  RQ=[]  nexit=1)
@00001605   p12.RUNNING->EXIT                                                     (running=__  RQ=[]  nexit=2)
@00001620   p13.release_databus,  p13.BLOCKED(ssd)->READY                         (running=__  RQ=[13]  nexit=2)
@00001625   p13.READY->RUNNING                                                    (running=p13  RQ=[]  nexit=2)
@00001695   p13.freshTQ                                                           (running=p13  RQ=[]  nexit=2)
@00001765   p13.freshTQ                                                           (running=p13  RQ=[]  nexit=2)
@00001815   p13.RUNNING->EXIT                                                     (running=__  RQ=[]  nexit=3)
total_process_completion_time 70 1815

@00000000   reboot with TQ=80,  p11.NEW->READY                                    (running=__  RQ=[11]  nexit=0)
@00000005   p11.READY->RUNNING,  p11.RUNNING->BLOCKED(usb),  p11.request_databus  (running=__  RQ=[]  nexit=0)
@00000010   p12.NEW->READY                                                        (running=__  RQ=[12]  nexit=0)
@00000015   p12.READY->RUNNING                                                    (running=p12  RQ=[]  nexit=0)
@00000020   p12.RUNNING->BLOCKED(floppy)                                          (running=__  RQ=[]  nexit=0)
@00000050   p13.NEW->READY                                                        (running=__  RQ=[13]  nexit=0)
@00000055   p13.READY->RUNNING                                                    (running=p13  RQ=[]  nexit=0)
@00000060   p11.release_databus,  p11.BLOCKED(usb)->READY,  p12.request_databus   (running=p13  RQ=[11]  nexit=0)
@00000065   p13.RUNNING->BLOCKED(ssd)                                             (running=__  RQ=[11]  nexit=0)
@00000070   p11.READY->RUNNING                                                    (running=p11  RQ=[]  nexit=0)
@00000125   p11.RUNNING->EXIT                                                     (running=__  RQ=[]  nexit=1)
@00001565   p12.release_databus,  p12.BLOCKED(floppy)->READY,  p13.request_databus(running=__  RQ=[12]  nexit=1)
@00001570   p12.READY->RUNNING                                                    (running=p12  RQ=[]  nexit=1)
@00001605   p12.RUNNING->EXIT                                                     (running=__  RQ=[]  nexit=2)
@00001620   p13.release_databus,  p13.BLOCKED(ssd)->READY                         (running=__  RQ=[13]  nexit=2)
@00001625   p13.READY->RUNNING                                                    (running=p13  RQ=[]  nexit=2)
@00001705   p13.freshTQ                                                           (running=p13  RQ=[]  nexit=2)
@00001785   p13.freshTQ                                                           (running=p13  RQ=[]  nexit=2)
@00001815   p13.RUNNING->EXIT                                                     (running=__  RQ=[]  nexit=3)
total_process_completion_time 80 1815

@00000000   reboot with TQ=90,  p11.NEW->READY                                    (running=__  RQ=[11]  nexit=0)
@00000005   p11.READY->RUNNING,  p11.RUNNING->BLOCKED(usb),  p11.request_databus  (running=__  RQ=[]  nexit=0)
@00000010   p12.NEW->READY                                                        (running=__  RQ=[12]  nexit=0)
@00000015   p12.READY->RUNNING                                                    (running=p12  RQ=[]  nexit=0)
@00000020   p12.RUNNING->BLOCKED(floppy)                                          (running=__  RQ=[]  nexit=0)
@00000050   p13.NEW->READY                                                        (running=__  RQ=[13]  nexit=0)
@00000055   p13.READY->RUNNING                                                    (running=p13  RQ=[]  nexit=0)
@00000060   p11.release_databus,  p11.BLOCKED(usb)->READY,  p12.request_databus   (running=p13  RQ=[11]  nexit=0)
@00000065   p13.RUNNING->BLOCKED(ssd)                                             (running=__  RQ=[11]  nexit=0)
@00000070   p11.READY->RUNNING                                                    (running=p11  RQ=[]  nexit=0)
@00000125   p11.RUNNING->EXIT                                                     (running=__  RQ=[]  nexit=1)
@00001565   p12.release_databus,  p12.BLOCKED(floppy)->READY,  p13.request_databus(running=__  RQ=[12]  nexit=1)
@00001570   p12.READY->RUNNING                                                    (running=p12  RQ=[]  nexit=1)
@00001605   p12.RUNNING->EXIT                                                     (running=__  RQ=[]  nexit=2)
@00001620   p13.release_databus,  p13.BLOCKED(ssd)->READY                         (running=__  RQ=[13]  nexit=2)
@00001625   p13.READY->RUNNING                                                    (running=p13  RQ=[]  nexit=2)
@00001715   p13.freshTQ                                                           (running=p13  RQ=[]  nexit=2)
@00001805   p13.freshTQ                                                           (running=p13  RQ=[]  nexit=2)
@00001815   p13.RUNNING->EXIT                                                     (running=__  RQ=[]  nexit=3)
total_process_completion_time 90 1815

@00000000   reboot with TQ=100,  p11.NEW->READY                                   (running=__  RQ=[11]  nexit=0)
@00000005   p11.READY->RUNNING,  p11.RUNNING->BLOCKED(usb),  p11.request_databus  (running=__  RQ=[]  nexit=0)
@00000010   p12.NEW->READY                                                        (running=__  RQ=[12]  nexit=0)
@00000015   p12.READY->RUNNING                                                    (running=p12  RQ=[]  nexit=0)
@00000020   p12.RUNNING->BLOCKED(floppy)                                          (running=__  RQ=[]  nexit=0)
@00000050   p13.NEW->READY                                                        (running=__  RQ=[13]  nexit=0)
@00000055   p13.READY->RUNNING                                                    (running=p13  RQ=[]  nexit=0)
@00000060   p11.release_databus,  p11.BLOCKED(usb)->READY,  p12.request_databus   (running=p13  RQ=[11]  nexit=0)
@00000065   p13.RUNNING->BLOCKED(ssd)                                             (running=__  RQ=[11]  nexit=0)
@00000070   p11.READY->RUNNING                                                    (running=p11  RQ=[]  nexit=0)
@00000125   p11.RUNNING->EXIT                                                     (running=__  RQ=[]  nexit=1)
@00001565   p12.release_databus,  p12.BLOCKED(floppy)->READY,  p13.request_databus(running=__  RQ=[12]  nexit=1)
@00001570   p12.READY->RUNNING                                                    (running=p12  RQ=[]  nexit=1)
@00001605   p12.RUNNING->EXIT                                                     (running=__  RQ=[]  nexit=2)
@00001620   p13.release_databus,  p13.BLOCKED(ssd)->READY                         (running=__  RQ=[13]  nexit=2)
@00001625   p13.READY->RUNNING                                                    (running=p13  RQ=[]  nexit=2)
@00001725   p13.freshTQ                                                           (running=p13  RQ=[]  nexit=2)
@00001815   p13.RUNNING->EXIT                                                     (running=__  RQ=[]  nexit=3)
total_process_completion_time 100 1815

@00000000   reboot with TQ=110,  p11.NEW->READY                                   (running=__  RQ=[11]  nexit=0)
@00000005   p11.READY->RUNNING,  p11.RUNNING->BLOCKED(usb),  p11.request_databus  (running=__  RQ=[]  nexit=0)
@00000010   p12.NEW->READY                                                        (running=__  RQ=[12]  nexit=0)
@00000015   p12.READY->RUNNING                                                    (running=p12  RQ=[]  nexit=0)
@00000020   p12.RUNNING->BLOCKED(floppy)                                          (running=__  RQ=[]  nexit=0)
@00000050   p13.NEW->READY                                                        (running=__  RQ=[13]  nexit=0)
@00000055   p13.READY->RUNNING                                                    (running=p13  RQ=[]  nexit=0)
@00000060   p11.release_databus,  p11.BLOCKED(usb)->READY,  p12.request_databus   (running=p13  RQ=[11]  nexit=0)
@00000065   p13.RUNNING->BLOCKED(ssd)                                             (running=__  RQ=[11]  nexit=0)
@00000070   p11.READY->RUNNING                                                    (running=p11  RQ=[]  nexit=0)
@00000125   p11.RUNNING->EXIT                                                     (running=__  RQ=[]  nexit=1)
@00001565   p12.release_databus,  p12.BLOCKED(floppy)->READY,  p13.request_databus(running=__  RQ=[12]  nexit=1)
@00001570   p12.READY->RUNNING                                                    (running=p12  RQ=[]  nexit=1)
@00001605   p12.RUNNING->EXIT                                                     (running=__  RQ=[]  nexit=2)
@00001620   p13.release_databus,  p13.BLOCKED(ssd)->READY                         (running=__  RQ=[13]  nexit=2)
@00001625   p13.READY->RUNNING                                                    (running=p13  RQ=[]  nexit=2)
@00001735   p13.freshTQ                                                           (running=p13  RQ=[]  nexit=2)
@00001815   p13.RUNNING->EXIT                                                     (running=__  RQ=[]  nexit=3)
total_process_completion_time 110 1815

@00000000   reboot with TQ=120,  p11.NEW->READY                                   (running=__  RQ=[11]  nexit=0)
@00000005   p11.READY->RUNNING,  p11.RUNNING->BLOCKED(usb),  p11.request_databus  (running=__  RQ=[]  nexit=0)
@00000010   p12.NEW->READY                                                        (running=__  RQ=[12]  nexit=0)
@00000015   p12.READY->RUNNING                                                    (running=p12  RQ=[]  nexit=0)
@00000020   p12.RUNNING->BLOCKED(floppy)                                          (running=__  RQ=[]  nexit=0)
@00000050   p13.NEW->READY                                                        (running=__  RQ=[13]  nexit=0)
@00000055   p13.READY->RUNNING                                                    (running=p13  RQ=[]  nexit=0)
@00000060   p11.release_databus,  p11.BLOCKED(usb)->READY,  p12.request_databus   (running=p13  RQ=[11]  nexit=0)
@00000065   p13.RUNNING->BLOCKED(ssd)                                             (running=__  RQ=[11]  nexit=0)
@00000070   p11.READY->RUNNING                                                    (running=p11  RQ=[]  nexit=0)
@00000125   p11.RUNNING->EXIT                                                     (running=__  RQ=[]  nexit=1)
@00001565   p12.release_databus,  p12.BLOCKED(floppy)->READY,  p13.request_databus(running=__  RQ=[12]  nexit=1)
@00001570   p12.READY->RUNNING                                                    (running=p12  RQ=[]  nexit=1)
@00001605   p12.RUNNING->EXIT                                                     (running=__  RQ=[]  nexit=2)
@00001620   p13.release_databus,  p13.BLOCKED(ssd)->READY                         (running=__  RQ=[13]  nexit=2)
@00001625   p13.READY->RUNNING                                                    (running=p13  RQ=[]  nexit=2)
@00001745   p13.freshTQ                                                           (running=p13  RQ=[]  nexit=2)
@00001815   p13.RUNNING->EXIT                                                     (running=__  RQ=[]  nexit=3)
total_process_completion_time 120 1815

@00000000   reboot with TQ=130,  p11.NEW->READY                                   (running=__  RQ=[11]  nexit=0)
@00000005   p11.READY->RUNNING,  p11.RUNNING->BLOCKED(usb),  p11.request_databus  (running=__  RQ=[]  nexit=0)
@00000010   p12.NEW->READY                                                        (running=__  RQ=[12]  nexit=0)
@00000015   p12.READY->RUNNING                                                    (running=p12  RQ=[]  nexit=0)
@00000020   p12.RUNNING->BLOCKED(floppy)                                          (running=__  RQ=[]  nexit=0)
@00000050   p13.NEW->READY                                                        (running=__  RQ=[13]  nexit=0)
@00000055   p13.READY->RUNNING                                                    (running=p13  RQ=[]  nexit=0)
@00000060   p11.release_databus,  p11.BLOCKED(usb)->READY,  p12.request_databus   (running=p13  RQ=[11]  nexit=0)
@00000065   p13.RUNNING->BLOCKED(ssd)                                             (running=__  RQ=[11]  nexit=0)
@00000070   p11.READY->RUNNING                                                    (running=p11  RQ=[]  nexit=0)
@00000125   p11.RUNNING->EXIT                                                     (running=__  RQ=[]  nexit=1)
@00001565   p12.release_databus,  p12.BLOCKED(floppy)->READY,  p13.request_databus(running=__  RQ=[12]  nexit=1)
@00001570   p12.READY->RUNNING                                                    (running=p12  RQ=[]  nexit=1)
@00001605   p12.RUNNING->EXIT                                                     (running=__  RQ=[]  nexit=2)
@00001620   p13.release_databus,  p13.BLOCKED(ssd)->READY                         (running=__  RQ=[13]  nexit=2)
@00001625   p13.READY->RUNNING                                                    (running=p13  RQ=[]  nexit=2)
@00001755   p13.freshTQ                                                           (running=p13  RQ=[]  nexit=2)
@00001815   p13.RUNNING->EXIT                                                     (running=__  RQ=[]  nexit=3)
total_process_completion_time 130 1815

@00000000   reboot with TQ=140,  p11.NEW->READY                                   (running=__  RQ=[11]  nexit=0)
@00000005   p11.READY->RUNNING,  p11.RUNNING->BLOCKED(usb),  p11.request_databus  (running=__  RQ=[]  nexit=0)
@00000010   p12.NEW->READY                                                        (running=__  RQ=[12]  nexit=0)
@00000015   p12.READY->RUNNING                                                    (running=p12  RQ=[]  nexit=0)
@00000020   p12.RUNNING->BLOCKED(floppy)                                          (running=__  RQ=[]  nexit=0)
@00000050   p13.NEW->READY                                                        (running=__  RQ=[13]  nexit=0)
@00000055   p13.READY->RUNNING                                                    (running=p13  RQ=[]  nexit=0)
@00000060   p11.release_databus,  p11.BLOCKED(usb)->READY,  p12.request_databus   (running=p13  RQ=[11]  nexit=0)
@00000065   p13.RUNNING->BLOCKED(ssd)                                             (running=__  RQ=[11]  nexit=0)
@00000070   p11.READY->RUNNING                                                    (running=p11  RQ=[]  nexit=0)
@00000125   p11.RUNNING->EXIT                                                     (running=__  RQ=[]  nexit=1)
@00001565   p12.release_databus,  p12.BLOCKED(floppy)->READY,  p13.request_databus(running=__  RQ=[12]  nexit=1)
@00001570   p12.READY->RUNNING                                                    (running=p12  RQ=[]  nexit=1)
@00001605   p12.RUNNING->EXIT                                                     (running=__  RQ=[]  nexit=2)
@00001620   p13.release_databus,  p13.BLOCKED(ssd)->READY                         (running=__  RQ=[13]  nexit=2)
@00001625   p13.READY->RUNNING                                                    (running=p13  RQ=[]  nexit=2)
@00001765   p13.freshTQ                                                           (running=p13  RQ=[]  nexit=2)
@00001815   p13.RUNNING->EXIT                                                     (running=__  RQ=[]  nexit=3)
total_process_completion_time 140 1815

@00000000   reboot with TQ=150,  p11.NEW->READY                                   (running=__  RQ=[11]  nexit=0)
@00000005   p11.READY->RUNNING,  p11.RUNNING->BLOCKED(usb),  p11.request_databus  (running=__  RQ=[]  nexit=0)
@00000010   p12.NEW->READY                                                        (running=__  RQ=[12]  nexit=0)
@00000015   p12.READY->RUNNING                                                    (running=p12  RQ=[]  nexit=0)
@00000020   p12.RUNNING->BLOCKED(floppy)                                          (running=__  RQ=[]  nexit=0)
@00000050   p13.NEW->READY                                                        (running=__  RQ=[13]  nexit=0)
@00000055   p13.READY->RUNNING                                                    (running=p13  RQ=[]  nexit=0)
@00000060   p11.release_databus,  p11.BLOCKED(usb)->READY,  p12.request_databus   (running=p13  RQ=[11]  nexit=0)
@00000065   p13.RUNNING->BLOCKED(ssd)                                             (running=__  RQ=[11]  nexit=0)
@00000070   p11.READY->RUNNING                                                    (running=p11  RQ=[]  nexit=0)
@00000125   p11.RUNNING->EXIT                                                     (running=__  RQ=[]  nexit=1)
@00001565   p12.release_databus,  p12.BLOCKED(floppy)->READY,  p13.request_databus(running=__  RQ=[12]  nexit=1)
@00001570   p12.READY->RUNNING                                                    (running=p12  RQ=[]  nexit=1)
@00001605   p12.RUNNING->EXIT                                                     (running=__  RQ=[]  nexit=2)
@00001620   p13.release_databus,  p13.BLOCKED(ssd)->READY                         (running=__  RQ=[13]  nexit=2)
@00001625   p13.READY->RUNNING                                                    (running=p13  RQ=[]  nexit=2)
@00001775   p13.freshTQ                                                           (running=p13  RQ=[]  nexit=2)
@00001815   p13.RUNNING->EXIT                                                     (running=__  RQ=[]  nexit=3)
total_process_completion_time 150 1815

@00000000   reboot with TQ=160,  p11.NEW->READY                                   (running=__  RQ=[11]  nexit=0)
@00000005   p11.READY->RUNNING,  p11.RUNNING->BLOCKED(usb),  p11.request_databus  (running=__  RQ=[]  nexit=0)
@00000010   p12.NEW->READY                                                        (running=__  RQ=[12]  nexit=0)
@00000015   p12.READY->RUNNING                                                    (running=p12  RQ=[]  nexit=0)
@00000020   p12.RUNNING->BLOCKED(floppy)                                          (running=__  RQ=[]  nexit=0)
@00000050   p13.NEW->READY                                                        (running=__  RQ=[13]  nexit=0)
@00000055   p13.READY->RUNNING                                                    (running=p13  RQ=[]  nexit=0)
@00000060   p11.release_databus,  p11.BLOCKED(usb)->READY,  p12.request_databus   (running=p13  RQ=[11]  nexit=0)
@00000065   p13.RUNNING->BLOCKED(ssd)                                             (running=__  RQ=[11]  nexit=0)
@00000070   p11.READY->RUNNING                                                    (running=p11  RQ=[]  nexit=0)
@00000125   p11.RUNNING->EXIT                                                     (running=__  RQ=[]  nexit=1)
@00001565   p12.release_databus,  p12.BLOCKED(floppy)->READY,  p13.request_databus(running=__  RQ=[12]  nexit=1)
@00001570   p12.READY->RUNNING                                                    (running=p12  RQ=[]  nexit=1)
@00001605   p12.RUNNING->EXIT                                                     (running=__  RQ=[]  nexit=2)
@00001620   p13.release_databus,  p13.BLOCKED(ssd)->READY                         (running=__  RQ=[13]  nexit=2)
@00001625   p13.READY->RUNNING                                                    (running=p13  RQ=[]  nexit=2)
@00001785   p13.freshTQ                                                           (running=p13  RQ=[]  nexit=2)
@00001815   p13.RUNNING->EXIT                                                     (running=__  RQ=[]  nexit=3)
total_process_completion_time 160 1815

@00000000   reboot with TQ=170,  p11.NEW->READY                                   (running=__  RQ=[11]  nexit=0)
@00000005   p11.READY->RUNNING,  p11.RUNNING->BLOCKED(usb),  p11.request_databus  (running=__  RQ=[]  nexit=0)
@00000010   p12.NEW->READY                                                        (running=__  RQ=[12]  nexit=0)
@00000015   p12.READY->RUNNING                                                    (running=p12  RQ=[]  nexit=0)
@00000020   p12.RUNNING->BLOCKED(floppy)                                          (running=__  RQ=[]  nexit=0)
@00000050   p13.NEW->READY                                                        (running=__  RQ=[13]  nexit=0)
@00000055   p13.READY->RUNNING                                                    (running=p13  RQ=[]  nexit=0)
@00000060   p11.release_databus,  p11.BLOCKED(usb)->READY,  p12.request_databus   (running=p13  RQ=[11]  nexit=0)
@00000065   p13.RUNNING->BLOCKED(ssd)                                             (running=__  RQ=[11]  nexit=0)
@00000070   p11.READY->RUNNING                                                    (running=p11  RQ=[]  nexit=0)
@00000125   p11.RUNNING->EXIT                                                     (running=__  RQ=[]  nexit=1)
@00001565   p12.release_databus,  p12.BLOCKED(floppy)->READY,  p13.request_databus(running=__  RQ=[12]  nexit=1)
@00001570   p12.READY->RUNNING                                                    (running=p12  RQ=[]  nexit=1)
@00001605   p12.RUNNING->EXIT                                                     (running=__  RQ=[]  nexit=2)
@00001620   p13.release_databus,  p13.BLOCKED(ssd)->READY                         (running=__  RQ=[13]  nexit=2)
@00001625   p13.READY->RUNNING                                                    (running=p13  RQ=[]  nexit=2)
@00001795   p13.freshTQ                                                           (running=p13  RQ=[]  nexit=2)
@00001815   p13.RUNNING->EXIT                                                     (running=__  RQ=[]  nexit=3)
total_process_completion_time 170 1815

@00000000   reboot with TQ=180,  p11.NEW->READY                                   (running=__  RQ=[11]  nexit=0)
@00000005   p11.READY->RUNNING,  p11.RUNNING->BLOCKED(usb),  p11.request_databus  (running=__  RQ=[]  nexit=0)
@00000010   p12.NEW->READY                                                        (running=__  RQ=[12]  nexit=0)
@00000015   p12.READY->RUNNING                                                    (running=p12  RQ=[]  nexit=0)
@00000020   p12.RUNNING->BLOCKED(floppy)                                          (running=__  RQ=[]  nexit=0)
@00000050   p13.NEW->READY                                                        (running=__  RQ=[13]  nexit=0)
@00000055   p13.READY->RUNNING                                                    (running=p13  RQ=[]  nexit=0)
@00000060   p11.release_databus,  p11.BLOCKED(usb)->READY,  p12.request_databus   (running=p13  RQ=[11]  nexit=0)
@00000065   p13.RUNNING->BLOCKED(ssd)                                             (running=__  RQ=[11]  nexit=0)
@00000070   p11.READY->RUNNING                                                    (running=p11  RQ=[]  nexit=0)
@00000125   p11.RUNNING->EXIT                                                     (running=__  RQ=[]  nexit=1)
@00001565   p12.release_databus,  p12.BLOCKED(floppy)->READY,  p13.request_databus(running=__  RQ=[12]  nexit=1)
@00001570   p12.READY->RUNNING                                                    (running=p12  RQ=[]  nexit=1)
@00001605   p12.RUNNING->EXIT                                                     (running=__  RQ=[]  nexit=2)
@00001620   p13.release_databus,  p13.BLOCKED(ssd)->READY                         (running=__  RQ=[13]  nexit=2)
@00001625   p13.READY->RUNNING                                                    (running=p13  RQ=[]  nexit=2)
@00001805   p13.freshTQ                                                           (running=p13  RQ=[]  nexit=2)
@00001815   p13.RUNNING->EXIT                                                     (running=__  RQ=[]  nexit=3)
total_process_completion_time 180 1815

@00000000   reboot with TQ=190,  p11.NEW->READY                                   (running=__  RQ=[11]  nexit=0)
@00000005   p11.READY->RUNNING,  p11.RUNNING->BLOCKED(usb),  p11.request_databus  (running=__  RQ=[]  nexit=0)
@00000010   p12.NEW->READY                                                        (running=__  RQ=[12]  nexit=0)
@00000015   p12.READY->RUNNING                                                    (running=p12  RQ=[]  nexit=0)
@00000020   p12.RUNNING->BLOCKED(floppy)                                          (running=__  RQ=[]  nexit=0)
@00000050   p13.NEW->READY                                                        (running=__  RQ=[13]  nexit=0)
@00000055   p13.READY->RUNNING                                                    (running=p13  RQ=[]  nexit=0)
@00000060   p11.release_databus,  p11.BLOCKED(usb)->READY,  p12.request_databus   (running=p13  RQ=[11]  nexit=0)
@00000065   p13.RUNNING->BLOCKED(ssd)                                             (running=__  RQ=[11]  nexit=0)
@00000070   p11.READY->RUNNING                                                    (running=p11  RQ=[]  nexit=0)
@00000125   p11.RUNNING->EXIT                                                     (running=__  RQ=[]  nexit=1)
@00001565   p12.release_databus,  p12.BLOCKED(floppy)->READY,  p13.request_databus(running=__  RQ=[12]  nexit=1)
@00001570   p12.READY->RUNNING                                                    (running=p12  RQ=[]  nexit=1)
@00001605   p12.RUNNING->EXIT                                                     (running=__  RQ=[]  nexit=2)
@00001620   p13.release_databus,  p13.BLOCKED(ssd)->READY                         (running=__  RQ=[13]  nexit=2)
@00001625   p13.READY->RUNNING                                                    (running=p13  RQ=[]  nexit=2)
@00001815   p13.RUNNING->EXIT                                                     (running=__  RQ=[]  nexit=3)
total_process_completion_time 190 1815

@00000000   reboot with TQ=200,  p11.NEW->READY                                   (running=__  RQ=[11]  nexit=0)
@00000005   p11.READY->RUNNING,  p11.RUNNING->BLOCKED(usb),  p11.request_databus  (running=__  RQ=[]  nexit=0)
@00000010   p12.NEW->READY                                                        (running=__  RQ=[12]  nexit=0)
@00000015   p12.READY->RUNNING                                                    (running=p12  RQ=[]  nexit=0)
@00000020   p12.RUNNING->BLOCKED(floppy)                                          (running=__  RQ=[]  nexit=0)
@00000050   p13.NEW->READY                                                        (running=__  RQ=[13]  nexit=0)
@00000055   p13.READY->RUNNING                                                    (running=p13  RQ=[]  nexit=0)
@00000060   p11.release_databus,  p11.BLOCKED(usb)->READY,  p12.request_databus   (running=p13  RQ=[11]  nexit=0)
@00000065   p13.RUNNING->BLOCKED(ssd)                                             (running=__  RQ=[11]  nexit=0)
@00000070   p11.READY->RUNNING                                                    (running=p11  RQ=[]  nexit=0)
@00000125   p11.RUNNING->EXIT                                                     (running=__  RQ=[]  nexit=1)
@00001565   p12.release_databus,  p12.BLOCKED(floppy)->READY,  p13.request_databus(running=__  RQ=[12]  nexit=1)
@00001570   p12.READY->RUNNING                                                    (running=p12  RQ=[]  nexit=1)
@00001605   p12.RUNNING->EXIT                                                     (running=__  RQ=[]  nexit=2)
@00001620   p13.release_databus,  p13.BLOCKED(ssd)->READY                         (running=__  RQ=[13]  nexit=2)
@00001625   p13.READY->RUNNING                                                    (running=p13  RQ=[]  nexit=2)
@00001815   p13.RUNNING->EXIT                                                     (running=__  RQ=[]  nexit=3)
total_process_completion_time 200 1815

# reporting the longest time_quantum resulting in the shortest total_process_completion_time
best 200 1815