@00000000   reboot with TQ=10,  p1.NEW->READY                                     (running=__  RQ=[1]  nexit=0)
@00000005   p1.READY->RUNNING,  p1.RUNNING->BLOCKED(usb),  p1.request_databus     (running=__  RQ=[]  nexit=0)
@00000055   p21.NEW->READY,  p22.NEW->READY                                       (running=__  RQ=[21,22]  nexit=0)
@00000060   p31.NEW->READY,  p32.NEW->READY,  p33.NEW->READY,  p21.READY->RUNNING (running=p21  RQ=[22,31,32,33]  nexit=0)
@00000070   p21.RUNNING->BLOCKED(usb)                                             (running=__  RQ=[22,31,32,33]  nexit=0)
@00000075   p22.READY->RUNNING                                                    (running=p22  RQ=[31,32,33]  nexit=0)
@00000085   p22.RUNNING->BLOCKED(usb)                                             (running=__  RQ=[31,32,33]  nexit=0)
@00000090   p31.READY->RUNNING                                                    (running=p31  RQ=[32,33]  nexit=0)
@00000100   p31.RUNNING->BLOCKED(usb)                                             (running=__  RQ=[32,33]  nexit=0)
@00000105   p32.READY->RUNNING                                                    (running=p32  RQ=[33]  nexit=0)
@00000110   p1.release_databus,  p1.BLOCKED(usb)->READY,  p21.request_databus     (running=p32  RQ=[33,1]  nexit=0)
@00000115   p32.RUNNING->BLOCKED(usb)                                             (running=__  RQ=[33,1]  nexit=0)
@00000120   p33.READY->RUNNING                                                    (running=p33  RQ=[1]  nexit=0)
@00000130   p33.RUNNING->BLOCKED(usb)                                             (running=__  RQ=[1]  nexit=0)
@00000135   p1.READY->RUNNING                                                     (running=p1  RQ=[]  nexit=0)
@00000145   p1.freshTQ                                                            (running=p1  RQ=[]  nexit=0)
@00000155   p1.freshTQ                                                            (running=p1  RQ=[]  nexit=0)
@00000165   p1.freshTQ                                                            (running=p1  RQ=[]  nexit=0)
@00000175   p1.freshTQ                                                            (running=p1  RQ=[]  nexit=0)
@00000185   p1.RUNNING->EXIT                                                      (running=__  RQ=[]  nexit=1)
@00000215   p21.release_databus,  p21.BLOCKED(usb)->READY,  p22.request_databus   (running=__  RQ=[21]  nexit=1)
@00000220   p21.READY->RUNNING                                                    (running=p21  RQ=[]  nexit=1)
@00000230   p21.freshTQ                                                           (running=p21  RQ=[]  nexit=1)
@00000240   p21.freshTQ                                                           (running=p21  RQ=[]  nexit=1)
@00000250   p21.freshTQ                                                           (running=p21  RQ=[]  nexit=1)
@00000260   p21.freshTQ                                                           (running=p21  RQ=[]  nexit=1)
@00000270   p21.freshTQ                                                           (running=p21  RQ=[]  nexit=1)
@00000280   p21.freshTQ                                                           (running=p21  RQ=[]  nexit=1)
@00000290   p21.freshTQ                                                           (running=p21  RQ=[]  nexit=1)
@00000300   p21.freshTQ                                                           (running=p21  RQ=[]  nexit=1)
@00000310   p21.RUNNING->EXIT                                                     (running=__  RQ=[]  nexit=2)
@00000320   p22.release_databus,  p22.BLOCKED(usb)->READY,  p31.request_databus   (running=__  RQ=[22]  nexit=2)
@00000325   p22.READY->RUNNING                                                    (running=p22  RQ=[]  nexit=2)
@00000335   p22.freshTQ                                                           (running=p22  RQ=[]  nexit=2)
@00000345   p22.freshTQ                                                           (running=p22  RQ=[]  nexit=2)
@00000355   p22.freshTQ                                                           (running=p22  RQ=[]  nexit=2)
@00000365   p22.freshTQ                                                           (running=p22  RQ=[]  nexit=2)
@00000375   p22.freshTQ                                                           (running=p22  RQ=[]  nexit=2)
@00000385   p22.freshTQ                                                           (running=p22  RQ=[]  nexit=2)
@00000395   p22.freshTQ                                                           (running=p22  RQ=[]  nexit=2)
@00000405   p22.freshTQ                                                           (running=p22  RQ=[]  nexit=2)
@00000415   p22.RUNNING->EXIT                                                     (running=__  RQ=[]  nexit=3)
@00000425   p31.release_databus,  p31.BLOCKED(usb)->READY,  p32.request_databus   (running=__  RQ=[31]  nexit=3)
@00000430   p31.READY->RUNNING                                                    (running=p31  RQ=[]  nexit=3)
@00000440   p31.freshTQ                                                           (running=p31  RQ=[]  nexit=3)
@00000450   p31.freshTQ                                                           (running=p31  RQ=[]  nexit=3)
@00000460   p31.freshTQ                                                           (running=p31  RQ=[]  nexit=3)
@00000470   p31.freshTQ                                                           (running=p31  RQ=[]  nexit=3)
@00000480   p31.freshTQ                                                           (running=p31  RQ=[]  nexit=3)
@00000490   p31.freshTQ                                                           (running=p31  RQ=[]  nexit=3)
@00000500   p31.freshTQ                                                           (running=p31  RQ=[]  nexit=3)
@00000510   p31.freshTQ                                                           (running=p31  RQ=[]  nexit=3)
@00000520   p31.RUNNING->EXIT                                                     (running=__  RQ=[]  nexit=4)
@00000530   p32.release_databus,  p32.BLOCKED(usb)->READY,  p33.request_databus   (running=__  RQ=[32]  nexit=4)
@00000535   p32.READY->RUNNING                                                    (running=p32  RQ=[]  nexit=4)
@00000545   p32.freshTQ                                                           (running=p32  RQ=[]  nexit=4)
@00000555   p32.freshTQ                                                           (running=p32  RQ=[]  nexit=4)
@00000565   p32.freshTQ                                                           (running=p32  RQ=[]  nexit=4)
@00000575   p32.freshTQ                                                           (running=p32  RQ=[]  nexit=4)
@00000585   p32.freshTQ                                                           (running=p32  RQ=[]  nexit=4)
@00000595   p32.freshTQ                                                           (running=p32  RQ=[]  nexit=4)
@00000605   p32.freshTQ                                                           (running=p32  RQ=[]  nexit=4)
@00000615   p32.freshTQ                                                           (running=p32  RQ=[]  nexit=4)
@00000625   p32.RUNNING->EXIT                                                     (running=__  RQ=[]  nexit=5)
@00000635   p33.release_databus,  p33.BLOCKED(usb)->READY                         (running=__  RQ=[33]  nexit=5)
@00000640   p33.READY->RUNNING                                                    (running=p33  RQ=[]  nexit=5)
@00000650   p33.freshTQ                                                           (running=p33  RQ=[]  nexit=5)
@00000660   p33.freshTQ                                                           (running=p33  RQ=[]  nexit=5)
@00000670   p33.freshTQ                                                           (running=p33  RQ=[]  nexit=5)
@00000680   p33.freshTQ                                                           (running=p33  RQ=[]  nexit=5)
@00000690   p33.freshTQ                                                           (running=p33  RQ=[]  nexit=5)
@00000700   p33.freshTQ                                                           (running=p33  RQ=[]  nexit=5)
@00000710   p33.freshTQ                                                           (running=p33  RQ=[]  nexit=5)
@00000720   p33.freshTQ                                                           (running=p33  RQ=[]  nexit=5)
@00000730   p33.RUNNING->EXIT                                                     (running=__  RQ=[]  nexit=6)
total_process_completion_time 10 730

@00000000   reboot with TQ=20,  p1.NEW->READY                                     (running=__  RQ=[1]  nexit=0)
@00000005   p1.READY->RUNNING,  p1.RUNNING->BLOCKED(usb),  p1.request_databus     (running=__  RQ=[]  nexit=0)
@00000055   p21.NEW->READY,  p22.NEW->READY                                       (running=__  RQ=[21,22]  nexit=0)
@00000060   p31.NEW->READY,  p32.NEW->READY,  p33.NEW->READY,  p21.READY->RUNNING (running=p21  RQ=[22,31,32,33]  nexit=0)
@00000070   p21.RUNNING->BLOCKED(usb)                                             (running=__  RQ=[22,31,32,33]  nexit=0)
@00000075   p22.READY->RUNNING                                                    (running=p22  RQ=[31,32,33]  nexit=0)
@00000085   p22.RUNNING->BLOCKED(usb)                                             (running=__  RQ=[31,32,33]  nexit=0)
@00000090   p31.READY->RUNNING                                                    (running=p31  RQ=[32,33]  nexit=0)
@00000100   p31.RUNNING->BLOCKED(usb)                                             (running=__  RQ=[32,33]  nexit=0)
@00000105   p32.READY->RUNNING                                                    (running=p32  RQ=[33]  nexit=0)
@00000110   p1.release_databus,  p1.BLOCKED(usb)->READY,  p21.request_databus     (running=p32  RQ=[33,1]  nexit=0)
@00000115   p32.RUNNING->BLOCKED(usb)                                             (running=__  RQ=[33,1]  nexit=0)
@00000120   p33.READY->RUNNING                                                    (running=p33  RQ=[1]  nexit=0)
@00000130   p33.RUNNING->BLOCKED(usb)                                             (running=__  RQ=[1]  nexit=0)
@00000135   p1.READY->RUNNING                                                     (running=p1  RQ=[]  nexit=0)
@00000155   p1.freshTQ                                                            (running=p1  RQ=[]  nexit=0)
@00000175   p1.freshTQ                                                            (running=p1  RQ=[]  nexit=0)
@00000185   p1.RUNNING->EXIT                                                      (running=__  RQ=[]  nexit=1)
@00000215   p21.release_databus,  p21.BLOCKED(usb)->READY,  p22.request_databus   (running=__  RQ=[21]  nexit=1)
@00000220   p21.READY->RUNNING                                                    (running=p21  RQ=[]  nexit=1)
@00000240   p21.freshTQ                                                           (running=p21  RQ=[]  nexit=1)
@00000260   p21.freshTQ                                                           (running=p21  RQ=[]  nexit=1)
@00000280   p21.freshTQ                                                           (running=p21  RQ=[]  nexit=1)
@00000300   p21.freshTQ                                                           (running=p21  RQ=[]  nexit=1)
@00000310   p21.RUNNING->EXIT                                                     (running=__  RQ=[]  nexit=2)
@00000320   p22.release_databus,  p22.BLOCKED(usb)->READY,  p31.request_databus   (running=__  RQ=[22]  nexit=2)
@00000325   p22.READY->RUNNING                                                    (running=p22  RQ=[]  nexit=2)
@00000345   p22.freshTQ                                                           (running=p22  RQ=[]  nexit=2)
@00000365   p22.freshTQ                                                           (running=p22  RQ=[]  nexit=2)
@00000385   p22.freshTQ                                                           (running=p22  RQ=[]  nexit=2)
@00000405   p22.freshTQ                                                           (running=p22  RQ=[]  nexit=2)
@00000415   p22.RUNNING->EXIT                                                     (running=__  RQ=[]  nexit=3)
@00000425   p31.release_databus,  p31.BLOCKED(usb)->READY,  p32.request_databus   (running=__  RQ=[31]  nexit=3)
@00000430   p31.READY->RUNNING                                                    (running=p31  RQ=[]  nexit=3)
@00000450   p31.freshTQ                                                           (running=p31  RQ=[]  nexit=3)
@00000470   p31.freshTQ                                                           (running=p31  RQ=[]  nexit=3)
@00000490   p31.freshTQ                                                           (running=p31  RQ=[]  nexit=3)
@00000510   p31.freshTQ                                                           (running=p31  RQ=[]  nexit=3)
@00000520   p31.RUNNING->EXIT                                                     (running=__  RQ=[]  nexit=4)
@00000530   p32.release_databus,  p32.BLOCKED(usb)->READY,  p33.request_databus   (running=__  RQ=[32]  nexit=4)
@00000535   p32.READY->RUNNING                                                    (running=p32  RQ=[]  nexit=4)
@00000555   p32.freshTQ                                                           (running=p32  RQ=[]  nexit=4)
@00000575   p32.freshTQ                                                           (running=p32  RQ=[]  nexit=4)
@00000595   p32.freshTQ                                                           (running=p32  RQ=[]  nexit=4)
@00000615   p32.freshTQ                                                           (running=p32  RQ=[]  nexit=4)
@00000625   p32.RUNNING->EXIT                                                     (running=__  RQ=[]  nexit=5)
@00000635   p33.release_databus,  p33.BLOCKED(usb)->READY                         (running=__  RQ=[33]  nexit=5)
@00000640   p33.READY->RUNNING                                                    (running=p33  RQ=[]  nexit=5)
@00000660   p33.freshTQ                                                           (running=p33  RQ=[]  nexit=5)
@00000680   p33.freshTQ                                                           (running=p33  RQ=[]  nexit=5)
@00000700   p33.freshTQ                                                           (running=p33  RQ=[]  nexit=5)
@00000720   p33.freshTQ                                                           (running=p33  RQ=[]  nexit=5)
@00000730   p33.RUNNING->EXIT                                                     (running=__  RQ=[]  nexit=6)
total_process_completion_time 20 730

@00000000   reboot with TQ=30,  p1.NEW->READY                                     (running=__  RQ=[1]  nexit=0)
@00000005   p1.READY->RUNNING,  p1.RUNNING->BLOCKED(usb),  p1.request_databus     (running=__  RQ=[]  nexit=0)
@00000055   p21.NEW->READY,  p22.NEW->READY                                       (running=__  RQ=[21,22]  nexit=0)
@00000060   p31.NEW->READY,  p32.NEW->READY,  p33.NEW->READY,  p21.READY->RUNNING (running=p21  RQ=[22,31,32,33]  nexit=0)
@00000070   p21.RUNNING->BLOCKED(usb)                                             (running=__  RQ=[22,31,32,33]  nexit=0)
@00000075   p22.READY->RUNNING                                                    (running=p22  RQ=[31,32,33]  nexit=0)
@00000085   p22.RUNNING->BLOCKED(usb)                                             (running=__  RQ=[31,32,33]  nexit=0)
@00000090   p31.READY->RUNNING                                                    (running=p31  RQ=[32,33]  nexit=0)
@00000100   p31.RUNNING->BLOCKED(usb)                                             (running=__  RQ=[32,33]  nexit=0)
@00000105   p32.READY->RUNNING                                                    (running=p32  RQ=[33]  nexit=0)
@00000110   p1.release_databus,  p1.BLOCKED(usb)->READY,  p21.request_databus     (running=p32  RQ=[33,1]  nexit=0)
@00000115   p32.RUNNING->BLOCKED(usb)                                             (running=__  RQ=[33,1]  nexit=0)
@00000120   p33.READY->RUNNING                                                    (running=p33  RQ=[1]  nexit=0)
@00000130   p33.RUNNING->BLOCKED(usb)                                             (running=__  RQ=[1]  nexit=0)
@00000135   p1.READY->RUNNING                                                     (running=p1  RQ=[]  nexit=0)
@00000165   p1.freshTQ                                                            (running=p1  RQ=[]  nexit=0)
@00000185   p1.RUNNING->EXIT                                                      (running=__  RQ=[]  nexit=1)
@00000215   p21.release_databus,  p21.BLOCKED(usb)->READY,  p22.request_databus   (running=__  RQ=[21]  nexit=1)
@00000220   p21.READY->RUNNING                                                    (running=p21  RQ=[]  nexit=1)
@00000250   p21.freshTQ                                                           (running=p21  RQ=[]  nexit=1)
@00000280   p21.freshTQ                                                           (running=p21  RQ=[]  nexit=1)
@00000310   p21.RUNNING->EXIT                                                     (running=__  RQ=[]  nexit=2)
@00000320   p22.release_databus,  p22.BLOCKED(usb)->READY,  p31.request_databus   (running=__  RQ=[22]  nexit=2)
@00000325   p22.READY->RUNNING                                                    (running=p22  RQ=[]  nexit=2)
@00000355   p22.freshTQ                                                           (running=p22  RQ=[]  nexit=2)
@00000385   p22.freshTQ                                                           (running=p22  RQ=[]  nexit=2)
@00000415   p22.RUNNING->EXIT                                                     (running=__  RQ=[]  nexit=3)
@00000425   p31.release_databus,  p31.BLOCKED(usb)->READY,  p32.request_databus   (running=__  RQ=[31]  nexit=3)
@00000430   p31.READY->RUNNING                                                    (running=p31  RQ=[]  nexit=3)
@00000460   p31.freshTQ                                                           (running=p31  RQ=[]  nexit=3)
@00000490   p31.freshTQ                                                           (running=p31  RQ=[]  nexit=3)
@00000520   p31.RUNNING->EXIT                                                     (running=__  RQ=[]  nexit=4)
@00000530   p32.release_databus,  p32.BLOCKED(usb)->READY,  p33.request_databus   (running=__  RQ=[32]  nexit=4)
@00000535   p32.READY->RUNNING                                                    (running=p32  RQ=[]  nexit=4)
@00000565   p32.freshTQ                                                           (running=p32  RQ=[]  nexit=4)
@00000595   p32.freshTQ                                                           (running=p32  RQ=[]  nexit=4)
@00000625   p32.RUNNING->EXIT                                                     (running=__  RQ=[]  nexit=5)
@00000635   p33.release_databus,  p33.BLOCKED(usb)->READY                         (running=__  RQ=[33]  nexit=5)
@00000640   p33.READY->RUNNING                                                    (running=p33  RQ=[]  nexit=5)
@00000670   p33.freshTQ                                                           (running=p33  RQ=[]  nexit=5)
@00000700   p33.freshTQ                                                           (running=p33  RQ=[]  nexit=5)
@00000730   p33.RUNNING->EXIT                                                     (running=__  RQ=[]  nexit=6)
total_process_completion_time 30 730

@00000000   reboot with TQ=40,  p1.NEW->READY                                     (running=__  RQ=[1]  nexit=0)
@00000005   p1.READY->RUNNING,  p1.RUNNING->BLOCKED(usb),  p1.request_databus     (running=__  RQ=[]  nexit=0)
@00000055   p21.NEW->READY,  p22.NEW->READY                                       (running=__  RQ=[21,22]  nexit=0)
@00000060   p31.NEW->READY,  p32.NEW->READY,  p33.NEW->READY,  p21.READY->RUNNING (running=p21  RQ=[22,31,32,33]  nexit=0)
@00000070   p21.RUNNING->BLOCKED(usb)                                             (running=__  RQ=[22,31,32,33]  nexit=0)
@00000075   p22.READY->RUNNING                                                    (running=p22  RQ=[31,32,33]  nexit=0)
@00000085   p22.RUNNING->BLOCKED(usb)                                             (running=__  RQ=[31,32,33]  nexit=0)
@00000090   p31.READY->RUNNING                                                    (running=p31  RQ=[32,33]  nexit=0)
@00000100   p31.RUNNING->BLOCKED(usb)                                             (running=__  RQ=[32,33]  nexit=0)
@00000105   p32.READY->RUNNING                                                    (running=p32  RQ=[33]  nexit=0)
@00000110   p1.release_databus,  p1.BLOCKED(usb)->READY,  p21.request_databus     (running=p32  RQ=[33,1]  nexit=0)
@00000115   p32.RUNNING->BLOCKED(usb)                                             (running=__  RQ=[33,1]  nexit=0)
@00000120   p33.READY->RUNNING                                                    (running=p33  RQ=[1]  nexit=0)
@00000130   p33.RUNNING->BLOCKED(usb)                                             (running=__  RQ=[1]  nexit=0)
@00000135   p1.READY->RUNNING                                                     (running=p1  RQ=[]  nexit=0)
@00000175   p1.freshTQ                                                            (running=p1  RQ=[]  nexit=0)
@00000185   p1.RUNNING->EXIT                                                      (running=__  RQ=[]  nexit=1)
@00000215   p21.release_databus,  p21.BLOCKED(usb)->READY,  p22.request_databus   (running=__  RQ=[21]  nexit=1)
@00000220   p21.READY->RUNNING                                                    (running=p21  RQ=[]  nexit=1)
@00000260   p21.freshTQ                                                           (running=p21  RQ=[]  nexit=1)
@00000300   p21.freshTQ                                                           (running=p21  RQ=[]  nexit=1)
@00000310   p21.RUNNING->EXIT                                                     (running=__  RQ=[]  nexit=2)
@00000320   p22.release_databus,  p22.BLOCKED(usb)->READY,  p31.request_databus   (running=__  RQ=[22]  nexit=2)
@00000325   p22.READY->RUNNING                                                    (running=p22  RQ=[]  nexit=2)
@00000365   p22.freshTQ                                                           (running=p22  RQ=[]  nexit=2)
@00000405   p22.freshTQ                                                           (running=p22  RQ=[]  nexit=2)
@00000415   p22.RUNNING->EXIT                                                     (running=__  RQ=[]  nexit=3)
@00000425   p31.release_databus,  p31.BLOCKED(usb)->READY,  p32.request_databus   (running=__  RQ=[31]  nexit=3)
@00000430   p31.READY->RUNNING                                                    (running=p31  RQ=[]  nexit=3)
@00000470   p31.freshTQ                                                           (running=p31  RQ=[]  nexit=3)
@00000510   p31.freshTQ                                                           (running=p31  RQ=[]  nexit=3)
@00000520   p31.RUNNING->EXIT                                                     (running=__  RQ=[]  nexit=4)
@00000530   p32.release_databus,  p32.BLOCKED(usb)->READY,  p33.request_databus   (running=__  RQ=[32]  nexit=4)
@00000535   p32.READY->RUNNING                                                    (running=p32  RQ=[]  nexit=4)
@00000575   p32.freshTQ                                                           (running=p32  RQ=[]  nexit=4)
@00000615   p32.freshTQ                                                           (running=p32  RQ=[]  nexit=4)
@00000625   p32.RUNNING->EXIT                                                     (running=__  RQ=[]  nexit=5)
@00000635   p33.release_databus,  p33.BLOCKED(usb)->READY                         (running=__  RQ=[33]  nexit=5)
@00000640   p33.READY->RUNNING                                                    (running=p33  RQ=[]  nexit=5)
@00000680   p33.freshTQ                                                           (running=p33  RQ=[]  nexit=5)
@00000720   p33.freshTQ                                                           (running=p33  RQ=[]  nexit=5)
@00000730   p33.RUNNING->EXIT                                                     (running=__  RQ=[]  nexit=6)
total_process_completion_time 40 730

@00000000   reboot with TQ=50,  p1.NEW->READY                                     (running=__  RQ=[1]  nexit=0)
@00000005   p1.READY->RUNNING,  p1.RUNNING->BLOCKED(usb),  p1.request_databus     (running=__  RQ=[]  nexit=0)
@00000055   p21.NEW->READY,  p22.NEW->READY                                       (running=__  RQ=[21,22]  nexit=0)
@00000060   p31.NEW->READY,  p32.NEW->READY,  p33.NEW->READY,  p21.READY->RUNNING (running=p21  RQ=[22,31,32,33]  nexit=0)
@00000070   p21.RUNNING->BLOCKED(usb)                                             (running=__  RQ=[22,31,32,33]  nexit=0)
@00000075   p22.READY->RUNNING                                                    (running=p22  RQ=[31,32,33]  nexit=0)
@00000085   p22.RUNNING->BLOCKED(usb)                                             (running=__  RQ=[31,32,33]  nexit=0)
@00000090   p31.READY->RUNNING                                                    (running=p31  RQ=[32,33]  nexit=0)
@00000100   p31.RUNNING->BLOCKED(usb)                                             (running=__  RQ=[32,33]  nexit=0)
@00000105   p32.READY->RUNNING                                                    (running=p32  RQ=[33]  nexit=0)
@00000110   p1.release_databus,  p1.BLOCKED(usb)->READY,  p21.request_databus     (running=p32  RQ=[33,1]  nexit=0)
@00000115   p32.RUNNING->BLOCKED(usb)                                             (running=__  RQ=[33,1]  nexit=0)
@00000120   p33.READY->RUNNING                                                    (running=p33  RQ=[1]  nexit=0)
@00000130   p33.RUNNING->BLOCKED(usb)                                             (running=__  RQ=[1]  nexit=0)
@00000135   p1.READY->RUNNING                                                     (running=p1  RQ=[]  nexit=0)
@00000185   p1.RUNNING->EXIT                                                      (running=__  RQ=[]  nexit=1)
@00000215   p21.release_databus,  p21.BLOCKED(usb)->READY,  p22.request_databus   (running=__  RQ=[21]  nexit=1)
@00000220   p21.READY->RUNNING                                                    (running=p21  RQ=[]  nexit=1)
@00000270   p21.freshTQ                                                           (running=p21  RQ=[]  nexit=1)
@00000310   p21.RUNNING->EXIT                                                     (running=__  RQ=[]  nexit=2)
@00000320   p22.release_databus,  p22.BLOCKED(usb)->READY,  p31.request_databus   (running=__  RQ=[22]  nexit=2)
@00000325   p22.READY->RUNNING                                                    (running=p22  RQ=[]  nexit=2)
@00000375   p22.freshTQ                                                           (running=p22  RQ=[]  nexit=2)
@00000415   p22.RUNNING->EXIT                                                     (running=__  RQ=[]  nexit=3)
@00000425   p31.release_databus,  p31.BLOCKED(usb)->READY,  p32.request_databus   (running=__  RQ=[31]  nexit=3)
@00000430   p31.READY->RUNNING                                                    (running=p31  RQ=[]  nexit=3)
@00000480   p31.freshTQ                                                           (running=p31  RQ=[]  nexit=3)
@00000520   p31.RUNNING->EXIT                                                     (running=__  RQ=[]  nexit=4)
@00000530   p32.release_databus,  p32.BLOCKED(usb)->READY,  p33.request_databus   (running=__  RQ=[32]  nexit=4)
@00000535   p32.READY->RUNNING                                                    (running=p32  RQ=[]  nexit=4)
@00000585   p32.freshTQ                                                           (running=p32  RQ=[]  nexit=4)
@00000625   p32.RUNNING->EXIT                                                     (running=__  RQ=[]  nexit=5)
@00000635   p33.release_databus,  p33.BLOCKED(usb)->READY                         (running=__  RQ=[33]  nexit=5)
@00000640   p33.READY->RUNNING                                                    (running=p33  RQ=[]  nexit=5)
@00000690   p33.freshTQ                                                           (running=p33  RQ=[]  nexit=5)
@00000730   p33.RUNNING->EXIT                                                     (running=__  RQ=[]  nexit=6)
total_process_completion_time 50 730

@00000000   reboot with TQ=60,  p1.NEW->READY                                     (running=__  RQ=[1]  nexit=0)
@00000005   p1.READY->RUNNING,  p1.RUNNING->BLOCKED(usb),  p1.request_databus     (running=__  RQ=[]  nexit=0)
@00000055   p21.NEW->READY,  p22.NEW->READY                                       (running=__  RQ=[21,22]  nexit=0)
@00000060   p31.NEW->READY,  p32.NEW->READY,  p33.NEW->READY,  p21.READY->RUNNING (running=p21  RQ=[22,31,32,33]  nexit=0)
@00000070   p21.RUNNING->BLOCKED(usb)                                             (running=__  RQ=[22,31,32,33]  nexit=0)
@00000075   p22.READY->RUNNING                                                    (running=p22  RQ=[31,32,33]  nexit=0)
@00000085   p22.RUNNING->BLOCKED(usb)                                             (running=__  RQ=[31,32,33]  nexit=0)
@00000090   p31.READY->RUNNING                                                    (running=p31  RQ=[32,33]  nexit=0)
@00000100   p31.RUNNING->BLOCKED(usb)                                             (running=__  RQ=[32,33]  nexit=0)
@00000105   p32.READY->RUNNING                                                    (running=p32  RQ=[33]  nexit=0)
@00000110   p1.release_databus,  p1.BLOCKED(usb)->READY,  p21.request_databus     (running=p32  RQ=[33,1]  nexit=0)
@00000115   p32.RUNNING->BLOCKED(usb)                                             (running=__  RQ=[33,1]  nexit=0)
@00000120   p33.READY->RUNNING                                                    (running=p33  RQ=[1]  nexit=0)
@00000130   p33.RUNNING->BLOCKED(usb)                                             (running=__  RQ=[1]  nexit=0)
@00000135   p1.READY->RUNNING                                                     (running=p1  RQ=[]  nexit=0)
@00000185   p1.RUNNING->EXIT                                                      (running=__  RQ=[]  nexit=1)
@00000215   p21.release_databus,  p21.BLOCKED(usb)->READY,  p22.request_databus   (running=__  RQ=[21]  nexit=1)
@00000220   p21.READY->RUNNING                                                    (running=p21  RQ=[]  nexit=1)
@00000280   p21.freshTQ                                                           (running=p21  RQ=[]  nexit=1)
@00000310   p21.RUNNING->EXIT                                                     (running=__  RQ=[]  nexit=2)
@00000320   p22.release_databus,  p22.BLOCKED(usb)->READY,  p31.request_databus   (running=__  RQ=[22]  nexit=2)
@00000325   p22.READY->RUNNING                                                    (running=p22  RQ=[]  nexit=2)
@00000385   p22.freshTQ                                                           (running=p22  RQ=[]  nexit=2)
@00000415   p22.RUNNING->EXIT                                                     (running=__  RQ=[]  nexit=3)
@00000425   p31.release_databus,  p31.BLOCKED(usb)->READY,  p32.request_databus   (running=__  RQ=[31]  nexit=3)
@00000430   p31.READY->RUNNING                                                    (running=p31  RQ=[]  nexit=3)
@00000490   p31.freshTQ                                                           (running=p31  RQ=[]  nexit=3)
@00000520   p31.RUNNING->EXIT                                                     (running=__  RQ=[]  nexit=4)
@00000530   p32.release_databus,  p32.BLOCKED(usb)->READY,  p33.request_databus   (running=__  RQ=[32]  nexit=4)
@00000535   p32.READY->RUNNING                                                    (running=p32  RQ=[]  nexit=4)
@00000595   p32.freshTQ                                                           (running=p32  RQ=[]  nexit=4)
@00000625   p32.RUNNING->EXIT                                                     (running=__  RQ=[]  nexit=5)
@00000635   p33.release_databus,  p33.BLOCKED(usb)->READY                         (running=__  RQ=[33]  nexit=5)
@00000640   p33.READY->RUNNING                                                    (running=p33  RQ=[]  nexit=5)
@00000700   p33.freshTQ                                                           (running=p33  RQ=[]  nexit=5)
@00000730   p33.RUNNING->EXIT                                                     (running=__  RQ=[]  nexit=6)
total_process_completion_time 60 730

@00000000   reboot with TQ=70,  p1.NEW->READY                                     (running=__  RQ=[1]  nexit=0)
@00000005   p1.READY->RUNNING,  p1.RUNNING->BLOCKED(usb),  p1.request_databus     (running=__  RQ=[]  nexit=0)
@00000055   p21.NEW->READY,  p22.NEW->READY                                       (running=__  RQ=[21,22]  nexit=0)
@00000060   p31.NEW->READY,  p32.NEW->READY,  p33.NEW->READY,  p21.READY->RUNNING (running=p21  RQ=[22,31,32,33]  nexit=0)
@00000070   p21.RUNNING->BLOCKED(usb)                                             (running=__  RQ=[22,31,32,33]  nexit=0)
@00000075   p22.READY->RUNNING                                                    (running=p22  RQ=[31,32,33]  nexit=0)
@00000085   p22.RUNNING->BLOCKED(usb)                                             (running=__  RQ=[31,32,33]  nexit=0)
@00000090   p31.READY->RUNNING                                                    (running=p31  RQ=[32,33]  nexit=0)
@00000100   p31.RUNNING->BLOCKED(usb)                                             (running=__  RQ=[32,33]  nexit=0)
@00000105   p32.READY->RUNNING                                                    (running=p32  RQ=[33]  nexit=0)
@00000110   p1.release_databus,  p1.BLOCKED(usb)->READY,  p21.request_databus     (running=p32  RQ=[33,1]  nexit=0)
@00000115   p32.RUNNING->BLOCKED(usb)                                             (running=__  RQ=[33,1]  nexit=0)
@00000120   p33.READY->RUNNING                                                    (running=p33  RQ=[1]  nexit=0)
@00000130   p33.RUNNING->BLOCKED(usb)                                             (running=__  RQ=[1]  nexit=0)
@00000135   p1.READY->RUNNING                                                     (running=p1  RQ=[]  nexit=0)
@00000185   p1.RUNNING->EXIT                                                      (running=__  RQ=[]  nexit=1)
@00000215   p21.release_databus,  p21.BLOCKED(usb)->READY,  p22.request_databus   (running=__  RQ=[21]  nexit=1)
@00000220   p21.READY->RUNNING                                                    (running=p21  RQ=[]  nexit=1)
@00000290   p21.freshTQ                                                           (running=p21  RQ=[]  nexit=1)
@00000310   p21.RUNNING->EXIT                                                     (running=__  RQ=[]  nexit=2)
@00000320   p22.release_databus,  p22.BLOCKED(usb)->READY,  p31.request_databus   (running=__  RQ=[22]  nexit=2)
@00000325   p22.READY->RUNNING                                                    (running=p22  RQ=[]  nexit=2)
@00000395   p22.freshTQ                                                           (running=p22  RQ=[]  nexit=2)
@00000415   p22.RUNNING->EXIT                                                     (running=__  RQ=[]  nexit=3)
@00000425   p31.release_databus,  p31.BLOCKED(usb)->READY,  p32.request_databus   (running=__  RQ=[31]  nexit=3)
@00000430   p31.READY->RUNNING                                                    (running=p31  RQ=[]  nexit=3)
@00000500   p31.freshTQ                                                           (running=p31  RQ=[]  nexit=3)
@00000520   p31.RUNNING->EXIT                                                     (running=__  RQ=[]  nexit=4)
@00000530   p32.release_databus,  p32.BLOCKED(usb)->READY,  p33.request_databus   (running=__  RQ=[32]  nexit=4)
@00000535   p32.READY->RUNNING                                                    (running=p32  RQ=[]  nexit=4)
@00000605   p32.freshTQ                                                           (running=p32  RQ=[]  nexit=4)
@00000625   p32.RUNNING->EXIT                                                     (running=__  RQ=[]  nexit=5)
@00000635   p33.release_databus,  p33.BLOCKED(usb)->READY                         (running=__  RQ=[33]  nexit=5)
@00000640   p33.READY->RUNNING                                                    (running=p33  RQ=[]  nexit=5)
@00000710   p33.freshTQ                                                           (running=p33  RQ=[]  nexit=5)
@00000730   p33.RUNNING->EXIT                                                     (running=__  RQ=[]  nexit=6)
total_process_completion_time 70 730

@00000000   reboot with TQ=80,  p1.NEW->READY                                     (running=__  RQ=[1]  nexit=0)
@00000005   p1.READY->RUNNING,  p1.RUNNING->BLOCKED(usb),  p1.request_databus     (running=__  RQ=[]  nexit=0)
@00000055   p21.NEW->READY,  p22.NEW->READY                                       (running=__  RQ=[21,22]  nexit=0)
@00000060   p31.NEW->READY,  p32.NEW->READY,  p33.NEW->READY,  p21.READY->RUNNING (running=p21  RQ=[22,31,32,33]  nexit=0)
@00000070   p21.RUNNING->BLOCKED(usb)                                             (running=__  RQ=[22,31,32,33]  nexit=0)
@00000075   p22.READY->RUNNING                                                    (running=p22  RQ=[31,32,33]  nexit=0)
@00000085   p22.RUNNING->BLOCKED(usb)                                             (running=__  RQ=[31,32,33]  nexit=0)
@00000090   p31.READY->RUNNING                                                    (running=p31  RQ=[32,33]  nexit=0)
@00000100   p31.RUNNING->BLOCKED(usb)                                             (running=__  RQ=[32,33]  nexit=0)
@00000105   p32.READY->RUNNING                                                    (running=p32  RQ=[33]  nexit=0)
@00000110   p1.release_databus,  p1.BLOCKED(usb)->READY,  p21.request_databus     (running=p32  RQ=[33,1]  nexit=0)
@00000115   p32.RUNNING->BLOCKED(usb)                                             (running=__  RQ=[33,1]  nexit=0)
@00000120   p33.READY->RUNNING                                                    (running=p33  RQ=[1]  nexit=0)
@00000130   p33.RUNNING->BLOCKED(usb)                                             (running=__  RQ=[1]  nexit=0)
@00000135   p1.READY->RUNNING                                                     (running=p1  RQ=[]  nexit=0)
@00000185   p1.RUNNING->EXIT                                                      (running=__  RQ=[]  nexit=1)
@00000215   p21.release_databus,  p21.BLOCKED(usb)->READY,  p22.request_databus   (running=__  RQ=[21]  nexit=1)
@00000220   p21.READY->RUNNING                                                    (running=p21  RQ=[]  nexit=1)
@00000300   p21.freshTQ                                                           (running=p21  RQ=[]  nexit=1)
@00000310   p21.RUNNING->EXIT                                                     (running=__  RQ=[]  nexit=2)
@00000320   p22.release_databus,  p22.BLOCKED(usb)->READY,  p31.request_databus   (running=__  RQ=[22]  nexit=2)
@00000325   p22.READY->RUNNING                                                    (running=p22  RQ=[]  nexit=2)
@00000405   p22.freshTQ                                                           (running=p22  RQ=[]  nexit=2)
@00000415   p22.RUNNING->EXIT                                                     (running=__  RQ=[]  nexit=3)
@00000425   p31.release_databus,  p31.BLOCKED(usb)->READY,  p32.request_databus   (running=__  RQ=[31]  nexit=3)
@00000430   p31.READY->RUNNING                                                    (running=p31  RQ=[]  nexit=3)
@00000510   p31.freshTQ                                                           (running=p31  RQ=[]  nexit=3)
@00000520   p31.RUNNING->EXIT                                                     (running=__  RQ=[]  nexit=4)
@00000530   p32.release_databus,  p32.BLOCKED(usb)->READY,  p33.request_databus   (running=__  RQ=[32]  nexit=4)
@00000535   p32.READY->RUNNING                                                    (running=p32  RQ=[]  nexit=4)
@00000615   p32.freshTQ                                                           (running=p32  RQ=[]  nexit=4)
@00000625   p32.RUNNING->EXIT                                                     (running=__  RQ=[]  nexit=5)
@00000635   p33.release_databus,  p33.BLOCKED(usb)->READY                         (running=__  RQ=[33]  nexit=5)
@00000640   p33.READY->RUNNING                                                    (running=p33  RQ=[]  nexit=5)
@00000720   p33.freshTQ                                                           (running=p33  RQ=[]  nexit=5)
@00000730   p33.RUNNING->EXIT                                                     (running=__  RQ=[]  nexit=6)
total_process_completion_time 80 730

@00000000   reboot with TQ=90,  p1.NEW->READY                                     (running=__  RQ=[1]  nexit=0)
@00000005   p1.READY->RUNNING,  p1.RUNNING->BLOCKED(usb),  p1.request_databus     (running=__  RQ=[]  nexit=0)
@00000055   p21.NEW->READY,  p22.NEW->READY                                       (running=__  RQ=[21,22]  nexit=0)
@00000060   p31.NEW->READY,  p32.NEW->READY,  p33.NEW->READY,  p21.READY->RUNNING (running=p21  RQ=[22,31,32,33]  nexit=0)
@00000070   p21.RUNNING->BLOCKED(usb)                                             (running=__  RQ=[22,31,32,33]  nexit=0)
@00000075   p22.READY->RUNNING                                                    (running=p22  RQ=[31,32,33]  nexit=0)
@00000085   p22.RUNNING->BLOCKED(usb)                                             (running=__  RQ=[31,32,33]  nexit=0)
@00000090   p31.READY->RUNNING                                                    (running=p31  RQ=[32,33]  nexit=0)
@00000100   p31.RUNNING->BLOCKED(usb)                                             (running=__  RQ=[32,33]  nexit=0)
@00000105   p32.READY->RUNNING                                                    (running=p32  RQ=[33]  nexit=0)
@00000110   p1.release_databus,  p1.BLOCKED(usb)->READY,  p21.request_databus     (running=p32  RQ=[33,1]  nexit=0)
@00000115   p32.RUNNING->BLOCKED(usb)                                             (running=__  RQ=[33,1]  nexit=0)
@00000120   p33.READY->RUNNING                                                    (running=p33  RQ=[1]  nexit=0)
@00000130   p33.RUNNING->BLOCKED(usb)                                             (running=__  RQ=[1]  nexit=0)
@00000135   p1.READY->RUNNING                                                     (running=p1  RQ=[]  nexit=0)
@00000185   p1.RUNNING->EXIT                                                      (running=__  RQ=[]  nexit=1)
@00000215   p21.release_databus,  p21.BLOCKED(usb)->READY,  p22.request_databus   (running=__  RQ=[21]  nexit=1)
@00000220   p21.READY->RUNNING                                                    (running=p21  RQ=[]  nexit=1)
@00000310   p21.RUNNING->EXIT                                                     (running=__  RQ=[]  nexit=2)
@00000320   p22.release_databus,  p22.BLOCKED(usb)->READY,  p31.request_databus   (running=__  RQ=[22]  nexit=2)
@00000325   p22.READY->RUNNING                                                    (running=p22  RQ=[]  nexit=2)
@00000415   p22.RUNNING->EXIT                                                     (running=__  RQ=[]  nexit=3)
@00000425   p31.release_databus,  p31.BLOCKED(usb)->READY,  p32.request_databus   (running=__  RQ=[31]  nexit=3)
@00000430   p31.READY->RUNNING                                                    (running=p31  RQ=[]  nexit=3)
@00000520   p31.RUNNING->EXIT                                                     (running=__  RQ=[]  nexit=4)
@00000530   p32.release_databus,  p32.BLOCKED(usb)->READY,  p33.request_databus   (running=__  RQ=[32]  nexit=4)
@00000535   p32.READY->RUNNING                                                    (running=p32  RQ=[]  nexit=4)
@00000625   p32.RUNNING->EXIT                                                     (running=__  RQ=[]  nexit=5)
@00000635   p33.release_databus,  p33.BLOCKED(usb)->READY                         (running=__  RQ=[33]  nexit=5)
@00000640   p33.READY->RUNNING                                                    (running=p33  RQ=[]  nexit=5)
@00000730   p33.RUNNING->EXIT                                                     (running=__  RQ=[]  nexit=6)
total_process_completion_time 90 730

@00000000   reboot with TQ=100,  p1.NEW->READY                                    (running=__  RQ=[1]  nexit=0)
@00000005   p1.READY->RUNNING,  p1.RUNNING->BLOCKED(usb),  p1.request_databus     (running=__  RQ=[]  nexit=0)
@00000055   p21.NEW->READY,  p22.NEW->READY                                       (running=__  RQ=[21,22]  nexit=0)
@00000060   p31.NEW->READY,  p32.NEW->READY,  p33.NEW->READY,  p21.READY->RUNNING (running=p21  RQ=[22,31,32,33]  nexit=0)
@00000070   p21.RUNNING->BLOCKED(usb)                                             (running=__  RQ=[22,31,32,33]  nexit=0)
@00000075   p22.READY->RUNNING                                                    (running=p22  RQ=[31,32,33]  nexit=0)
@00000085   p22.RUNNING->BLOCKED(usb)                                             (running=__  RQ=[31,32,33]  nexit=0)
@00000090   p31.READY->RUNNING                                                    (running=p31  RQ=[32,33]  nexit=0)
@00000100   p31.RUNNING->BLOCKED(usb)                                             (running=__  RQ=[32,33]  nexit=0)
@00000105   p32.READY->RUNNING                                                    (running=p32  RQ=[33]  nexit=0)
@00000110   p1.release_databus,  p1.BLOCKED(usb)->READY,  p21.request_databus     (running=p32  RQ=[33,1]  nexit=0)
@00000115   p32.RUNNING->BLOCKED(usb)                                             (running=__  RQ=[33,1]  nexit=0)
@00000120   p33.READY->RUNNING                                                    (running=p33  RQ=[1]  nexit=0)
@00000130   p33.RUNNING->BLOCKED(usb)                                             (running=__  RQ=[1]  nexit=0)
@00000135   p1.READY->RUNNING                                                     (running=p1  RQ=[]  nexit=0)
@00000185   p1.RUNNING->EXIT                                                      (running=__  RQ=[]  nexit=1)
@00000215   p21.release_databus,  p21.BLOCKED(usb)->READY,  p22.request_databus   (running=__  RQ=[21]  nexit=1)
@00000220   p21.READY->RUNNING                                                    (running=p21  RQ=[]  nexit=1)
@00000310   p21.RUNNING->EXIT                                                     (running=__  RQ=[]  nexit=2)
@00000320   p22.release_databus,  p22.BLOCKED(usb)->READY,  p31.request_databus   (running=__  RQ=[22]  nexit=2)
@00000325   p22.READY->RUNNING                                                    (running=p22  RQ=[]  nexit=2)
@00000415   p22.RUNNING->EXIT                                                     (running=__  RQ=[]  nexit=3)
@00000425   p31.release_databus,  p31.BLOCKED(usb)->READY,  p32.request_databus   (running=__  RQ=[31]  nexit=3)
@00000430   p31.READY->RUNNING                                                    (running=p31  RQ=[]  nexit=3)
@00000520   p31.RUNNING->EXIT                                                     (running=__  RQ=[]  nexit=4)
@00000530   p32.release_databus,  p32.BLOCKED(usb)->READY,  p33.request_databus   (running=__  RQ=[32]  nexit=4)
@00000535   p32.READY->RUNNING                                                    (running=p32  RQ=[]  nexit=4)
@00000625   p32.RUNNING->EXIT                                                     (running=__  RQ=[]  nexit=5)
@00000635   p33.release_databus,  p33.BLOCKED(usb)->READY                         (running=__  RQ=[33]  nexit=5)
@00000640   p33.READY->RUNNING                                                    (running=p33  RQ=[]  nexit=5)
@00000730   p33.RUNNING->EXIT                                                     (running=__  RQ=[]  nexit=6)
total_process_completion_time 100 730

@00000000   reboot with TQ=110,  p1.NEW->READY                                    (running=__  RQ=[1]  nexit=0)
@00000005   p1.READY->RUNNING,  p1.RUNNING->BLOCKED(usb),  p1.request_databus     (running=__  RQ=[]  nexit=0)
@00000055   p21.NEW->READY,  p22.NEW->READY                                       (running=__  RQ=[21,22]  nexit=0)
@00000060   p31.NEW->READY,  p32.NEW->READY,  p33.NEW->READY,  p21.READY->RUNNING (running=p21  RQ=[22,31,32,33]  nexit=0)
@00000070   p21.RUNNING->BLOCKED(usb)                                             (running=__  RQ=[22,31,32,33]  nexit=0)
@00000075   p22.READY->RUNNING                                                    (running=p22  RQ=[31,32,33]  nexit=0)
@00000085   p22.RUNNING->BLOCKED(usb)                                             (running=__  RQ=[31,32,33]  nexit=0)
@00000090   p31.READY->RUNNING                                                    (running=p31  RQ=[32,33]  nexit=0)
@00000100   p31.RUNNING->BLOCKED(usb)                                             (running=__  RQ=[32,33]  nexit=0)
@00000105   p32.READY->RUNNING                                                    (running=p32  RQ=[33]  nexit=0)
@00000110   p1.release_databus,  p1.BLOCKED(usb)->READY,  p21.request_databus     (running=p32  RQ=[33,1]  nexit=0)
@00000115   p32.RUNNING->BLOCKED(usb)                                             (running=__  RQ=[33,1]  nexit=0)
@00000120   p33.READY->RUNNING                                                    (running=p33  RQ=[1]  nexit=0)
@00000130   p33.RUNNING->BLOCKED(usb)                                             (running=__  RQ=[1]  nexit=0)
@00000135   p1.READY->RUNNING                                                     (running=p1  RQ=[]  nexit=0)
@00000185   p1.RUNNING->EXIT                                                      (running=__  RQ=[]  nexit=1)
@00000215   p21.release_databus,  p21.BLOCKED(usb)->READY,  p22.request_databus   (running=__  RQ=[21]  nexit=1)
@00000220   p21.READY->RUNNING                                                    (running=p21  RQ=[]  nexit=1)
@00000310   p21.RUNNING->EXIT                                                     (running=__  RQ=[]  nexit=2)
@00000320   p22.release_databus,  p22.BLOCKED(usb)->READY,  p31.request_databus   (running=__  RQ=[22]  nexit=2)
@00000325   p22.READY->RUNNING                                                    (running=p22  RQ=[]  nexit=2)
@00000415   p22.RUNNING->EXIT                                                     (running=__  RQ=[]  nexit=3)
@00000425   p31.release_databus,  p31.BLOCKED(usb)->READY,  p32.request_databus   (running=__  RQ=[31]  nexit=3)
@00000430   p31.READY->RUNNING                                                    (running=p31  RQ=[]  nexit=3)
@00000520   p31.RUNNING->EXIT                                                     (running=__  RQ=[]  nexit=4)
@00000530   p32.release_databus,  p32.BLOCKED(usb)->READY,  p33.request_databus   (running=__  RQ=[32]  nexit=4)
@00000535   p32.READY->RUNNING                                                    (running=p32  RQ=[]  nexit=4)
@00000625   p32.RUNNING->EXIT                                                     (running=__  RQ=[]  nexit=5)
@00000635   p33.release_databus,  p33.BLOCKED(usb)->READY                         (running=__  RQ=[33]  nexit=5)
@00000640   p33.READY->RUNNING                                                    (running=p33  RQ=[]  nexit=5)
@00000730   p33.RUNNING->EXIT                                                     (running=__  RQ=[]  nexit=6)
total_process_completion_time 110 730

@00000000   reboot with TQ=120,  p1.NEW->READY                                    (running=__  RQ=[1]  nexit=0)
@00000005   p1.READY->RUNNING,  p1.RUNNING->BLOCKED(usb),  p1.request_databus     (running=__  RQ=[]  nexit=0)
@00000055   p21.NEW->READY,  p22.NEW->READY                                       (running=__  RQ=[21,22]  nexit=0)
@00000060   p31.NEW->READY,  p32.NEW->READY,  p33.NEW->READY,  p21.READY->RUNNING (running=p21  RQ=[22,31,32,33]  nexit=0)
@00000070   p21.RUNNING->BLOCKED(usb)                                             (running=__  RQ=[22,31,32,33]  nexit=0)
@00000075   p22.READY->RUNNING                                                    (running=p22  RQ=[31,32,33]  nexit=0)
@00000085   p22.RUNNING->BLOCKED(usb)                                             (running=__  RQ=[31,32,33]  nexit=0)
@00000090   p31.READY->RUNNING                                                    (running=p31  RQ=[32,33]  nexit=0)
@00000100   p31.RUNNING->BLOCKED(usb)                                             (running=__  RQ=[32,33]  nexit=0)
@00000105   p32.READY->RUNNING                                                    (running=p32  RQ=[33]  nexit=0)
@00000110   p1.release_databus,  p1.BLOCKED(usb)->READY,  p21.request_databus     (running=p32  RQ=[33,1]  nexit=0)
@00000115   p32.RUNNING->BLOCKED(usb)                                             (running=__  RQ=[33,1]  nexit=0)
@00000120   p33.READY->RUNNING                                                    (running=p33  RQ=[1]  nexit=0)
@00000130   p33.RUNNING->BLOCKED(usb)                                             (running=__  RQ=[1]  nexit=0)
@00000135   p1.READY->RUNNING                                                     (running=p1  RQ=[]  nexit=0)
@00000185   p1.RUNNING->EXIT                                                      (running=__  RQ=[]  nexit=1)
@00000215   p21.release_databus,  p21.BLOCKED(usb)->READY,  p22.request_databus   (running=__  RQ=[21]  nexit=1)
@00000220   p21.READY->RUNNING                                                    (running=p21  RQ=[]  nexit=1)
@00000310   p21.RUNNING->EXIT                                                     (running=__  RQ=[]  nexit=2)
@00000320   p22.release_databus,  p22.BLOCKED(usb)->READY,  p31.request_databus   (running=__  RQ=[22]  nexit=2)
@00000325   p22.READY->RUNNING                                                    (running=p22  RQ=[]  nexit=2)
@00000415   p22.RUNNING->EXIT                                                     (running=__  RQ=[]  nexit=3)
@00000425   p31.release_databus,  p31.BLOCKED(usb)->READY,  p32.request_databus   (running=__  RQ=[31]  nexit=3)
@00000430   p31.READY->RUNNING                                                    (running=p31  RQ=[]  nexit=3)
@00000520   p31.RUNNING->EXIT                                                     (running=__  RQ=[]  nexit=4)
@00000530   p32.release_databus,  p32.BLOCKED(usb)->READY,  p33.request_databus   (running=__  RQ=[32]  nexit=4)
@00000535   p32.READY->RUNNING                                                    (running=p32  RQ=[]  nexit=4)
@00000625   p32.RUNNING->EXIT                                                     (running=__  RQ=[]  nexit=5)
@00000635   p33.release_databus,  p33.BLOCKED(usb)->READY                         (running=__  RQ=[33]  nexit=5)
@00000640   p33.READY->RUNNING                                                    (running=p33  RQ=[]  nexit=5)
@00000730   p33.RUNNING->EXIT                                                     (running=__  RQ=[]  nexit=6)
total_process_completion_time 120 730

@00000000   reboot with TQ=130,  p1.NEW->READY                                    (running=__  RQ=[1]  nexit=0)
@00000005   p1.READY->RUNNING,  p1.RUNNING->BLOCKED(usb),  p1.request_databus     (running=__  RQ=[]  nexit=0)
@00000055   p21.NEW->READY,  p22.NEW->READY                                       (running=__  RQ=[21,22]  nexit=0)
@00000060   p31.NEW->READY,  p32.NEW->READY,  p33.NEW->READY,  p21.READY->RUNNING (running=p21  RQ=[22,31,32,33]  nexit=0)
@00000070   p21.RUNNING->BLOCKED(usb)                                             (running=__  RQ=[22,31,32,33]  nexit=0)
@00000075   p22.READY->RUNNING                                                    (running=p22  RQ=[31,32,33]  nexit=0)
@00000085   p22.RUNNING->BLOCKED(usb)                                             (running=__  RQ=[31,32,33]  nexit=0)
@00000090   p31.READY->RUNNING                                                    (running=p31  RQ=[32,33]  nexit=0)
@00000100   p31.RUNNING->BLOCKED(usb)                                             (running=__  RQ=[32,33]  nexit=0)
@00000105   p32.READY->RUNNING                                                    (running=p32  RQ=[33]  nexit=0)
@00000110   p1.release_databus,  p1.BLOCKED(usb)->READY,  p21.request_databus     (running=p32  RQ=[33,1]  nexit=0)
@00000115   p32.RUNNING->BLOCKED(usb)                                             (running=__  RQ=[33,1]  nexit=0)
@00000120   p33.READY->RUNNING                                                    (running=p33  RQ=[1]  nexit=0)
@00000130   p33.RUNNING->BLOCKED(usb)                                             (running=__  RQ=[1]  nexit=0)
@00000135   p1.READY->RUNNING                                                     (running=p1  RQ=[]  nexit=0)
@00000185   p1.RUNNING->EXIT                                                      (running=__  RQ=[]  nexit=1)
@00000215   p21.release_databus,  p21.BLOCKED(usb)->READY,  p22.request_databus   (running=__  RQ=[21]  nexit=1)
@00000220   p21.READY->RUNNING                                                    (running=p21  RQ=[]  nexit=1)
@00000310   p21.RUNNING->EXIT                                                     (running=__  RQ=[]  nexit=2)
@00000320   p22.release_databus,  p22.BLOCKED(usb)->READY,  p31.request_databus   (running=__  RQ=[22]  nexit=2)
@00000325   p22.READY->RUNNING                                                    (running=p22  RQ=[]  nexit=2)
@00000415   p22.RUNNING->EXIT                                                     (running=__  RQ=[]  nexit=3)
@00000425   p31.release_databus,  p31.BLOCKED(usb)->READY,  p32.request_databus   (running=__  RQ=[31]  nexit=3)
@00000430   p31.READY->RUNNING                                                    (running=p31  RQ=[]  nexit=3)
@00000520   p31.RUNNING->EXIT                                                     (running=__  RQ=[]  nexit=4)
@00000530   p32.release_databus,  p32.BLOCKED(usb)->READY,  p33.request_databus   (running=__  RQ=[32]  nexit=4)
@00000535   p32.READY->RUNNING                                                    (running=p32  RQ=[]  nexit=4)
@00000625   p32.RUNNING->EXIT                                                     (running=__  RQ=[]  nexit=5)
@00000635   p33.release_databus,  p33.BLOCKED(usb)->READY                         (running=__  RQ=[33]  nexit=5)
@00000640   p33.READY->RUNNING                                                    (running=p33  RQ=[]  nexit=5)
@00000730   p33.RUNNING->EXIT                                                     (running=__  RQ=[]  nexit=6)
total_process_completion_time 130 730

@00000000   reboot with TQ=140,  p1.NEW->READY                                    (running=__  RQ=[1]  nexit=0)
@00000005   p1.READY->RUNNING,  p1.RUNNING->BLOCKED(usb),  p1.request_databus     (running=__  RQ=[]  nexit=0)
@00000055   p21.NEW->READY,  p22.NEW->READY                                       (running=__  RQ=[21,22]  nexit=0)
@00000060   p31.NEW->READY,  p32.NEW->READY,  p33.NEW->READY,  p21.READY->RUNNING (running=p21  RQ=[22,31,32,33]  nexit=0)
@00000070   p21.RUNNING->BLOCKED(usb)                                             (running=__  RQ=[22,31,32,33]  nexit=0)
@00000075   p22.READY->RUNNING                                                    (running=p22  RQ=[31,32,33]  nexit=0)
@00000085   p22.RUNNING->BLOCKED(usb)                                             (running=__  RQ=[31,32,33]  nexit=0)
@00000090   p31.READY->RUNNING                                                    (running=p31  RQ=[32,33]  nexit=0)
@00000100   p31.RUNNING->BLOCKED(usb)                                             (running=__  RQ=[32,33]  nexit=0)
@00000105   p32.READY->RUNNING                                                    (running=p32  RQ=[33]  nexit=0)
@00000110   p1.release_databus,  p1.BLOCKED(usb)->READY,  p21.request_databus     (running=p32  RQ=[33,1]  nexit=0)
@00000115   p32.RUNNING->BLOCKED(usb)                                             (running=__  RQ=[33,1]  nexit=0)
@00000120   p33.READY->RUNNING                                                    (running=p33  RQ=[1]  nexit=0)
@00000130   p33.RUNNING->BLOCKED(usb)                                             (running=__  RQ=[1]  nexit=0)
@00000135   p1.READY->RUNNING                                                     (running=p1  RQ=[]  nexit=0)
@00000185   p1.RUNNING->EXIT                                                      (running=__  RQ=[]  nexit=1)
@00000215   p21.release_databus,  p21.BLOCKED(usb)->READY,  p22.request_databus   (running=__  RQ=[21]  nexit=1)
@00000220   p21.READY->RUNNING                                                    (running=p21  RQ=[]  nexit=1)
@00000310   p21.RUNNING->EXIT                                                     (running=__  RQ=[]  nexit=2)
@00000320   p22.release_databus,  p22.BLOCKED(usb)->READY,  p31.request_databus   (running=__  RQ=[22]  nexit=2)
@00000325   p22.READY->RUNNING                                                    (running=p22  RQ=[]  nexit=2)
@00000415   p22.RUNNING->EXIT                                                     (running=__  RQ=[]  nexit=3)
@00000425   p31.release_databus,  p31.BLOCKED(usb)->READY,  p32.request_databus   (running=__  RQ=[31]  nexit=3)
@00000430   p31.READY->RUNNING                                                    (running=p31  RQ=[]  nexit=3)
@00000520   p31.RUNNING->EXIT                                                     (running=__  RQ=[]  nexit=4)
@00000530   p32.release_databus,  p32.BLOCKED(usb)->READY,  p33.request_databus   (running=__  RQ=[32]  nexit=4)
@00000535   p32.READY->RUNNING                                                    (running=p32  RQ=[]  nexit=4)
@00000625   p32.RUNNING->EXIT                                                     (running=__  RQ=[]  nexit=5)
@00000635   p33.release_databus,  p33.BLOCKED(usb)->READY                         (running=__  RQ=[33]  nexit=5)
@00000640   p33.READY->RUNNING                                                    (running=p33  RQ=[]  nexit=5)
@00000730   p33.RUNNING->EXIT                                                     (running=__  RQ=[]  nexit=6)
total_process_completion_time 140 730

@00000000   reboot with TQ=150,  p1.NEW->READY                                    (running=__  RQ=[1]  nexit=0)
@00000005   p1.READY->RUNNING,  p1.RUNNING->BLOCKED(usb),  p1.request_databus     (running=__  RQ=[]  nexit=0)
@00000055   p21.NEW->READY,  p22.NEW->READY                                       (running=__  RQ=[21,22]  nexit=0)
@00000060   p31.NEW->READY,  p32.NEW->READY,  p33.NEW->READY,  p21.READY->RUNNING (running=p21  RQ=[22,31,32,33]  nexit=0)
@00000070   p21.RUNNING->BLOCKED(usb)                                             (running=__  RQ=[22,31,32,33]  nexit=0)
@00000075   p22.READY->RUNNING                                                    (running=p22  RQ=[31,32,33]  nexit=0)
@00000085   p22.RUNNING->BLOCKED(usb)                                             (running=__  RQ=[31,32,33]  nexit=0)
@00000090   p31.READY->RUNNING                                                    (running=p31  RQ=[32,33]  nexit=0)
@00000100   p31.RUNNING->BLOCKED(usb)                                             (running=__  RQ=[32,33]  nexit=0)
@00000105   p32.READY->RUNNING                                                    (running=p32  RQ=[33]  nexit=0)
@00000110   p1.release_databus,  p1.BLOCKED(usb)->READY,  p21.request_databus     (running=p32  RQ=[33,1]  nexit=0)
@00000115   p32.RUNNING->BLOCKED(usb)                                             (running=__  RQ=[33,1]  nexit=0)
@00000120   p33.READY->RUNNING                                                    (running=p33  RQ=[1]  nexit=0)
@00000130   p33.RUNNING->BLOCKED(usb)                                             (running=__  RQ=[1]  nexit=0)
@00000135   p1.READY->RUNNING                                                     (running=p1  RQ=[]  nexit=0)
@00000185   p1.RUNNING->EXIT                                                      (running=__  RQ=[]  nexit=1)
@00000215   p21.release_databus,  p21.BLOCKED(usb)->READY,  p22.request_databus   (running=__  RQ=[21]  nexit=1)
@00000220   p21.READY->RUNNING                                                    (running=p21  RQ=[]  nexit=1)
@00000310   p21.RUNNING->EXIT                                                     (running=__  RQ=[]  nexit=2)
@00000320   p22.release_databus,  p22.BLOCKED(usb)->READY,  p31.request_databus   (running=__  RQ=[22]  nexit=2)
@00000325   p22.READY->RUNNING                                                    (running=p22  RQ=[]  nexit=2)
@00000415   p22.RUNNING->EXIT                                                     (running=__  RQ=[]  nexit=3)
@00000425   p31.release_databus,  p31.BLOCKED(usb)->READY,  p32.request_databus   (running=__  RQ=[31]  nexit=3)
@00000430   p31.READY->RUNNING                                                    (running=p31  RQ=[]  nexit=3)
@00000520   p31.RUNNING->EXIT                                                     (running=__  RQ=[]  nexit=4)
@00000530   p32.release_databus,  p32.BLOCKED(usb)->READY,  p33.request_databus   (running=__  RQ=[32]  nexit=4)
@00000535   p32.READY->RUNNING                                                    (running=p32  RQ=[]  nexit=4)
@00000625   p32.RUNNING->EXIT                                                     (running=__  RQ=[]  nexit=5)
@00000635   p33.release_databus,  p33.BLOCKED(usb)->READY                         (running=__  RQ=[33]  nexit=5)
@00000640   p33.READY->RUNNING                                                    (running=p33  RQ=[]  nexit=5)
@00000730   p33.RUNNING->EXIT                                                     (running=__  RQ=[]  nexit=6)
total_process_completion_time 150 730

@00000000   reboot with TQ=160,  p1.NEW->READY                                    (running=__  RQ=[1]  nexit=0)
@00000005   p1.READY->RUNNING,  p1.RUNNING->BLOCKED(usb),  p1.request_databus     (running=__  RQ=[]  nexit=0)
@00000055   p21.NEW->READY,  p22.NEW->READY                                       (running=__  RQ=[21,22]  nexit=0)
@00000060   p31.NEW->READY,  p32.NEW->READY,  p33.NEW->READY,  p21.READY->RUNNING (running=p21  RQ=[22,31,32,33]  nexit=0)
@00000070   p21.RUNNING->BLOCKED(usb)                                             (running=__  RQ=[22,31,32,33]  nexit=0)
@00000075   p22.READY->RUNNING                                                    (running=p22  RQ=[31,32,33]  nexit=0)
@00000085   p22.RUNNING->BLOCKED(usb)                                             (running=__  RQ=[31,32,33]  nexit=0)
@00000090   p31.READY->RUNNING                                                    (running=p31  RQ=[32,33]  nexit=0)
@00000100   p31.RUNNING->BLOCKED(usb)                                             (running=__  RQ=[32,33]  nexit=0)
@00000105   p32.READY->RUNNING                                                    (running=p32  RQ=[33]  nexit=0)
@00000110   p1.release_databus,  p1.BLOCKED(usb)->READY,  p21.request_databus     (running=p32  RQ=[33,1]  nexit=0)
@00000115   p32.RUNNING->BLOCKED(usb)                                             (running=__  RQ=[33,1]  nexit=0)
@00000120   p33.READY->RUNNING                                                    (running=p33  RQ=[1]  nexit=0)
@00000130   p33.RUNNING->BLOCKED(usb)                                             (running=__  RQ=[1]  nexit=0)
@00000135   p1.READY->RUNNING                                                     (running=p1  RQ=[]  nexit=0)
@00000185   p1.RUNNING->EXIT                                                      (running=__  RQ=[]  nexit=1)
@00000215   p21.release_databus,  p21.BLOCKED(usb)->READY,  p22.request_databus   (running=__  RQ=[21]  nexit=1)
@00000220   p21.READY->RUNNING                                                    (running=p21  RQ=[]  nexit=1)
@00000310   p21.RUNNING->EXIT                                                     (running=__  RQ=[]  nexit=2)
@00000320   p22.release_databus,  p22.BLOCKED(usb)->READY,  p31.request_databus   (running=__  RQ=[22]  nexit=2)
@00000325   p22.READY->RUNNING                                                    (running=p22  RQ=[]  nexit=2)
@00000415   p22.RUNNING->EXIT                                                     (running=__  RQ=[]  nexit=3)
@00000425   p31.release_databus,  p31.BLOCKED(usb)->READY,  p32.request_databus   (running=__  RQ=[31]  nexit=3)
@00000430   p31.READY->RUNNING                                                    (running=p31  RQ=[]  nexit=3)
@00000520   p31.RUNNING->EXIT                                                     (running=__  RQ=[]  nexit=4)
@00000530   p32.release_databus,  p32.BLOCKED(usb)->READY,  p33.request_databus   (running=__  RQ=[32]  nexit=4)
@00000535   p32.READY->RUNNING                                                    (running=p32  RQ=[]  nexit=4)
@00000625   p32.RUNNING->EXIT                                                     (running=__  RQ=[]  nexit=5)
@00000635   p33.release_databus,  p33.BLOCKED(usb)->READY                         (running=__  RQ=[33]  nexit=5)
@00000640   p33.READY->RUNNING                                                    (running=p33  RQ=[]  nexit=5)
@00000730   p33.RUNNING->EXIT                                                     (running=__  RQ=[]  nexit=6)
total_process_completion_time 160 730

@00000000   reboot with TQ=170,  p1.NEW->READY                                    (running=__  RQ=[1]  nexit=0)
@00000005   p1.READY->RUNNING,  p1.RUNNING->BLOCKED(usb),  p1.request_databus     (running=__  RQ=[]  nexit=0)
@00000055   p21.NEW->READY,  p22.NEW->READY                                       (running=__  RQ=[21,22]  nexit=0)
@00000060   p31.NEW->READY,  p32.NEW->READY,  p33.NEW->READY,  p21.READY->RUNNING (running=p21  RQ=[22,31,32,33]  nexit=0)
@00000070   p21.RUNNING->BLOCKED(usb)                                             (running=__  RQ=[22,31,32,33]  nexit=0)
@00000075   p22.READY->RUNNING                                                    (running=p22  RQ=[31,32,33]  nexit=0)
@00000085   p22.RUNNING->BLOCKED(usb)                                             (running=__  RQ=[31,32,33]  nexit=0)
@00000090   p31.READY->RUNNING                                                    (running=p31  RQ=[32,33]  nexit=0)
@00000100   p31.RUNNING->BLOCKED(usb)                                             (running=__  RQ=[32,33]  nexit=0)
@00000105   p32.READY->RUNNING                                                    (running=p32  RQ=[33]  nexit=0)
@00000110   p1.release_databus,  p1.BLOCKED(usb)->READY,  p21.request_databus     (running=p32  RQ=[33,1]  nexit=0)
@00000115   p32.RUNNING->BLOCKED(usb)                                             (running=__  RQ=[33,1]  nexit=0)
@00000120   p33.READY->RUNNING                                                    (running=p33  RQ=[1]  nexit=0)
@00000130   p33.RUNNING->BLOCKED(usb)                                             (running=__  RQ=[1]  nexit=0)
@00000135   p1.READY->RUNNING                                                     (running=p1  RQ=[]  nexit=0)
@00000185   p1.RUNNING->EXIT                                                      (running=__  RQ=[]  nexit=1)
@00000215   p21.release_databus,  p21.BLOCKED(usb)->READY,  p22.request_databus   (running=__  RQ=[21]  nexit=1)
@00000220   p21.READY->RUNNING                                                    (running=p21  RQ=[]  nexit=1)
@00000310   p21.RUNNING->EXIT                                                     (running=__  RQ=[]  nexit=2)
@00000320   p22.release_databus,  p22.BLOCKED(usb)->READY,  p31.request_databus   (running=__  RQ=[22]  nexit=2)
@00000325   p22.READY->RUNNING                                                    (running=p22  RQ=[]  nexit=2)
@00000415   p22.RUNNING->EXIT                                                     (running=__  RQ=[]  nexit=3)
@00000425   p31.release_databus,  p31.BLOCKED(usb)->READY,  p32.request_databus   (running=__  RQ=[31]  nexit=3)
@00000430   p31.READY->RUNNING                                                    (running=p31  RQ=[]  nexit=3)
@00000520   p31.RUNNING->EXIT                                                     (running=__  RQ=[]  nexit=4)
@00000530   p32.release_databus,  p32.BLOCKED(usb)->READY,  p33.request_databus   (running=__  RQ=[32]  nexit=4)
@00000535   p32.READY->RUNNING                                                    (running=p32  RQ=[]  nexit=4)
@00000625   p32.RUNNING->EXIT                                                     (running=__  RQ=[]  nexit=5)
@00000635   p33.release_databus,  p33.BLOCKED(usb)->READY                         (running=__  RQ=[33]  nexit=5)
@00000640   p33.READY->RUNNING                                                    (running=p33  RQ=[]  nexit=5)
@00000730   p33.RUNNING->EXIT                                                     (running=__  RQ=[]  nexit=6)
total_process_completion_time 170 730

@00000000   reboot with TQ=180,  p1.NEW->READY                                    (running=__  RQ=[1]  nexit=0)
@00000005   p1.READY->RUNNING,  p1.RUNNING->BLOCKED(usb),  p1.request_databus     (running=__  RQ=[]  nexit=0)
@00000055   p21.NEW->READY,  p22.NEW->READY                                       (running=__  RQ=[21,22]  nexit=0)
@00000060   p31.NEW->READY,  p32.NEW->READY,  p33.NEW->READY,  p21.READY->RUNNING (running=p21  RQ=[22,31,32,33]  nexit=0)
@00000070   p21.RUNNING->BLOCKED(usb)                                             (running=__  RQ=[22,31,32,33]  nexit=0)
@00000075   p22.READY->RUNNING                                                    (running=p22  RQ=[31,32,33]  nexit=0)
@00000085   p22.RUNNING->BLOCKED(usb)                                             (running=__  RQ=[31,32,33]  nexit=0)
@00000090   p31.READY->RUNNING                                                    (running=p31  RQ=[32,33]  nexit=0)
@00000100   p31.RUNNING->BLOCKED(usb)                                             (running=__  RQ=[32,33]  nexit=0)
@00000105   p32.READY->RUNNING                                                    (running=p32  RQ=[33]  nexit=0)
@00000110   p1.release_databus,  p1.BLOCKED(usb)->READY,  p21.request_databus     (running=p32  RQ=[33,1]  nexit=0)
@00000115   p32.RUNNING->BLOCKED(usb)                                             (running=__  RQ=[33,1]  nexit=0)
@00000120   p33.READY->RUNNING                                                    (running=p33  RQ=[1]  nexit=0)
@00000130   p33.RUNNING->BLOCKED(usb)                                             (running=__  RQ=[1]  nexit=0)
@00000135   p1.READY->RUNNING                                                     (running=p1  RQ=[]  nexit=0)
@00000185   p1.RUNNING->EXIT                                                      (running=__  RQ=[]  nexit=1)
@00000215   p21.release_databus,  p21.BLOCKED(usb)->READY,  p22.request_databus   (running=__  RQ=[21]  nexit=1)
@00000220   p21.READY->RUNNING                                                    (running=p21  RQ=[]  nexit=1)
@00000310   p21.RUNNING->EXIT                                                     (running=__  RQ=[]  nexit=2)
@00000320   p22.release_databus,  p22.BLOCKED(usb)->READY,  p31.request_databus   (running=__  RQ=[22]  nexit=2)
@00000325   p22.READY->RUNNING                                                    (running=p22  RQ=[]  nexit=2)
@00000415   p22.RUNNING->EXIT                                                     (running=__  RQ=[]  nexit=3)
@00000425   p31.release_databus,  p31.BLOCKED(usb)->READY,  p32.request_databus   (running=__  RQ=[31]  nexit=3)
@00000430   p31.READY->RUNNING                                                    (running=p31  RQ=[]  nexit=3)
@00000520   p31.RUNNING->EXIT                                                     (running=__  RQ=[]  nexit=4)
@00000530   p32.release_databus,  p32.BLOCKED(usb)->READY,  p33.request_databus   (running=__  RQ=[32]  nexit=4)
@00000535   p32.READY->RUNNING                                                    (running=p32  RQ=[]  nexit=4)
@00000625   p32.RUNNING->EXIT                                                     (running=__  RQ=[]  nexit=5)
@00000635   p33.release_databus,  p33.BLOCKED(usb)->READY                         (running=__  RQ=[33]  nexit=5)
@00000640   p33.READY->RUNNING                                                    (running=p33  RQ=[]  nexit=5)
@00000730   p33.RUNNING->EXIT                                                     (running=__  RQ=[]  nexit=6)
total_process_completion_time 180 730

@00000000   reboot with TQ=190,  p1.NEW->READY                                    (running=__  RQ=[1]  nexit=0)
@00000005   p1.READY->RUNNING,  p1.RUNNING->BLOCKED(usb),  p1.request_databus     (running=__  RQ=[]  nexit=0)
@00000055   p21.NEW->READY,  p22.NEW->READY                                       (running=__  RQ=[21,22]  nexit=0)
@00000060   p31.NEW->READY,  p32.NEW->READY,  p33.NEW->READY,  p21.READY->RUNNING (running=p21  RQ=[22,31,32,33]  nexit=0)
@00000070   p21.RUNNING->BLOCKED(usb)                                             (running=__  RQ=[22,31,32,33]  nexit=0)
@00000075   p22.READY->RUNNING                                                    (running=p22  RQ=[31,32,33]  nexit=0)
@00000085   p22.RUNNING->BLOCKED(usb)                                             (running=__  RQ=[31,32,33]  nexit=0)
@00000090   p31.READY->RUNNING                                                    (running=p31  RQ=[32,33]  nexit=0)
@00000100   p31.RUNNING->BLOCKED(usb)                                             (running=__  RQ=[32,33]  nexit=0)
@00000105   p32.READY->RUNNING                                                    (running=p32  RQ=[33]  nexit=0)
@00000110   p1.release_databus,  p1.BLOCKED(usb)->READY,  p21.request_databus     (running=p32  RQ=[33,1]  nexit=0)
@00000115   p32.RUNNING->BLOCKED(usb)                                             (running=__  RQ=[33,1]  nexit=0)
@00000120   p33.READY->RUNNING                                                    (running=p33  RQ=[1]  nexit=0)
@00000130   p33.RUNNING->BLOCKED(usb)                                             (running=__  RQ=[1]  nexit=0)
@00000135   p1.READY->RUNNING                                                     (running=p1  RQ=[]  nexit=0)
@00000185   p1.RUNNING->EXIT                                                      (running=__  RQ=[]  nexit=1)
@00000215   p21.release_databus,  p21.BLOCKED(usb)->READY,  p22.request_databus   (running=__  RQ=[21]  nexit=1)
@00000220   p21.READY->RUNNING                                                    (running=p21  RQ=[]  nexit=1)
@00000310   p21.RUNNING->EXIT                                                     (running=__  RQ=[]  nexit=2)
@00000320   p22.release_databus,  p22.BLOCKED(usb)->READY,  p31.request_databus   (running=__  RQ=[22]  nexit=2)
@00000325   p22.READY->RUNNING                                                    (running=p22  RQ=[]  nexit=2)
@00000415   p22.RUNNING->EXIT                                                     (running=__  RQ=[]  nexit=3)
@00000425   p31.release_databus,  p31.BLOCKED(usb)->READY,  p32.request_databus   (running=__  RQ=[31]  nexit=3)
@00000430   p31.READY->RUNNING                                                    (running=p31  RQ=[]  nexit=3)
@00000520   p31.RUNNING->EXIT                                                     (running=__  RQ=[]  nexit=4)
@00000530   p32.release_databus,  p32.BLOCKED(usb)->READY,  p33.request_databus   (running=__  RQ=[32]  nexit=4)
@00000535   p32.READY->RUNNING                                                    (running=p32  RQ=[]  nexit=4)
@00000625   p32.RUNNING->EXIT                                                     (running=__  RQ=[]  nexit=5)
@00000635   p33.release_databus,  p33.BLOCKED(usb)->READY                         (running=__  RQ=[33]  nexit=5)
@00000640   p33.READY->RUNNING                                                    (running=p33  RQ=[]  nexit=5)
@00000730   p33.RUNNING->EXIT                                                     (running=__  RQ=[]  nexit=6)
total_process_completion_time 190 730

@00000000   reboot with TQ=200,  p1.NEW->READY                                    (running=__  RQ=[1]  nexit=0)
@00000005   p1.READY->RUNNING,  p1.RUNNING->BLOCKED(usb),  p1.request_databus     (running=__  RQ=[]  nexit=0)
@00000055   p21.NEW->READY,  p22.NEW->READY                                       (running=__  RQ=[21,22]  nexit=0)
@00000060   p31.NEW->READY,  p32.NEW->READY,  p33.NEW->READY,  p21.READY->RUNNING (running=p21  RQ=[22,31,32,33]  nexit=0)
@00000070   p21.RUNNING->BLOCKED(usb)                                             (running=__  RQ=[22,31,32,33]  nexit=0)
@00000075   p22.READY->RUNNING                                                    (running=p22  RQ=[31,32,33]  nexit=0)
@00000085   p22.RUNNING->BLOCKED(usb)                                             (running=__  RQ=[31,32,33]  nexit=0)
@00000090   p31.READY->RUNNING                                                    (running=p31  RQ=[32,33]  nexit=0)
@00000100   p31.RUNNING->BLOCKED(usb)                                             (running=__  RQ=[32,33]  nexit=0)
@00000105   p32.READY->RUNNING                                                    (running=p32  RQ=[33]  nexit=0)
@00000110   p1.release_databus,  p1.BLOCKED(usb)->READY,  p21.request_databus     (running=p32  RQ=[33,1]  nexit=0)
@00000115   p32.RUNNING->BLOCKED(usb)                                             (running=__  RQ=[33,1]  nexit=0)
@00000120   p33.READY->RUNNING                                                    (running=p33  RQ=[1]  nexit=0)
@00000130   p33.RUNNING->BLOCKED(usb)                                             (running=__  RQ=[1]  nexit=0)
@00000135   p1.READY->RUNNING                                                     (running=p1  RQ=[]  nexit=0)
@00000185   p1.RUNNING->EXIT                                                      (running=__  RQ=[]  nexit=1)
@00000215   p21.release_databus,  p21.BLOCKED(usb)->READY,  p22.request_databus   (running=__  RQ=[21]  nexit=1)
@00000220   p21.READY->RUNNING                                                    (running=p21  RQ=[]  nexit=1)
@00000310   p21.RUNNING->EXIT                                                     (running=__  RQ=[]  nexit=2)
@00000320   p22.release_databus,  p22.BLOCKED(usb)->READY,  p31.request_databus   (running=__  RQ=[22]  nexit=2)
@00000325   p22.READY->RUNNING                                                    (running=p22  RQ=[]  nexit=2)
@00000415   p22.RUNNING->EXIT                                                     (running=__  RQ=[]  nexit=3)
@00000425   p31.release_databus,  p31.BLOCKED(usb)->READY,  p32.request_databus   (running=__  RQ=[31]  nexit=3)
@00000430   p31.READY->RUNNING                                                    (running=p31  RQ=[]  nexit=3)
@00000520   p31.RUNNING->EXIT                                                     (running=__  RQ=[]  nexit=4)
@00000530   p32.release_databus,  p32.BLOCKED(usb)->READY,  p33.request_databus   (running=__  RQ=[32]  nexit=4)
@00000535   p32.READY->RUNNING                                                    (running=p32  RQ=[]  nexit=4)
@00000625   p32.RUNNING->EXIT                                                     (running=__  RQ=[]  nexit=5)
@00000635   p33.release_databus,  p33.BLOCKED(usb)->READY                         (running=__  RQ=[33]  nexit=5)
@00000640   p33.READY->RUNNING                                                    (running=p33  RQ=[]  nexit=5)
@00000730   p33.RUNNING->EXIT                                                     (running=__  RQ=[]  nexit=6)
total_process_completion_time 200 730

# reporting the longest time_quantum resulting in the shortest total_process_completion_time
best 200 730