@00000000   reboot with TQ=10                                                     (running=__  RQ=[]  nexit=0)
@00000050   p5.NEW->READY                                                         (running=__  RQ=[5]  nexit=0)
@00000055   p5.READY->RUNNING                                                     (running=p5  RQ=[]  nexit=0)
@00000065   p5.freshTQ                                                            (running=p5  RQ=[]  nexit=0)
@00000075   p5.freshTQ                                                            (running=p5  RQ=[]  nexit=0)
@00000085   p5.freshTQ                                                            (running=p5  RQ=[]  nexit=0)
@00000095   p5.freshTQ                                                            (running=p5  RQ=[]  nexit=0)
@00000105   p5.freshTQ                                                            (running=p5  RQ=[]  nexit=0)
@00000115   p5.freshTQ                                                            (running=p5  RQ=[]  nexit=0)
@00000125   p5.freshTQ                                                            (running=p5  RQ=[]  nexit=0)
@00000135   p5.freshTQ                                                            (running=p5  RQ=[]  nexit=0)
@00000145   p5.freshTQ                                                            (running=p5  RQ=[]  nexit=0)
@00000155   p5.freshTQ                                                            (running=p5  RQ=[]  nexit=0)
@00000165   p5.freshTQ                                                            (running=p5  RQ=[]  nexit=0)
@00000175   p5.freshTQ                                                            (running=p5  RQ=[]  nexit=0)
@00000185   p5.freshTQ                                                            (running=p5  RQ=[]  nexit=0)
@00000195   p5.freshTQ                                                            (running=p5  RQ=[]  nexit=0)
@00000205   p5.freshTQ                                                            (running=p5  RQ=[]  nexit=0)
@00000215   p5.freshTQ                                                            (running=p5  RQ=[]  nexit=0)
@00000225   p5.freshTQ                                                            (running=p5  RQ=[]  nexit=0)
@00000235   p5.freshTQ                                                            (running=p5  RQ=[]  nexit=0)
@00000245   p5.freshTQ                                                            (running=p5  RQ=[]  nexit=0)
@00000255   p5.freshTQ                                                            (running=p5  RQ=[]  nexit=0)
@00000265   p5.freshTQ                                                            (running=p5  RQ=[]  nexit=0)
@00000275   p5.RUNNING->BLOCKED(disk),  p5.request_databus                        (running=__  RQ=[]  nexit=0)
@00019030   p5.release_databus,  p5.BLOCKED(disk)->READY                          (running=__  RQ=[5]  nexit=0)
@00019035   p5.READY->RUNNING                                                     (running=p5  RQ=[]  nexit=0)
@00019045   p5.freshTQ                                                            (running=p5  RQ=[]  nexit=0)
@00019055   p5.freshTQ                                                            (running=p5  RQ=[]  nexit=0)
@00019065   p5.freshTQ                                                            (running=p5  RQ=[]  nexit=0)
@00019075   p5.freshTQ                                                            (running=p5  RQ=[]  nexit=0)
@00019085   p5.freshTQ                                                            (running=p5  RQ=[]  nexit=0)
@00019095   p5.freshTQ                                                            (running=p5  RQ=[]  nexit=0)
@00019105   p5.freshTQ                                                            (running=p5  RQ=[]  nexit=0)
@00019115   p5.freshTQ                                                            (running=p5  RQ=[]  nexit=0)
@00019125   p5.freshTQ                                                            (running=p5  RQ=[]  nexit=0)
@00019135   p5.freshTQ                                                            (running=p5  RQ=[]  nexit=0)
@00019145   p5.freshTQ                                                            (running=p5  RQ=[]  nexit=0)
@00019155   p5.freshTQ                                                            (running=p5  RQ=[]  nexit=0)
@00019165   p5.freshTQ                                                            (running=p5  RQ=[]  nexit=0)
@00019175   p5.freshTQ                                                            (running=p5  RQ=[]  nexit=0)
@00019185   p5.freshTQ                                                            (running=p5  RQ=[]  nexit=0)
@00019195   p5.freshTQ                                                            (running=p5  RQ=[]  nexit=0)
@00019205   p5.freshTQ                                                            (running=p5  RQ=[]  nexit=0)
@00019215   p5.freshTQ                                                            (running=p5  RQ=[]  nexit=0)
@00019225   p5.freshTQ                                                            (running=p5  RQ=[]  nexit=0)
@00019235   p5.freshTQ                                                            (running=p5  RQ=[]  nexit=0)
@00019245   p5.freshTQ                                                            (running=p5  RQ=[]  nexit=0)
@00019255   p5.freshTQ                                                            (running=p5  RQ=[]  nexit=0)
@00019265   p5.freshTQ                                                            (running=p5  RQ=[]  nexit=0)
@00019275   p5.freshTQ                                                            (running=p5  RQ=[]  nexit=0)
@00019285   p5.freshTQ                                                            (running=p5  RQ=[]  nexit=0)
@00019295   p5.freshTQ                                                            (running=p5  RQ=[]  nexit=0)
@00019305   p5.freshTQ                                                            (running=p5  RQ=[]  nexit=0)
@00019315   p5.freshTQ                                                            (running=p5  RQ=[]  nexit=0)
@00019325   p5.freshTQ                                                            (running=p5  RQ=[]  nexit=0)
@00019335   p5.freshTQ                                                            (running=p5  RQ=[]  nexit=0)
@00019345   p5.freshTQ                                                            (running=p5  RQ=[]  nexit=0)
@00019355   p5.freshTQ                                                            (running=p5  RQ=[]  nexit=0)
@00019365   p5.freshTQ                                                            (running=p5  RQ=[]  nexit=0)
@00019375   p5.freshTQ                                                            (running=p5  RQ=[]  nexit=0)
@00019385   p5.freshTQ                                                            (running=p5  RQ=[]  nexit=0)
@00019395   p5.freshTQ                                                            (running=p5  RQ=[]  nexit=0)
@00019405   p5.freshTQ                                                            (running=p5  RQ=[]  nexit=0)
@00019415   p5.RUNNING->EXIT                                                      (running=__  RQ=[]  nexit=1)
total_process_completion_time 10 19365

@00000000   reboot with TQ=20                                                     (running=__  RQ=[]  nexit=0)
@00000050   p5.NEW->READY                                                         (running=__  RQ=[5]  nexit=0)
@00000055   p5.READY->RUNNING                                                     (running=p5  RQ=[]  nexit=0)
@00000075   p5.freshTQ                                                            (running=p5  RQ=[]  nexit=0)
@00000095   p5.freshTQ                                                            (running=p5  RQ=[]  nexit=0)
@00000115   p5.freshTQ                                                            (running=p5  RQ=[]  nexit=0)
@00000135   p5.freshTQ                                                            (running=p5  RQ=[]  nexit=0)
@00000155   p5.freshTQ                                                            (running=p5  RQ=[]  nexit=0)
@00000175   p5.freshTQ                                                            (running=p5  RQ=[]  nexit=0)
@00000195   p5.freshTQ                                                            (running=p5  RQ=[]  nexit=0)
@00000215   p5.freshTQ                                                            (running=p5  RQ=[]  nexit=0)
@00000235   p5.freshTQ                                                            (running=p5  RQ=[]  nexit=0)
@00000255   p5.freshTQ                                                            (running=p5  RQ=[]  nexit=0)
@00000275   p5.RUNNING->BLOCKED(disk),  p5.request_databus                        (running=__  RQ=[]  nexit=0)
@00019030   p5.release_databus,  p5.BLOCKED(disk)->READY                          (running=__  RQ=[5]  nexit=0)
@00019035   p5.READY->RUNNING                                                     (running=p5  RQ=[]  nexit=0)
@00019055   p5.freshTQ                                                            (running=p5  RQ=[]  nexit=0)
@00019075   p5.freshTQ                                                            (running=p5  RQ=[]  nexit=0)
@00019095   p5.freshTQ                                                            (running=p5  RQ=[]  nexit=0)
@00019115   p5.freshTQ                                                            (running=p5  RQ=[]  nexit=0)
@00019135   p5.freshTQ                                                            (running=p5  RQ=[]  nexit=0)
@00019155   p5.freshTQ                                                            (running=p5  RQ=[]  nexit=0)
@00019175   p5.freshTQ                                                            (running=p5  RQ=[]  nexit=0)
@00019195   p5.freshTQ                                                            (running=p5  RQ=[]  nexit=0)
@00019215   p5.freshTQ                                                            (running=p5  RQ=[]  nexit=0)
@00019235   p5.freshTQ                                                            (running=p5  RQ=[]  nexit=0)
@00019255   p5.freshTQ                                                            (running=p5  RQ=[]  nexit=0)
@00019275   p5.freshTQ                                                            (running=p5  RQ=[]  nexit=0)
@00019295   p5.freshTQ                                                            (running=p5  RQ=[]  nexit=0)
@00019315   p5.freshTQ                                                            (running=p5  RQ=[]  nexit=0)
@00019335   p5.freshTQ                                                            (running=p5  RQ=[]  nexit=0)
@00019355   p5.freshTQ                                                            (running=p5  RQ=[]  nexit=0)
@00019375   p5.freshTQ                                                            (running=p5  RQ=[]  nexit=0)
@00019395   p5.freshTQ                                                            (running=p5  RQ=[]  nexit=0)
@00019415   p5.RUNNING->EXIT                                                      (running=__  RQ=[]  nexit=1)
total_process_completion_time 20 19365

@00000000   reboot with TQ=30                                                     (running=__  RQ=[]  nexit=0)
@00000050   p5.NEW->READY                                                         (running=__  RQ=[5]  nexit=0)
@00000055   p5.READY->RUNNING                                                     (running=p5  RQ=[]  nexit=0)
@00000085   p5.freshTQ                                                            (running=p5  RQ=[]  nexit=0)
@00000115   p5.freshTQ                                                            (running=p5  RQ=[]  nexit=0)
@00000145   p5.freshTQ                                                            (running=p5  RQ=[]  nexit=0)
@00000175   p5.freshTQ                                                            (running=p5  RQ=[]  nexit=0)
@00000205   p5.freshTQ                                                            (running=p5  RQ=[]  nexit=0)
@00000235   p5.freshTQ                                                            (running=p5  RQ=[]  nexit=0)
@00000265   p5.freshTQ                                                            (running=p5  RQ=[]  nexit=0)
@00000275   p5.RUNNING->BLOCKED(disk),  p5.request_databus                        (running=__  RQ=[]  nexit=0)
@00019030   p5.release_databus,  p5.BLOCKED(disk)->READY                          (running=__  RQ=[5]  nexit=0)
@00019035   p5.READY->RUNNING                                                     (running=p5  RQ=[]  nexit=0)
@00019065   p5.freshTQ                                                            (running=p5  RQ=[]  nexit=0)
@00019095   p5.freshTQ                                                            (running=p5  RQ=[]  nexit=0)
@00019125   p5.freshTQ                                                            (running=p5  RQ=[]  nexit=0)
@00019155   p5.freshTQ                                                            (running=p5  RQ=[]  nexit=0)
@00019185   p5.freshTQ                                                            (running=p5  RQ=[]  nexit=0)
@00019215   p5.freshTQ                                                            (running=p5  RQ=[]  nexit=0)
@00019245   p5.freshTQ                                                            (running=p5  RQ=[]  nexit=0)
@00019275   p5.freshTQ                                                            (running=p5  RQ=[]  nexit=0)
@00019305   p5.freshTQ                                                            (running=p5  RQ=[]  nexit=0)
@00019335   p5.freshTQ                                                            (running=p5  RQ=[]  nexit=0)
@00019365   p5.freshTQ                                                            (running=p5  RQ=[]  nexit=0)
@00019395   p5.freshTQ                                                            (running=p5  RQ=[]  nexit=0)
@00019415   p5.RUNNING->EXIT                                                      (running=__  RQ=[]  nexit=1)
total_process_completion_time 30 19365

@00000000   reboot with TQ=40                                                     (running=__  RQ=[]  nexit=0)
@00000050   p5.NEW->READY                                                         (running=__  RQ=[5]  nexit=0)
@00000055   p5.READY->RUNNING                                                     (running=p5  RQ=[]  nexit=0)
@00000095   p5.freshTQ                                                            (running=p5  RQ=[]  nexit=0)
@00000135   p5.freshTQ                                                            (running=p5  RQ=[]  nexit=0)
@00000175   p5.freshTQ                                                            (running=p5  RQ=[]  nexit=0)
@00000215   p5.freshTQ                                                            (running=p5  RQ=[]  nexit=0)
@00000255   p5.freshTQ                                                            (running=p5  RQ=[]  nexit=0)
@00000275   p5.RUNNING->BLOCKED(disk),  p5.request_databus                        (running=__  RQ=[]  nexit=0)
@00019030   p5.release_databus,  p5.BLOCKED(disk)->READY                          (running=__  RQ=[5]  nexit=0)
@00019035   p5.READY->RUNNING                                                     (running=p5  RQ=[]  nexit=0)
@00019075   p5.freshTQ                                                            (running=p5  RQ=[]  nexit=0)
@00019115   p5.freshTQ                                                            (running=p5  RQ=[]  nexit=0)
@00019155   p5.freshTQ                                                            (running=p5  RQ=[]  nexit=0)
@00019195   p5.freshTQ                                                            (running=p5  RQ=[]  nexit=0)
@00019235   p5.freshTQ                                                            (running=p5  RQ=[]  nexit=0)
@00019275   p5.freshTQ                                                            (running=p5  RQ=[]  nexit=0)
@00019315   p5.freshTQ                                                            (running=p5  RQ=[]  nexit=0)
@00019355   p5.freshTQ                                                            (running=p5  RQ=[]  nexit=0)
@00019395   p5.freshTQ                                                            (running=p5  RQ=[]  nexit=0)
@00019415   p5.RUNNING->EXIT                                                      (running=__  RQ=[]  nexit=1)
total_process_completion_time 40 19365

@00000000   reboot with TQ=50                                                     (running=__  RQ=[]  nexit=0)
@00000050   p5.NEW->READY                                                         (running=__  RQ=[5]  nexit=0)
@00000055   p5.READY->RUNNING                                                     (running=p5  RQ=[]  nexit=0)
@00000105   p5.freshTQ                                                            (running=p5  RQ=[]  nexit=0)
@00000155   p5.freshTQ                                                            (running=p5  RQ=[]  nexit=0)
@00000205   p5.freshTQ                                                            (running=p5  RQ=[]  nexit=0)
@00000255   p5.freshTQ                                                            (running=p5  RQ=[]  nexit=0)
@00000275   p5.RUNNING->BLOCKED(disk),  p5.request_databus                        (running=__  RQ=[]  nexit=0)
@00019030   p5.release_databus,  p5.BLOCKED(disk)->READY                          (running=__  RQ=[5]  nexit=0)
@00019035   p5.READY->RUNNING                                                     (running=p5  RQ=[]  nexit=0)
@00019085   p5.freshTQ                                                            (running=p5  RQ=[]  nexit=0)
@00019135   p5.freshTQ                                                            (running=p5  RQ=[]  nexit=0)
@00019185   p5.freshTQ                                                            (running=p5  RQ=[]  nexit=0)
@00019235   p5.freshTQ                                                            (running=p5  RQ=[]  nexit=0)
@00019285   p5.freshTQ                                                            (running=p5  RQ=[]  nexit=0)
@00019335   p5.freshTQ                                                            (running=p5  RQ=[]  nexit=0)
@00019385   p5.freshTQ                                                            (running=p5  RQ=[]  nexit=0)
@00019415   p5.RUNNING->EXIT                                                      (running=__  RQ=[]  nexit=1)
total_process_completion_time 50 19365

@00000000   reboot with TQ=60                                                     (running=__  RQ=[]  nexit=0)
@00000050   p5.NEW->READY                                                         (running=__  RQ=[5]  nexit=0)
@00000055   p5.READY->RUNNING                                                     (running=p5  RQ=[]  nexit=0)
@00000115   p5.freshTQ                                                            (running=p5  RQ=[]  nexit=0)
@00000175   p5.freshTQ                                                            (running=p5  RQ=[]  nexit=0)
@00000235   p5.freshTQ                                                            (running=p5  RQ=[]  nexit=0)
@00000275   p5.RUNNING->BLOCKED(disk),  p5.request_databus                        (running=__  RQ=[]  nexit=0)
@00019030   p5.release_databus,  p5.BLOCKED(disk)->READY                          (running=__  RQ=[5]  nexit=0)
@00019035   p5.READY->RUNNING                                                     (running=p5  RQ=[]  nexit=0)
@00019095   p5.freshTQ                                                            (running=p5  RQ=[]  nexit=0)
@00019155   p5.freshTQ                                                            (running=p5  RQ=[]  nexit=0)
@00019215   p5.freshTQ                                                            (running=p5  RQ=[]  nexit=0)
@00019275   p5.freshTQ                                                            (running=p5  RQ=[]  nexit=0)
@00019335   p5.freshTQ                                                            (running=p5  RQ=[]  nexit=0)
@00019395   p5.freshTQ                                                            (running=p5  RQ=[]  nexit=0)
@00019415   p5.RUNNING->EXIT                                                      (running=__  RQ=[]  nexit=1)
total_process_completion_time 60 19365

@00000000   reboot with TQ=70                                                     (running=__  RQ=[]  nexit=0)
@00000050   p5.NEW->READY                                                         (running=__  RQ=[5]  nexit=0)
@00000055   p5.READY->RUNNING                                                     (running=p5  RQ=[]  nexit=0)
@00000125   p5.freshTQ                                                            (running=p5  RQ=[]  nexit=0)
@00000195   p5.freshTQ                                                            (running=p5  RQ=[]  nexit=0)
@00000265   p5.freshTQ                                                            (running=p5  RQ=[]  nexit=0)
@00000275   p5.RUNNING->BLOCKED(disk),  p5.request_databus                        (running=__  RQ=[]  nexit=0)
@00019030   p5.release_databus,  p5.BLOCKED(disk)->READY                          (running=__  RQ=[5]  nexit=0)
@00019035   p5.READY->RUNNING                                                     (running=p5  RQ=[]  nexit=0)
@00019105   p5.freshTQ                                                            (running=p5  RQ=[]  nexit=0)
@00019175   p5.freshTQ                                                            (running=p5  RQ=[]  nexit=0)
@00019245   p5.freshTQ                                                            (running=p5  RQ=[]  nexit=0)
@00019315   p5.freshTQ                                                            (running=p5  RQ=[]  nexit=0)
@00019385   p5.freshTQ                                                            (running=p5  RQ=[]  nexit=0)
@00019415   p5.RUNNING->EXIT                                                      (running=__  RQ=[]  nexit=1)
total_process_completion_time 70 19365

@00000000   reboot with TQ=80                                                     (running=__  RQ=[]  nexit=0)
@00000050   p5.NEW->READY                                                         (running=__  RQ=[5]  nexit=0)
@00000055   p5.READY->RUNNING                                                     (running=p5  RQ=[]  nexit=0)
@00000135   p5.freshTQ                                                            (running=p5  RQ=[]  nexit=0)
@00000215   p5.freshTQ                                                            (running=p5  RQ=[]  nexit=0)
@00000275   p5.RUNNING->BLOCKED(disk),  p5.request_databus                        (running=__  RQ=[]  nexit=0)
@00019030   p5.release_databus,  p5.BLOCKED(disk)->READY                          (running=__  RQ=[5]  nexit=0)
@00019035   p5.READY->RUNNING                                                     (running=p5  RQ=[]  nexit=0)
@00019115   p5.freshTQ                                                            (running=p5  RQ=[]  nexit=0)
@00019195   p5.freshTQ                                                            (running=p5  RQ=[]  nexit=0)
@00019275   p5.freshTQ                                                            (running=p5  RQ=[]  nexit=0)
@00019355   p5.freshTQ                                                            (running=p5  RQ=[]  nexit=0)
@00019415   p5.RUNNING->EXIT                                                      (running=__  RQ=[]  nexit=1)
total_process_completion_time 80 19365

@00000000   reboot with TQ=90                                                     (running=__  RQ=[]  nexit=0)
@00000050   p5.NEW->READY                                                         (running=__  RQ=[5]  nexit=0)
@00000055   p5.READY->RUNNING                                                     (running=p5  RQ=[]  nexit=0)
@00000145   p5.freshTQ                                                            (running=p5  RQ=[]  nexit=0)
@00000235   p5.freshTQ                                                            (running=p5  RQ=[]  nexit=0)
@00000275   p5.RUNNING->BLOCKED(disk),  p5.request_databus                        (running=__  RQ=[]  nexit=0)
@00019030   p5.release_databus,  p5.BLOCKED(disk)->READY                          (running=__  RQ=[5]  nexit=0)
@00019035   p5.READY->RUNNING                                                     (running=p5  RQ=[]  nexit=0)
@00019125   p5.freshTQ                                                            (running=p5  RQ=[]  nexit=0)
@00019215   p5.freshTQ                                                            (running=p5  RQ=[]  nexit=0)
@00019305   p5.freshTQ                                                            (running=p5  RQ=[]  nexit=0)
@00019395   p5.freshTQ                                                            (running=p5  RQ=[]  nexit=0)
@00019415   p5.RUNNING->EXIT                                                      (running=__  RQ=[]  nexit=1)
total_process_completion_time 90 19365

@00000000   reboot with TQ=100                                                    (running=__  RQ=[]  nexit=0)
@00000050   p5.NEW->READY                                                         (running=__  RQ=[5]  nexit=0)
@00000055   p5.READY->RUNNING                                                     (running=p5  RQ=[]  nexit=0)
@00000155   p5.freshTQ                                                            (running=p5  RQ=[]  nexit=0)
@00000255   p5.freshTQ                                                            (running=p5  RQ=[]  nexit=0)
@00000275   p5.RUNNING->BLOCKED(disk),  p5.request_databus                        (running=__  RQ=[]  nexit=0)
@00019030   p5.release_databus,  p5.BLOCKED(disk)->READY                          (running=__  RQ=[5]  nexit=0)
@00019035   p5.READY->RUNNING                                                     (running=p5  RQ=[]  nexit=0)
@00019135   p5.freshTQ                                                            (running=p5  RQ=[]  nexit=0)
@00019235   p5.freshTQ                                                            (running=p5  RQ=[]  nexit=0)
@00019335   p5.freshTQ                                                            (running=p5  RQ=[]  nexit=0)
@00019415   p5.RUNNING->EXIT                                                      (running=__  RQ=[]  nexit=1)
total_process_completion_time 100 19365

@00000000   reboot with TQ=110                                                    (running=__  RQ=[]  nexit=0)
@00000050   p5.NEW->READY                                                         (running=__  RQ=[5]  nexit=0)
@00000055   p5.READY->RUNNING                                                     (running=p5  RQ=[]  nexit=0)
@00000165   p5.freshTQ                                                            (running=p5  RQ=[]  nexit=0)
@00000275   p5.RUNNING->BLOCKED(disk),  p5.request_databus                        (running=__  RQ=[]  nexit=0)
@00019030   p5.release_databus,  p5.BLOCKED(disk)->READY                          (running=__  RQ=[5]  nexit=0)
@00019035   p5.READY->RUNNING                                                     (running=p5  RQ=[]  nexit=0)
@00019145   p5.freshTQ                                                            (running=p5  RQ=[]  nexit=0)
@00019255   p5.freshTQ                                                            (running=p5  RQ=[]  nexit=0)
@00019365   p5.freshTQ                                                            (running=p5  RQ=[]  nexit=0)
@00019415   p5.RUNNING->EXIT                                                      (running=__  RQ=[]  nexit=1)
total_process_completion_time 110 19365

@00000000   reboot with TQ=120                                                    (running=__  RQ=[]  nexit=0)
@00000050   p5.NEW->READY                                                         (running=__  RQ=[5]  nexit=0)
@00000055   p5.READY->RUNNING                                                     (running=p5  RQ=[]  nexit=0)
@00000175   p5.freshTQ                                                            (running=p5  RQ=[]  nexit=0)
@00000275   p5.RUNNING->BLOCKED(disk),  p5.request_databus                        (running=__  RQ=[]  nexit=0)
@00019030   p5.release_databus,  p5.BLOCKED(disk)->READY                          (running=__  RQ=[5]  nexit=0)
@00019035   p5.READY->RUNNING                                                     (running=p5  RQ=[]  nexit=0)
@00019155   p5.freshTQ                                                            (running=p5  RQ=[]  nexit=0)
@00019275   p5.freshTQ                                                            (running=p5  RQ=[]  nexit=0)
@00019395   p5.freshTQ                                                            (running=p5  RQ=[]  nexit=0)
@00019415   p5.RUNNING->EXIT                                                      (running=__  RQ=[]  nexit=1)
total_process_completion_time 120 19365

@00000000   reboot with TQ=130                                                    (running=__  RQ=[]  nexit=0)
@00000050   p5.NEW->READY                                                         (running=__  RQ=[5]  nexit=0)
@00000055   p5.READY->RUNNING                                                     (running=p5  RQ=[]  nexit=0)
@00000185   p5.freshTQ                                                            (running=p5  RQ=[]  nexit=0)
@00000275   p5.RUNNING->BLOCKED(disk),  p5.request_databus                        (running=__  RQ=[]  nexit=0)
@00019030   p5.release_databus,  p5.BLOCKED(disk)->READY                          (running=__  RQ=[5]  nexit=0)
@00019035   p5.READY->RUNNING                                                     (running=p5  RQ=[]  nexit=0)
@00019165   p5.freshTQ                                                            (running=p5  RQ=[]  nexit=0)
@00019295   p5.freshTQ                                                            (running=p5  RQ=[]  nexit=0)
@00019415   p5.RUNNING->EXIT                                                      (running=__  RQ=[]  nexit=1)
total_process_completion_time 130 19365

@00000000   reboot with TQ=140                                                    (running=__  RQ=[]  nexit=0)
@00000050   p5.NEW->READY                                                         (running=__  RQ=[5]  nexit=0)
@00000055   p5.READY->RUNNING                                                     (running=p5  RQ=[]  nexit=0)
@00000195   p5.freshTQ                                                            (running=p5  RQ=[]  nexit=0)
@00000275   p5.RUNNING->BLOCKED(disk),  p5.request_databus                        (running=__  RQ=[]  nexit=0)
@00019030   p5.release_databus,  p5.BLOCKED(disk)->READY                          (running=__  RQ=[5]  nexit=0)
@00019035   p5.READY->RUNNING                                                     (running=p5  RQ=[]  nexit=0)
@00019175   p5.freshTQ                                                            (running=p5  RQ=[]  nexit=0)
@00019315   p5.freshTQ                                                            (running=p5  RQ=[]  nexit=0)
@00019415   p5.RUNNING->EXIT                                                      (running=__  RQ=[]  nexit=1)
total_process_completion_time 140 19365

@00000000   reboot with TQ=150                                                    (running=__  RQ=[]  nexit=0)
@00000050   p5.NEW->READY                                                         (running=__  RQ=[5]  nexit=0)
@00000055   p5.READY->RUNNING                                                     (running=p5  RQ=[]  nexit=0)
@00000205   p5.freshTQ                                                            (running=p5  RQ=[]  nexit=0)
@00000275   p5.RUNNING->BLOCKED(disk),  p5.request_databus                        (running=__  RQ=[]  nexit=0)
@00019030   p5.release_databus,  p5.BLOCKED(disk)->READY                          (running=__  RQ=[5]  nexit=0)
@00019035   p5.READY->RUNNING                                                     (running=p5  RQ=[]  nexit=0)
@00019185   p5.freshTQ                                                            (running=p5  RQ=[]  nexit=0)
@00019335   p5.freshTQ                                                            (running=p5  RQ=[]  nexit=0)
@00019415   p5.RUNNING->EXIT                                                      (running=__  RQ=[]  nexit=1)
total_process_completion_time 150 19365

@00000000   reboot with TQ=160                                                    (running=__  RQ=[]  nexit=0)
@00000050   p5.NEW->READY                                                         (running=__  RQ=[5]  nexit=0)
@00000055   p5.READY->RUNNING                                                     (running=p5  RQ=[]  nexit=0)
@00000215   p5.freshTQ                                                            (running=p5  RQ=[]  nexit=0)
@00000275   p5.RUNNING->BLOCKED(disk),  p5.request_databus                        (running=__  RQ=[]  nexit=0)
@00019030   p5.release_databus,  p5.BLOCKED(disk)->READY                          (running=__  RQ=[5]  nexit=0)
@00019035   p5.READY->RUNNING                                                     (running=p5  RQ=[]  nexit=0)
@00019195   p5.freshTQ                                                            (running=p5  RQ=[]  nexit=0)
@00019355   p5.freshTQ                                                            (running=p5  RQ=[]  nexit=0)
@00019415   p5.RUNNING->EXIT                                                      (running=__  RQ=[]  nexit=1)
total_process_completion_time 160 19365

@00000000   reboot with TQ=170                                                    (running=__  RQ=[]  nexit=0)
@00000050   p5.NEW->READY                                                         (running=__  RQ=[5]  nexit=0)
@00000055   p5.READY->RUNNING                                                     (running=p5  RQ=[]  nexit=0)
@00000225   p5.freshTQ                                                            (running=p5  RQ=[]  nexit=0)
@00000275   p5.RUNNING->BLOCKED(disk),  p5.request_databus                        (running=__  RQ=[]  nexit=0)
@00019030   p5.release_databus,  p5.BLOCKED(disk)->READY                          (running=__  RQ=[5]  nexit=0)
@00019035   p5.READY->RUNNING                                                     (running=p5  RQ=[]  nexit=0)
@00019205   p5.freshTQ                                                            (running=p5  RQ=[]  nexit=0)
@00019375   p5.freshTQ                                                            (running=p5  RQ=[]  nexit=0)
@00019415   p5.RUNNING->EXIT                                                      (running=__  RQ=[]  nexit=1)
total_process_completion_time 170 19365

@00000000   reboot with TQ=180                                                    (running=__  RQ=[]  nexit=0)
@00000050   p5.NEW->READY                                                         (running=__  RQ=[5]  nexit=0)
@00000055   p5.READY->RUNNING                                                     (running=p5  RQ=[]  nexit=0)
@00000235   p5.freshTQ                                                            (running=p5  RQ=[]  nexit=0)
@00000275   p5.RUNNING->BLOCKED(disk),  p5.request_databus                        (running=__  RQ=[]  nexit=0)
@00019030   p5.release_databus,  p5.BLOCKED(disk)->READY                          (running=__  RQ=[5]  nexit=0)
@00019035   p5.READY->RUNNING                                                     (running=p5  RQ=[]  nexit=0)
@00019215   p5.freshTQ                                                            (running=p5  RQ=[]  nexit=0)
@00019395   p5.freshTQ                                                            (running=p5  RQ=[]  nexit=0)
@00019415   p5.RUNNING->EXIT                                                      (running=__  RQ=[]  nexit=1)
total_process_completion_time 180 19365

@00000000   reboot with TQ=190                                                    (running=__  RQ=[]  nexit=0)
@00000050   p5.NEW->READY                                                         (running=__  RQ=[5]  nexit=0)
@00000055   p5.READY->RUNNING                                                     (running=p5  RQ=[]  nexit=0)
@00000245   p5.freshTQ                                                            (running=p5  RQ=[]  nexit=0)
@00000275   p5.RUNNING->BLOCKED(disk),  p5.request_databus                        (running=__  RQ=[]  nexit=0)
@00019030   p5.release_databus,  p5.BLOCKED(disk)->READY                          (running=__  RQ=[5]  nexit=0)
@00019035   p5.READY->RUNNING                                                     (running=p5  RQ=[]  nexit=0)
@00019225   p5.freshTQ                                                            (running=p5  RQ=[]  nexit=0)
@00019415   p5.RUNNING->EXIT                                                      (running=__  RQ=[]  nexit=1)
total_process_completion_time 190 19365

@00000000   reboot with TQ=200                                                    (running=__  RQ=[]  nexit=0)
@00000050   p5.NEW->READY                                                         (running=__  RQ=[5]  nexit=0)
@00000055   p5.READY->RUNNING                                                     (running=p5  RQ=[]  nexit=0)
@00000255   p5.freshTQ                                                            (running=p5  RQ=[]  nexit=0)
@00000275   p5.RUNNING->BLOCKED(disk),  p5.request_databus                        (running=__  RQ=[]  nexit=0)
@00019030   p5.release_databus,  p5.BLOCKED(disk)->READY                          (running=__  RQ=[5]  nexit=0)
@00019035   p5.READY->RUNNING                                                     (running=p5  RQ=[]  nexit=0)
@00019235   p5.freshTQ                                                            (running=p5  RQ=[]  nexit=0)
@00019415   p5.RUNNING->EXIT                                                      (running=__  RQ=[]  nexit=1)
total_process_completion_time 200 19365

# reporting the longest time_quantum resulting in the shortest total_process_completion_time
best 200 19365