@00000000   reboot with TQ=10                                                     (running=__  RQ=[]  nexit=0)
@00000010   p1.NEW->READY                                                         (running=__  RQ=[1]  nexit=0)
@00000015   p1.READY->RUNNING                                                     (running=p1  RQ=[]  nexit=0)
@00000025   p1.freshTQ                                                            (running=p1  RQ=[]  nexit=0)
@00000035   p1.freshTQ                                                            (running=p1  RQ=[]  nexit=0)
@00000045   p1.freshTQ                                                            (running=p1  RQ=[]  nexit=0)
@00000055   p1.freshTQ                                                            (running=p1  RQ=[]  nexit=0)
@00000065   p1.freshTQ                                                            (running=p1  RQ=[]  nexit=0)
@00000075   p1.freshTQ                                                            (running=p1  RQ=[]  nexit=0)
@00000085   p1.freshTQ                                                            (running=p1  RQ=[]  nexit=0)
@00000095   p1.freshTQ                                                            (running=p1  RQ=[]  nexit=0)
@00000100   p2.NEW->READY                                                         (running=p1  RQ=[2]  nexit=0)
@00000105   p1.expire,  p1.RUNNING->READY                                         (running=__  RQ=[2,1]  nexit=0)
@00000110   p2.READY->RUNNING                                                     (running=p2  RQ=[1]  nexit=0)
@00000120   p2.expire,  p2.RUNNING->READY                                         (running=__  RQ=[1,2]  nexit=0)
@00000125   p1.READY->RUNNING                                                     (running=p1  RQ=[2]  nexit=0)
@00000135   p1.expire,  p1.RUNNING->READY                                         (running=__  RQ=[2,1]  nexit=0)
@00000140   p2.READY->RUNNING                                                     (running=p2  RQ=[1]  nexit=0)
@00000150   p2.expire,  p2.RUNNING->READY                                         (running=__  RQ=[1,2]  nexit=0)
@00000155   p1.READY->RUNNING                                                     (running=p1  RQ=[2]  nexit=0)
@00000165   p1.expire,  p1.RUNNING->READY                                         (running=__  RQ=[2,1]  nexit=0)
@00000170   p2.READY->RUNNING                                                     (running=p2  RQ=[1]  nexit=0)
@00000180   p2.expire,  p2.RUNNING->READY                                         (running=__  RQ=[1,2]  nexit=0)
@00000185   p1.READY->RUNNING                                                     (running=p1  RQ=[2]  nexit=0)
@00000195   p1.expire,  p1.RUNNING->READY                                         (running=__  RQ=[2,1]  nexit=0)
@00000200   p2.READY->RUNNING                                                     (running=p2  RQ=[1]  nexit=0)
@00000210   p2.expire,  p2.RUNNING->READY                                         (running=__  RQ=[1,2]  nexit=0)
@00000215   p1.READY->RUNNING                                                     (running=p1  RQ=[2]  nexit=0)
@00000225   p1.expire,  p1.RUNNING->READY                                         (running=__  RQ=[2,1]  nexit=0)
@00000230   p2.READY->RUNNING                                                     (running=p2  RQ=[1]  nexit=0)
@00000240   p2.expire,  p2.RUNNING->READY                                         (running=__  RQ=[1,2]  nexit=0)
@00000245   p1.READY->RUNNING                                                     (running=p1  RQ=[2]  nexit=0)
@00000255   p1.expire,  p1.RUNNING->READY                                         (running=__  RQ=[2,1]  nexit=0)
@00000260   p2.READY->RUNNING                                                     (running=p2  RQ=[1]  nexit=0)
@00000270   p2.expire,  p2.RUNNING->READY                                         (running=__  RQ=[1,2]  nexit=0)
@00000275   p1.READY->RUNNING                                                     (running=p1  RQ=[2]  nexit=0)
@00000285   p1.expire,  p1.RUNNING->READY                                         (running=__  RQ=[2,1]  nexit=0)
@00000290   p2.READY->RUNNING                                                     (running=p2  RQ=[1]  nexit=0)
@00000300   p2.expire,  p2.RUNNING->READY                                         (running=__  RQ=[1,2]  nexit=0)
@00000305   p1.READY->RUNNING                                                     (running=p1  RQ=[2]  nexit=0)
@00000315   p1.expire,  p1.RUNNING->READY                                         (running=__  RQ=[2,1]  nexit=0)
@00000320   p2.READY->RUNNING                                                     (running=p2  RQ=[1]  nexit=0)
@00000330   p2.expire,  p2.RUNNING->READY                                         (running=__  RQ=[1,2]  nexit=0)
@00000335   p1.READY->RUNNING                                                     (running=p1  RQ=[2]  nexit=0)
@00000345   p1.expire,  p1.RUNNING->READY                                         (running=__  RQ=[2,1]  nexit=0)
@00000350   p2.READY->RUNNING                                                     (running=p2  RQ=[1]  nexit=0)
@00000360   p2.expire,  p2.RUNNING->READY                                         (running=__  RQ=[1,2]  nexit=0)
@00000365   p1.READY->RUNNING                                                     (running=p1  RQ=[2]  nexit=0)
@00000375   p1.expire,  p1.RUNNING->READY                                         (running=__  RQ=[2,1]  nexit=0)
@00000380   p2.READY->RUNNING                                                     (running=p2  RQ=[1]  nexit=0)
@00000390   p2.expire,  p2.RUNNING->READY                                         (running=__  RQ=[1,2]  nexit=0)
@00000395   p1.READY->RUNNING                                                     (running=p1  RQ=[2]  nexit=0)
@00000405   p1.expire,  p1.RUNNING->READY                                         (running=__  RQ=[2,1]  nexit=0)
@00000410   p2.READY->RUNNING                                                     (running=p2  RQ=[1]  nexit=0)
@00000420   p2.expire,  p2.RUNNING->READY                                         (running=__  RQ=[1,2]  nexit=0)
@00000425   p1.READY->RUNNING                                                     (running=p1  RQ=[2]  nexit=0)
@00000435   p1.expire,  p1.RUNNING->READY                                         (running=__  RQ=[2,1]  nexit=0)
@00000440   p2.READY->RUNNING                                                     (running=p2  RQ=[1]  nexit=0)
@00000450   p2.expire,  p2.RUNNING->READY                                         (running=__  RQ=[1,2]  nexit=0)
@00000455   p1.READY->RUNNING                                                     (running=p1  RQ=[2]  nexit=0)
@00000465   p1.expire,  p1.RUNNING->READY                                         (running=__  RQ=[2,1]  nexit=0)
@00000470   p2.READY->RUNNING                                                     (running=p2  RQ=[1]  nexit=0)
@00000480   p2.expire,  p2.RUNNING->READY                                         (running=__  RQ=[1,2]  nexit=0)
@00000485   p1.READY->RUNNING                                                     (running=p1  RQ=[2]  nexit=0)
@00000495   p1.expire,  p1.RUNNING->READY                                         (running=__  RQ=[2,1]  nexit=0)
@00000500   p2.READY->RUNNING                                                     (running=p2  RQ=[1]  nexit=0)
@00000510   p2.expire,  p2.RUNNING->READY                                         (running=__  RQ=[1,2]  nexit=0)
@00000515   p1.READY->RUNNING                                                     (running=p1  RQ=[2]  nexit=0)
@00000525   p1.expire,  p1.RUNNING->READY                                         (running=__  RQ=[2,1]  nexit=0)
@00000530   p2.READY->RUNNING                                                     (running=p2  RQ=[1]  nexit=0)
@00000540   p2.RUNNING->EXIT                                                      (running=__  RQ=[1]  nexit=1)
@00000545   p1.READY->RUNNING                                                     (running=p1  RQ=[]  nexit=1)
@00000555   p1.freshTQ                                                            (running=p1  RQ=[]  nexit=1)
@00000565   p1.freshTQ                                                            (running=p1  RQ=[]  nexit=1)
@00000575   p1.freshTQ                                                            (running=p1  RQ=[]  nexit=1)
@00000585   p1.freshTQ                                                            (running=p1  RQ=[]  nexit=1)
@00000595   p1.freshTQ                                                            (running=p1  RQ=[]  nexit=1)
@00000605   p1.freshTQ                                                            (running=p1  RQ=[]  nexit=1)
@00000615   p1.RUNNING->EXIT                                                      (running=__  RQ=[]  nexit=2)
total_process_completion_time 10 605

@00000000   reboot with TQ=20                                                     (running=__  RQ=[]  nexit=0)
@00000010   p1.NEW->READY                                                         (running=__  RQ=[1]  nexit=0)
@00000015   p1.READY->RUNNING                                                     (running=p1  RQ=[]  nexit=0)
@00000035   p1.freshTQ                                                            (running=p1  RQ=[]  nexit=0)
@00000055   p1.freshTQ                                                            (running=p1  RQ=[]  nexit=0)
@00000075   p1.freshTQ                                                            (running=p1  RQ=[]  nexit=0)
@00000095   p1.freshTQ                                                            (running=p1  RQ=[]  nexit=0)
@00000100   p2.NEW->READY                                                         (running=p1  RQ=[2]  nexit=0)
@00000115   p1.expire,  p1.RUNNING->READY                                         (running=__  RQ=[2,1]  nexit=0)
@00000120   p2.READY->RUNNING                                                     (running=p2  RQ=[1]  nexit=0)
@00000140   p2.expire,  p2.RUNNING->READY                                         (running=__  RQ=[1,2]  nexit=0)
@00000145   p1.READY->RUNNING                                                     (running=p1  RQ=[2]  nexit=0)
@00000165   p1.expire,  p1.RUNNING->READY                                         (running=__  RQ=[2,1]  nexit=0)
@00000170   p2.READY->RUNNING                                                     (running=p2  RQ=[1]  nexit=0)
@00000190   p2.expire,  p2.RUNNING->READY                                         (running=__  RQ=[1,2]  nexit=0)
@00000195   p1.READY->RUNNING                                                     (running=p1  RQ=[2]  nexit=0)
@00000215   p1.expire,  p1.RUNNING->READY                                         (running=__  RQ=[2,1]  nexit=0)
@00000220   p2.READY->RUNNING                                                     (running=p2  RQ=[1]  nexit=0)
@00000240   p2.expire,  p2.RUNNING->READY                                         (running=__  RQ=[1,2]  nexit=0)
@00000245   p1.READY->RUNNING                                                     (running=p1  RQ=[2]  nexit=0)
@00000265   p1.expire,  p1.RUNNING->READY                                         (running=__  RQ=[2,1]  nexit=0)
@00000270   p2.READY->RUNNING                                                     (running=p2  RQ=[1]  nexit=0)
@00000290   p2.expire,  p2.RUNNING->READY                                         (running=__  RQ=[1,2]  nexit=0)
@00000295   p1.READY->RUNNING                                                     (running=p1  RQ=[2]  nexit=0)
@00000315   p1.expire,  p1.RUNNING->READY                                         (running=__  RQ=[2,1]  nexit=0)
@00000320   p2.READY->RUNNING                                                     (running=p2  RQ=[1]  nexit=0)
@00000340   p2.expire,  p2.RUNNING->READY                                         (running=__  RQ=[1,2]  nexit=0)
@00000345   p1.READY->RUNNING                                                     (running=p1  RQ=[2]  nexit=0)
@00000365   p1.expire,  p1.RUNNING->READY                                         (running=__  RQ=[2,1]  nexit=0)
@00000370   p2.READY->RUNNING                                                     (running=p2  RQ=[1]  nexit=0)
@00000390   p2.expire,  p2.RUNNING->READY                                         (running=__  RQ=[1,2]  nexit=0)
@00000395   p1.READY->RUNNING                                                     (running=p1  RQ=[2]  nexit=0)
@00000415   p1.expire,  p1.RUNNING->READY                                         (running=__  RQ=[2,1]  nexit=0)
@00000420   p2.READY->RUNNING                                                     (running=p2  RQ=[1]  nexit=0)
@00000440   p2.expire,  p2.RUNNING->READY                                         (running=__  RQ=[1,2]  nexit=0)
@00000445   p1.READY->RUNNING                                                     (running=p1  RQ=[2]  nexit=0)
@00000465   p1.expire,  p1.RUNNING->READY                                         (running=__  RQ=[2,1]  nexit=0)
@00000470   p2.READY->RUNNING                                                     (running=p2  RQ=[1]  nexit=0)
@00000480   p2.RUNNING->EXIT                                                      (running=__  RQ=[1]  nexit=1)
@00000485   p1.READY->RUNNING                                                     (running=p1  RQ=[]  nexit=1)
@00000505   p1.freshTQ                                                            (running=p1  RQ=[]  nexit=1)
@00000525   p1.freshTQ                                                            (running=p1  RQ=[]  nexit=1)
@00000545   p1.RUNNING->EXIT                                                      (running=__  RQ=[]  nexit=2)
total_process_completion_time 20 535

@00000000   reboot with TQ=30                                                     (running=__  RQ=[]  nexit=0)
@00000010   p1.NEW->READY                                                         (running=__  RQ=[1]  nexit=0)
@00000015   p1.READY->RUNNING                                                     (running=p1  RQ=[]  nexit=0)
@00000045   p1.freshTQ                                                            (running=p1  RQ=[]  nexit=0)
@00000075   p1.freshTQ                                                            (running=p1  RQ=[]  nexit=0)
@00000100   p2.NEW->READY                                                         (running=p1  RQ=[2]  nexit=0)
@00000105   p1.expire,  p1.RUNNING->READY                                         (running=__  RQ=[2,1]  nexit=0)
@00000110   p2.READY->RUNNING                                                     (running=p2  RQ=[1]  nexit=0)
@00000140   p2.expire,  p2.RUNNING->READY                                         (running=__  RQ=[1,2]  nexit=0)
@00000145   p1.READY->RUNNING                                                     (running=p1  RQ=[2]  nexit=0)
@00000175   p1.expire,  p1.RUNNING->READY                                         (running=__  RQ=[2,1]  nexit=0)
@00000180   p2.READY->RUNNING                                                     (running=p2  RQ=[1]  nexit=0)
@00000210   p2.expire,  p2.RUNNING->READY                                         (running=__  RQ=[1,2]  nexit=0)
@00000215   p1.READY->RUNNING                                                     (running=p1  RQ=[2]  nexit=0)
@00000245   p1.expire,  p1.RUNNING->READY                                         (running=__  RQ=[2,1]  nexit=0)
@00000250   p2.READY->RUNNING                                                     (running=p2  RQ=[1]  nexit=0)
@00000280   p2.expire,  p2.RUNNING->READY                                         (running=__  RQ=[1,2]  nexit=0)
@00000285   p1.READY->RUNNING                                                     (running=p1  RQ=[2]  nexit=0)
@00000315   p1.expire,  p1.RUNNING->READY                                         (running=__  RQ=[2,1]  nexit=0)
@00000320   p2.READY->RUNNING                                                     (running=p2  RQ=[1]  nexit=0)
@00000350   p2.expire,  p2.RUNNING->READY                                         (running=__  RQ=[1,2]  nexit=0)
@00000355   p1.READY->RUNNING                                                     (running=p1  RQ=[2]  nexit=0)
@00000385   p1.expire,  p1.RUNNING->READY                                         (running=__  RQ=[2,1]  nexit=0)
@00000390   p2.READY->RUNNING                                                     (running=p2  RQ=[1]  nexit=0)
@00000420   p2.RUNNING->EXIT                                                      (running=__  RQ=[1]  nexit=1)
@00000425   p1.READY->RUNNING                                                     (running=p1  RQ=[]  nexit=1)
@00000455   p1.freshTQ                                                            (running=p1  RQ=[]  nexit=1)
@00000485   p1.freshTQ                                                            (running=p1  RQ=[]  nexit=1)
@00000515   p1.RUNNING->EXIT                                                      (running=__  RQ=[]  nexit=2)
total_process_completion_time 30 505

@00000000   reboot with TQ=40                                                     (running=__  RQ=[]  nexit=0)
@00000010   p1.NEW->READY                                                         (running=__  RQ=[1]  nexit=0)
@00000015   p1.READY->RUNNING                                                     (running=p1  RQ=[]  nexit=0)
@00000055   p1.freshTQ                                                            (running=p1  RQ=[]  nexit=0)
@00000095   p1.freshTQ                                                            (running=p1  RQ=[]  nexit=0)
@00000100   p2.NEW->READY                                                         (running=p1  RQ=[2]  nexit=0)
@00000135   p1.expire,  p1.RUNNING->READY                                         (running=__  RQ=[2,1]  nexit=0)
@00000140   p2.READY->RUNNING                                                     (running=p2  RQ=[1]  nexit=0)
@00000180   p2.expire,  p2.RUNNING->READY                                         (running=__  RQ=[1,2]  nexit=0)
@00000185   p1.READY->RUNNING                                                     (running=p1  RQ=[2]  nexit=0)
@00000225   p1.expire,  p1.RUNNING->READY                                         (running=__  RQ=[2,1]  nexit=0)
@00000230   p2.READY->RUNNING                                                     (running=p2  RQ=[1]  nexit=0)
@00000270   p2.expire,  p2.RUNNING->READY                                         (running=__  RQ=[1,2]  nexit=0)
@00000275   p1.READY->RUNNING                                                     (running=p1  RQ=[2]  nexit=0)
@00000315   p1.expire,  p1.RUNNING->READY                                         (running=__  RQ=[2,1]  nexit=0)
@00000320   p2.READY->RUNNING                                                     (running=p2  RQ=[1]  nexit=0)
@00000360   p2.expire,  p2.RUNNING->READY                                         (running=__  RQ=[1,2]  nexit=0)
@00000365   p1.READY->RUNNING                                                     (running=p1  RQ=[2]  nexit=0)
@00000405   p1.expire,  p1.RUNNING->READY                                         (running=__  RQ=[2,1]  nexit=0)
@00000410   p2.READY->RUNNING                                                     (running=p2  RQ=[1]  nexit=0)
@00000440   p2.RUNNING->EXIT                                                      (running=__  RQ=[1]  nexit=1)
@00000445   p1.READY->RUNNING                                                     (running=p1  RQ=[]  nexit=1)
@00000485   p1.freshTQ                                                            (running=p1  RQ=[]  nexit=1)
@00000505   p1.RUNNING->EXIT                                                      (running=__  RQ=[]  nexit=2)
total_process_completion_time 40 495

@00000000   reboot with TQ=50                                                     (running=__  RQ=[]  nexit=0)
@00000010   p1.NEW->READY                                                         (running=__  RQ=[1]  nexit=0)
@00000015   p1.READY->RUNNING                                                     (running=p1  RQ=[]  nexit=0)
@00000065   p1.freshTQ                                                            (running=p1  RQ=[]  nexit=0)
@00000100   p2.NEW->READY                                                         (running=p1  RQ=[2]  nexit=0)
@00000115   p1.expire,  p1.RUNNING->READY                                         (running=__  RQ=[2,1]  nexit=0)
@00000120   p2.READY->RUNNING                                                     (running=p2  RQ=[1]  nexit=0)
@00000170   p2.expire,  p2.RUNNING->READY                                         (running=__  RQ=[1,2]  nexit=0)
@00000175   p1.READY->RUNNING                                                     (running=p1  RQ=[2]  nexit=0)
@00000225   p1.expire,  p1.RUNNING->READY                                         (running=__  RQ=[2,1]  nexit=0)
@00000230   p2.READY->RUNNING                                                     (running=p2  RQ=[1]  nexit=0)
@00000280   p2.expire,  p2.RUNNING->READY                                         (running=__  RQ=[1,2]  nexit=0)
@00000285   p1.READY->RUNNING                                                     (running=p1  RQ=[2]  nexit=0)
@00000335   p1.expire,  p1.RUNNING->READY                                         (running=__  RQ=[2,1]  nexit=0)
@00000340   p2.READY->RUNNING                                                     (running=p2  RQ=[1]  nexit=0)
@00000390   p2.RUNNING->EXIT                                                      (running=__  RQ=[1]  nexit=1)
@00000395   p1.READY->RUNNING                                                     (running=p1  RQ=[]  nexit=1)
@00000445   p1.freshTQ                                                            (running=p1  RQ=[]  nexit=1)
@00000495   p1.RUNNING->EXIT                                                      (running=__  RQ=[]  nexit=2)
total_process_completion_time 50 485

@00000000   reboot with TQ=60                                                     (running=__  RQ=[]  nexit=0)
@00000010   p1.NEW->READY                                                         (running=__  RQ=[1]  nexit=0)
@00000015   p1.READY->RUNNING                                                     (running=p1  RQ=[]  nexit=0)
@00000075   p1.freshTQ                                                            (running=p1  RQ=[]  nexit=0)
@00000100   p2.NEW->READY                                                         (running=p1  RQ=[2]  nexit=0)
@00000135   p1.expire,  p1.RUNNING->READY                                         (running=__  RQ=[2,1]  nexit=0)
@00000140   p2.READY->RUNNING                                                     (running=p2  RQ=[1]  nexit=0)
@00000200   p2.expire,  p2.RUNNING->READY                                         (running=__  RQ=[1,2]  nexit=0)
@00000205   p1.READY->RUNNING                                                     (running=p1  RQ=[2]  nexit=0)
@00000265   p1.expire,  p1.RUNNING->READY                                         (running=__  RQ=[2,1]  nexit=0)
@00000270   p2.READY->RUNNING                                                     (running=p2  RQ=[1]  nexit=0)
@00000330   p2.expire,  p2.RUNNING->READY                                         (running=__  RQ=[1,2]  nexit=0)
@00000335   p1.READY->RUNNING                                                     (running=p1  RQ=[2]  nexit=0)
@00000395   p1.expire,  p1.RUNNING->READY                                         (running=__  RQ=[2,1]  nexit=0)
@00000400   p2.READY->RUNNING                                                     (running=p2  RQ=[1]  nexit=0)
@00000430   p2.RUNNING->EXIT                                                      (running=__  RQ=[1]  nexit=1)
@00000435   p1.READY->RUNNING                                                     (running=p1  RQ=[]  nexit=1)
@00000495   p1.RUNNING->EXIT                                                      (running=__  RQ=[]  nexit=2)
total_process_completion_time 60 485

@00000000   reboot with TQ=70                                                     (running=__  RQ=[]  nexit=0)
@00000010   p1.NEW->READY                                                         (running=__  RQ=[1]  nexit=0)
@00000015   p1.READY->RUNNING                                                     (running=p1  RQ=[]  nexit=0)
@00000085   p1.freshTQ                                                            (running=p1  RQ=[]  nexit=0)
@00000100   p2.NEW->READY                                                         (running=p1  RQ=[2]  nexit=0)
@00000155   p1.expire,  p1.RUNNING->READY                                         (running=__  RQ=[2,1]  nexit=0)
@00000160   p2.READY->RUNNING                                                     (running=p2  RQ=[1]  nexit=0)
@00000230   p2.expire,  p2.RUNNING->READY                                         (running=__  RQ=[1,2]  nexit=0)
@00000235   p1.READY->RUNNING                                                     (running=p1  RQ=[2]  nexit=0)
@00000305   p1.expire,  p1.RUNNING->READY                                         (running=__  RQ=[2,1]  nexit=0)
@00000310   p2.READY->RUNNING                                                     (running=p2  RQ=[1]  nexit=0)
@00000380   p2.expire,  p2.RUNNING->READY                                         (running=__  RQ=[1,2]  nexit=0)
@00000385   p1.READY->RUNNING                                                     (running=p1  RQ=[2]  nexit=0)
@00000455   p1.expire,  p1.RUNNING->READY                                         (running=__  RQ=[2,1]  nexit=0)
@00000460   p2.READY->RUNNING                                                     (running=p2  RQ=[1]  nexit=0)
@00000470   p2.RUNNING->EXIT                                                      (running=__  RQ=[1]  nexit=1)
@00000475   p1.READY->RUNNING                                                     (running=p1  RQ=[]  nexit=1)
@00000495   p1.RUNNING->EXIT                                                      (running=__  RQ=[]  nexit=2)
total_process_completion_time 70 485

@00000000   reboot with TQ=80                                                     (running=__  RQ=[]  nexit=0)
@00000010   p1.NEW->READY                                                         (running=__  RQ=[1]  nexit=0)
@00000015   p1.READY->RUNNING                                                     (running=p1  RQ=[]  nexit=0)
@00000095   p1.freshTQ                                                            (running=p1  RQ=[]  nexit=0)
@00000100   p2.NEW->READY                                                         (running=p1  RQ=[2]  nexit=0)
@00000175   p1.expire,  p1.RUNNING->READY                                         (running=__  RQ=[2,1]  nexit=0)
@00000180   p2.READY->RUNNING                                                     (running=p2  RQ=[1]  nexit=0)
@00000260   p2.expire,  p2.RUNNING->READY                                         (running=__  RQ=[1,2]  nexit=0)
@00000265   p1.READY->RUNNING                                                     (running=p1  RQ=[2]  nexit=0)
@00000345   p1.expire,  p1.RUNNING->READY                                         (running=__  RQ=[2,1]  nexit=0)
@00000350   p2.READY->RUNNING                                                     (running=p2  RQ=[1]  nexit=0)
@00000420   p2.RUNNING->EXIT                                                      (running=__  RQ=[1]  nexit=1)
@00000425   p1.READY->RUNNING                                                     (running=p1  RQ=[]  nexit=1)
@00000485   p1.RUNNING->EXIT                                                      (running=__  RQ=[]  nexit=2)
total_process_completion_time 80 475

@00000000   reboot with TQ=90                                                     (running=__  RQ=[]  nexit=0)
@00000010   p1.NEW->READY                                                         (running=__  RQ=[1]  nexit=0)
@00000015   p1.READY->RUNNING                                                     (running=p1  RQ=[]  nexit=0)
@00000100   p2.NEW->READY                                                         (running=p1  RQ=[2]  nexit=0)
@00000105   p1.expire,  p1.RUNNING->READY                                         (running=__  RQ=[2,1]  nexit=0)
@00000110   p2.READY->RUNNING                                                     (running=p2  RQ=[1]  nexit=0)
@00000200   p2.expire,  p2.RUNNING->READY                                         (running=__  RQ=[1,2]  nexit=0)
@00000205   p1.READY->RUNNING                                                     (running=p1  RQ=[2]  nexit=0)
@00000295   p1.expire,  p1.RUNNING->READY                                         (running=__  RQ=[2,1]  nexit=0)
@00000300   p2.READY->RUNNING                                                     (running=p2  RQ=[1]  nexit=0)
@00000360   p2.RUNNING->EXIT                                                      (running=__  RQ=[1]  nexit=1)
@00000365   p1.READY->RUNNING                                                     (running=p1  RQ=[]  nexit=1)
@00000455   p1.freshTQ                                                            (running=p1  RQ=[]  nexit=1)
@00000485   p1.RUNNING->EXIT                                                      (running=__  RQ=[]  nexit=2)
total_process_completion_time 90 475

@00000000   reboot with TQ=100                                                    (running=__  RQ=[]  nexit=0)
@00000010   p1.NEW->READY                                                         (running=__  RQ=[1]  nexit=0)
@00000015   p1.READY->RUNNING                                                     (running=p1  RQ=[]  nexit=0)
@00000100   p2.NEW->READY                                                         (running=p1  RQ=[2]  nexit=0)
@00000115   p1.expire,  p1.RUNNING->READY                                         (running=__  RQ=[2,1]  nexit=0)
@00000120   p2.READY->RUNNING                                                     (running=p2  RQ=[1]  nexit=0)
@00000220   p2.expire,  p2.RUNNING->READY                                         (running=__  RQ=[1,2]  nexit=0)
@00000225   p1.READY->RUNNING                                                     (running=p1  RQ=[2]  nexit=0)
@00000325   p1.expire,  p1.RUNNING->READY                                         (running=__  RQ=[2,1]  nexit=0)
@00000330   p2.READY->RUNNING                                                     (running=p2  RQ=[1]  nexit=0)
@00000380   p2.RUNNING->EXIT                                                      (running=__  RQ=[1]  nexit=1)
@00000385   p1.READY->RUNNING                                                     (running=p1  RQ=[]  nexit=1)
@00000485   p1.RUNNING->EXIT                                                      (running=__  RQ=[]  nexit=2)
total_process_completion_time 100 475

@00000000   reboot with TQ=110                                                    (running=__  RQ=[]  nexit=0)
@00000010   p1.NEW->READY                                                         (running=__  RQ=[1]  nexit=0)
@00000015   p1.READY->RUNNING                                                     (running=p1  RQ=[]  nexit=0)
@00000100   p2.NEW->READY                                                         (running=p1  RQ=[2]  nexit=0)
@00000125   p1.expire,  p1.RUNNING->READY                                         (running=__  RQ=[2,1]  nexit=0)
@00000130   p2.READY->RUNNING                                                     (running=p2  RQ=[1]  nexit=0)
@00000240   p2.expire,  p2.RUNNING->READY                                         (running=__  RQ=[1,2]  nexit=0)
@00000245   p1.READY->RUNNING                                                     (running=p1  RQ=[2]  nexit=0)
@00000355   p1.expire,  p1.RUNNING->READY                                         (running=__  RQ=[2,1]  nexit=0)
@00000360   p2.READY->RUNNING                                                     (running=p2  RQ=[1]  nexit=0)
@00000400   p2.RUNNING->EXIT                                                      (running=__  RQ=[1]  nexit=1)
@00000405   p1.READY->RUNNING                                                     (running=p1  RQ=[]  nexit=1)
@00000485   p1.RUNNING->EXIT                                                      (running=__  RQ=[]  nexit=2)
total_process_completion_time 110 475

@00000000   reboot with TQ=120                                                    (running=__  RQ=[]  nexit=0)
@00000010   p1.NEW->READY                                                         (running=__  RQ=[1]  nexit=0)
@00000015   p1.READY->RUNNING                                                     (running=p1  RQ=[]  nexit=0)
@00000100   p2.NEW->READY                                                         (running=p1  RQ=[2]  nexit=0)
@00000135   p1.expire,  p1.RUNNING->READY                                         (running=__  RQ=[2,1]  nexit=0)
@00000140   p2.READY->RUNNING                                                     (running=p2  RQ=[1]  nexit=0)
@00000260   p2.expire,  p2.RUNNING->READY                                         (running=__  RQ=[1,2]  nexit=0)
@00000265   p1.READY->RUNNING                                                     (running=p1  RQ=[2]  nexit=0)
@00000385   p1.expire,  p1.RUNNING->READY                                         (running=__  RQ=[2,1]  nexit=0)
@00000390   p2.READY->RUNNING                                                     (running=p2  RQ=[1]  nexit=0)
@00000420   p2.RUNNING->EXIT                                                      (running=__  RQ=[1]  nexit=1)
@00000425   p1.READY->RUNNING                                                     (running=p1  RQ=[]  nexit=1)
@00000485   p1.RUNNING->EXIT                                                      (running=__  RQ=[]  nexit=2)
total_process_completion_time 120 475

@00000000   reboot with TQ=130                                                    (running=__  RQ=[]  nexit=0)
@00000010   p1.NEW->READY                                                         (running=__  RQ=[1]  nexit=0)
@00000015   p1.READY->RUNNING                                                     (running=p1  RQ=[]  nexit=0)
@00000100   p2.NEW->READY                                                         (running=p1  RQ=[2]  nexit=0)
@00000145   p1.expire,  p1.RUNNING->READY                                         (running=__  RQ=[2,1]  nexit=0)
@00000150   p2.READY->RUNNING                                                     (running=p2  RQ=[1]  nexit=0)
@00000280   p2.expire,  p2.RUNNING->READY                                         (running=__  RQ=[1,2]  nexit=0)
@00000285   p1.READY->RUNNING                                                     (running=p1  RQ=[2]  nexit=0)
@00000415   p1.expire,  p1.RUNNING->READY                                         (running=__  RQ=[2,1]  nexit=0)
@00000420   p2.READY->RUNNING                                                     (running=p2  RQ=[1]  nexit=0)
@00000440   p2.RUNNING->EXIT                                                      (running=__  RQ=[1]  nexit=1)
@00000445   p1.READY->RUNNING                                                     (running=p1  RQ=[]  nexit=1)
@00000485   p1.RUNNING->EXIT                                                      (running=__  RQ=[]  nexit=2)
total_process_completion_time 130 475

@00000000   reboot with TQ=140                                                    (running=__  RQ=[]  nexit=0)
@00000010   p1.NEW->READY                                                         (running=__  RQ=[1]  nexit=0)
@00000015   p1.READY->RUNNING                                                     (running=p1  RQ=[]  nexit=0)
@00000100   p2.NEW->READY                                                         (running=p1  RQ=[2]  nexit=0)
@00000155   p1.expire,  p1.RUNNING->READY                                         (running=__  RQ=[2,1]  nexit=0)
@00000160   p2.READY->RUNNING                                                     (running=p2  RQ=[1]  nexit=0)
@00000300   p2.expire,  p2.RUNNING->READY                                         (running=__  RQ=[1,2]  nexit=0)
@00000305   p1.READY->RUNNING                                                     (running=p1  RQ=[2]  nexit=0)
@00000445   p1.expire,  p1.RUNNING->READY                                         (running=__  RQ=[2,1]  nexit=0)
@00000450   p2.READY->RUNNING                                                     (running=p2  RQ=[1]  nexit=0)
@00000460   p2.RUNNING->EXIT                                                      (running=__  RQ=[1]  nexit=1)
@00000465   p1.READY->RUNNING                                                     (running=p1  RQ=[]  nexit=1)
@00000485   p1.RUNNING->EXIT                                                      (running=__  RQ=[]  nexit=2)
total_process_completion_time 140 475

@00000000   reboot with TQ=150                                                    (running=__  RQ=[]  nexit=0)
@00000010   p1.NEW->READY                                                         (running=__  RQ=[1]  nexit=0)
@00000015   p1.READY->RUNNING                                                     (running=p1  RQ=[]  nexit=0)
@00000100   p2.NEW->READY                                                         (running=p1  RQ=[2]  nexit=0)
@00000165   p1.expire,  p1.RUNNING->READY                                         (running=__  RQ=[2,1]  nexit=0)
@00000170   p2.READY->RUNNING                                                     (running=p2  RQ=[1]  nexit=0)
@00000320   p2.RUNNING->EXIT                                                      (running=__  RQ=[1]  nexit=1)
@00000325   p1.READY->RUNNING                                                     (running=p1  RQ=[]  nexit=1)
@00000475   p1.RUNNING->EXIT                                                      (running=__  RQ=[]  nexit=2)
total_process_completion_time 150 465

@00000000   reboot with TQ=160                                                    (running=__  RQ=[]  nexit=0)
@00000010   p1.NEW->READY                                                         (running=__  RQ=[1]  nexit=0)
@00000015   p1.READY->RUNNING                                                     (running=p1  RQ=[]  nexit=0)
@00000100   p2.NEW->READY                                                         (running=p1  RQ=[2]  nexit=0)
@00000175   p1.expire,  p1.RUNNING->READY                                         (running=__  RQ=[2,1]  nexit=0)
@00000180   p2.READY->RUNNING                                                     (running=p2  RQ=[1]  nexit=0)
@00000330   p2.RUNNING->EXIT                                                      (running=__  RQ=[1]  nexit=1)
@00000335   p1.READY->RUNNING                                                     (running=p1  RQ=[]  nexit=1)
@00000475   p1.RUNNING->EXIT                                                      (running=__  RQ=[]  nexit=2)
total_process_completion_time 160 465

@00000000   reboot with TQ=170                                                    (running=__  RQ=[]  nexit=0)
@00000010   p1.NEW->READY                                                         (running=__  RQ=[1]  nexit=0)
@00000015   p1.READY->RUNNING                                                     (running=p1  RQ=[]  nexit=0)
@00000100   p2.NEW->READY                                                         (running=p1  RQ=[2]  nexit=0)
@00000185   p1.expire,  p1.RUNNING->READY                                         (running=__  RQ=[2,1]  nexit=0)
@00000190   p2.READY->RUNNING                                                     (running=p2  RQ=[1]  nexit=0)
@00000340   p2.RUNNING->EXIT                                                      (running=__  RQ=[1]  nexit=1)
@00000345   p1.READY->RUNNING                                                     (running=p1  RQ=[]  nexit=1)
@00000475   p1.RUNNING->EXIT                                                      (running=__  RQ=[]  nexit=2)
total_process_completion_time 170 465

@00000000   reboot with TQ=180                                                    (running=__  RQ=[]  nexit=0)
@00000010   p1.NEW->READY                                                         (running=__  RQ=[1]  nexit=0)
@00000015   p1.READY->RUNNING                                                     (running=p1  RQ=[]  nexit=0)
@00000100   p2.NEW->READY                                                         (running=p1  RQ=[2]  nexit=0)
@00000195   p1.expire,  p1.RUNNING->READY                                         (running=__  RQ=[2,1]  nexit=0)
@00000200   p2.READY->RUNNING                                                     (running=p2  RQ=[1]  nexit=0)
@00000350   p2.RUNNING->EXIT                                                      (running=__  RQ=[1]  nexit=1)
@00000355   p1.READY->RUNNING                                                     (running=p1  RQ=[]  nexit=1)
@00000475   p1.RUNNING->EXIT                                                      (running=__  RQ=[]  nexit=2)
total_process_completion_time 180 465

@00000000   reboot with TQ=190                                                    (running=__  RQ=[]  nexit=0)
@00000010   p1.NEW->READY                                                         (running=__  RQ=[1]  nexit=0)
@00000015   p1.READY->RUNNING                                                     (running=p1  RQ=[]  nexit=0)
@00000100   p2.NEW->READY                                                         (running=p1  RQ=[2]  nexit=0)
@00000205   p1.expire,  p1.RUNNING->READY                                         (running=__  RQ=[2,1]  nexit=0)
@00000210   p2.READY->RUNNING                                                     (running=p2  RQ=[1]  nexit=0)
@00000360   p2.RUNNING->EXIT                                                      (running=__  RQ=[1]  nexit=1)
@00000365   p1.READY->RUNNING                                                     (running=p1  RQ=[]  nexit=1)
@00000475   p1.RUNNING->EXIT                                                      (running=__  RQ=[]  nexit=2)
total_process_completion_time 190 465

@00000000   reboot with TQ=200                                                    (running=__  RQ=[]  nexit=0)
@00000010   p1.NEW->READY                                                         (running=__  RQ=[1]  nexit=0)
@00000015   p1.READY->RUNNING                                                     (running=p1  RQ=[]  nexit=0)
@00000100   p2.NEW->READY                                                         (running=p1  RQ=[2]  nexit=0)
@00000215   p1.expire,  p1.RUNNING->READY                                         (running=__  RQ=[2,1]  nexit=0)
@00000220   p2.READY->RUNNING                                                     (running=p2  RQ=[1]  nexit=0)
@00000370   p2.RUNNING->EXIT                                                      (running=__  RQ=[1]  nexit=1)
@00000375   p1.READY->RUNNING                                                     (running=p1  RQ=[]  nexit=1)
@00000475   p1.RUNNING->EXIT                                                      (running=__  RQ=[]  nexit=2)
total_process_completion_time 200 465

# reporting the longest time_quantum resulting in the shortest total_process_completion_time
best 200 465