@00000000   reboot with TQ=10                                                     (running=__  RQ=[]  nexit=0)
@00000010   p1.NEW->READY                                                         (running=__  RQ=[1]  nexit=0)
@00000015   p1.READY->RUNNING                                                     (running=p1  RQ=[]  nexit=0)
@00000025   p1.freshTQ                                                            (running=p1  RQ=[]  nexit=0)
@00000035   p1.freshTQ                                                            (running=p1  RQ=[]  nexit=0)
@00000045   p1.freshTQ                                                            (running=p1  RQ=[]  nexit=0)
@00000055   p1.freshTQ                                                            (running=p1  RQ=[]  nexit=0)
@00000065   p1.freshTQ                                                            (running=p1  RQ=[]  nexit=0)
@00000075   p1.freshTQ                                                            (running=p1  RQ=[]  nexit=0)
@00000085   p1.freshTQ                                                            (running=p1  RQ=[]  nexit=0)
@00000095   p1.freshTQ                                                            (running=p1  RQ=[]  nexit=0)
@00000105   p1.freshTQ                                                            (running=p1  RQ=[]  nexit=0)
@00000115   p1.freshTQ                                                            (running=p1  RQ=[]  nexit=0)
@00000125   p1.freshTQ                                                            (running=p1  RQ=[]  nexit=0)
@00000135   p1.freshTQ                                                            (running=p1  RQ=[]  nexit=0)
@00000145   p1.freshTQ                                                            (running=p1  RQ=[]  nexit=0)
@00000155   p1.freshTQ                                                            (running=p1  RQ=[]  nexit=0)
@00000165   p1.freshTQ                                                            (running=p1  RQ=[]  nexit=0)
@00000175   p1.freshTQ                                                            (running=p1  RQ=[]  nexit=0)
@00000185   p1.freshTQ                                                            (running=p1  RQ=[]  nexit=0)
@00000195   p1.freshTQ                                                            (running=p1  RQ=[]  nexit=0)
@00000205   p1.freshTQ                                                            (running=p1  RQ=[]  nexit=0)
@00000215   p1.RUNNING->EXIT                                                      (running=__  RQ=[]  nexit=1)
@00000400   p2.NEW->READY                                                         (running=__  RQ=[2]  nexit=1)
@00000405   p2.READY->RUNNING                                                     (running=p2  RQ=[]  nexit=1)
@00000415   p2.freshTQ                                                            (running=p2  RQ=[]  nexit=1)
@00000425   p2.freshTQ                                                            (running=p2  RQ=[]  nexit=1)
@00000435   p2.freshTQ                                                            (running=p2  RQ=[]  nexit=1)
@00000445   p2.freshTQ                                                            (running=p2  RQ=[]  nexit=1)
@00000455   p2.freshTQ                                                            (running=p2  RQ=[]  nexit=1)
@00000465   p2.freshTQ                                                            (running=p2  RQ=[]  nexit=1)
@00000475   p2.freshTQ                                                            (running=p2  RQ=[]  nexit=1)
@00000485   p2.freshTQ                                                            (running=p2  RQ=[]  nexit=1)
@00000495   p2.freshTQ                                                            (running=p2  RQ=[]  nexit=1)
@00000505   p2.freshTQ                                                            (running=p2  RQ=[]  nexit=1)
@00000515   p2.freshTQ                                                            (running=p2  RQ=[]  nexit=1)
@00000525   p2.freshTQ                                                            (running=p2  RQ=[]  nexit=1)
@00000535   p2.freshTQ                                                            (running=p2  RQ=[]  nexit=1)
@00000545   p2.freshTQ                                                            (running=p2  RQ=[]  nexit=1)
@00000555   p2.freshTQ                                                            (running=p2  RQ=[]  nexit=1)
@00000565   p2.freshTQ                                                            (running=p2  RQ=[]  nexit=1)
@00000575   p2.freshTQ                                                            (running=p2  RQ=[]  nexit=1)
@00000585   p2.freshTQ                                                            (running=p2  RQ=[]  nexit=1)
@00000595   p2.freshTQ                                                            (running=p2  RQ=[]  nexit=1)
@00000605   p2.RUNNING->EXIT                                                      (running=__  RQ=[]  nexit=2)
total_process_completion_time 10 595

@00000000   reboot with TQ=20                                                     (running=__  RQ=[]  nexit=0)
@00000010   p1.NEW->READY                                                         (running=__  RQ=[1]  nexit=0)
@00000015   p1.READY->RUNNING                                                     (running=p1  RQ=[]  nexit=0)
@00000035   p1.freshTQ                                                            (running=p1  RQ=[]  nexit=0)
@00000055   p1.freshTQ                                                            (running=p1  RQ=[]  nexit=0)
@00000075   p1.freshTQ                                                            (running=p1  RQ=[]  nexit=0)
@00000095   p1.freshTQ                                                            (running=p1  RQ=[]  nexit=0)
@00000115   p1.freshTQ                                                            (running=p1  RQ=[]  nexit=0)
@00000135   p1.freshTQ                                                            (running=p1  RQ=[]  nexit=0)
@00000155   p1.freshTQ                                                            (running=p1  RQ=[]  nexit=0)
@00000175   p1.freshTQ                                                            (running=p1  RQ=[]  nexit=0)
@00000195   p1.freshTQ                                                            (running=p1  RQ=[]  nexit=0)
@00000215   p1.RUNNING->EXIT                                                      (running=__  RQ=[]  nexit=1)
@00000400   p2.NEW->READY                                                         (running=__  RQ=[2]  nexit=1)
@00000405   p2.READY->RUNNING                                                     (running=p2  RQ=[]  nexit=1)
@00000425   p2.freshTQ                                                            (running=p2  RQ=[]  nexit=1)
@00000445   p2.freshTQ                                                            (running=p2  RQ=[]  nexit=1)
@00000465   p2.freshTQ                                                            (running=p2  RQ=[]  nexit=1)
@00000485   p2.freshTQ                                                            (running=p2  RQ=[]  nexit=1)
@00000505   p2.freshTQ                                                            (running=p2  RQ=[]  nexit=1)
@00000525   p2.freshTQ                                                            (running=p2  RQ=[]  nexit=1)
@00000545   p2.freshTQ                                                            (running=p2  RQ=[]  nexit=1)
@00000565   p2.freshTQ                                                            (running=p2  RQ=[]  nexit=1)
@00000585   p2.freshTQ                                                            (running=p2  RQ=[]  nexit=1)
@00000605   p2.RUNNING->EXIT                                                      (running=__  RQ=[]  nexit=2)
total_process_completion_time 20 595

@00000000   reboot with TQ=30                                                     (running=__  RQ=[]  nexit=0)
@00000010   p1.NEW->READY                                                         (running=__  RQ=[1]  nexit=0)
@00000015   p1.READY->RUNNING                                                     (running=p1  RQ=[]  nexit=0)
@00000045   p1.freshTQ                                                            (running=p1  RQ=[]  nexit=0)
@00000075   p1.freshTQ                                                            (running=p1  RQ=[]  nexit=0)
@00000105   p1.freshTQ                                                            (running=p1  RQ=[]  nexit=0)
@00000135   p1.freshTQ                                                            (running=p1  RQ=[]  nexit=0)
@00000165   p1.freshTQ                                                            (running=p1  RQ=[]  nexit=0)
@00000195   p1.freshTQ                                                            (running=p1  RQ=[]  nexit=0)
@00000215   p1.RUNNING->EXIT                                                      (running=__  RQ=[]  nexit=1)
@00000400   p2.NEW->READY                                                         (running=__  RQ=[2]  nexit=1)
@00000405   p2.READY->RUNNING                                                     (running=p2  RQ=[]  nexit=1)
@00000435   p2.freshTQ                                                            (running=p2  RQ=[]  nexit=1)
@00000465   p2.freshTQ                                                            (running=p2  RQ=[]  nexit=1)
@00000495   p2.freshTQ                                                            (running=p2  RQ=[]  nexit=1)
@00000525   p2.freshTQ                                                            (running=p2  RQ=[]  nexit=1)
@00000555   p2.freshTQ                                                            (running=p2  RQ=[]  nexit=1)
@00000585   p2.freshTQ                                                            (running=p2  RQ=[]  nexit=1)
@00000605   p2.RUNNING->EXIT                                                      (running=__  RQ=[]  nexit=2)
total_process_completion_time 30 595

@00000000   reboot with TQ=40                                                     (running=__  RQ=[]  nexit=0)
@00000010   p1.NEW->READY                                                         (running=__  RQ=[1]  nexit=0)
@00000015   p1.READY->RUNNING                                                     (running=p1  RQ=[]  nexit=0)
@00000055   p1.freshTQ                                                            (running=p1  RQ=[]  nexit=0)
@00000095   p1.freshTQ                                                            (running=p1  RQ=[]  nexit=0)
@00000135   p1.freshTQ                                                            (running=p1  RQ=[]  nexit=0)
@00000175   p1.freshTQ                                                            (running=p1  RQ=[]  nexit=0)
@00000215   p1.RUNNING->EXIT                                                      (running=__  RQ=[]  nexit=1)
@00000400   p2.NEW->READY                                                         (running=__  RQ=[2]  nexit=1)
@00000405   p2.READY->RUNNING                                                     (running=p2  RQ=[]  nexit=1)
@00000445   p2.freshTQ                                                            (running=p2  RQ=[]  nexit=1)
@00000485   p2.freshTQ                                                            (running=p2  RQ=[]  nexit=1)
@00000525   p2.freshTQ                                                            (running=p2  RQ=[]  nexit=1)
@00000565   p2.freshTQ                                                            (running=p2  RQ=[]  nexit=1)
@00000605   p2.RUNNING->EXIT                                                      (running=__  RQ=[]  nexit=2)
total_process_completion_time 40 595

@00000000   reboot with TQ=50                                                     (running=__  RQ=[]  nexit=0)
@00000010   p1.NEW->READY                                                         (running=__  RQ=[1]  nexit=0)
@00000015   p1.READY->RUNNING                                                     (running=p1  RQ=[]  nexit=0)
@00000065   p1.freshTQ                                                            (running=p1  RQ=[]  nexit=0)
@00000115   p1.freshTQ                                                            (running=p1  RQ=[]  nexit=0)
@00000165   p1.freshTQ                                                            (running=p1  RQ=[]  nexit=0)
@00000215   p1.RUNNING->EXIT                                                      (running=__  RQ=[]  nexit=1)
@00000400   p2.NEW->READY                                                         (running=__  RQ=[2]  nexit=1)
@00000405   p2.READY->RUNNING                                                     (running=p2  RQ=[]  nexit=1)
@00000455   p2.freshTQ                                                            (running=p2  RQ=[]  nexit=1)
@00000505   p2.freshTQ                                                            (running=p2  RQ=[]  nexit=1)
@00000555   p2.freshTQ                                                            (running=p2  RQ=[]  nexit=1)
@00000605   p2.RUNNING->EXIT                                                      (running=__  RQ=[]  nexit=2)
total_process_completion_time 50 595

@00000000   reboot with TQ=60                                                     (running=__  RQ=[]  nexit=0)
@00000010   p1.NEW->READY                                                         (running=__  RQ=[1]  nexit=0)
@00000015   p1.READY->RUNNING                                                     (running=p1  RQ=[]  nexit=0)
@00000075   p1.freshTQ                                                            (running=p1  RQ=[]  nexit=0)
@00000135   p1.freshTQ                                                            (running=p1  RQ=[]  nexit=0)
@00000195   p1.freshTQ                                                            (running=p1  RQ=[]  nexit=0)
@00000215   p1.RUNNING->EXIT                                                      (running=__  RQ=[]  nexit=1)
@00000400   p2.NEW->READY                                                         (running=__  RQ=[2]  nexit=1)
@00000405   p2.READY->RUNNING                                                     (running=p2  RQ=[]  nexit=1)
@00000465   p2.freshTQ                                                            (running=p2  RQ=[]  nexit=1)
@00000525   p2.freshTQ                                                            (running=p2  RQ=[]  nexit=1)
@00000585   p2.freshTQ                                                            (running=p2  RQ=[]  nexit=1)
@00000605   p2.RUNNING->EXIT                                                      (running=__  RQ=[]  nexit=2)
total_process_completion_time 60 595

@00000000   reboot with TQ=70                                                     (running=__  RQ=[]  nexit=0)
@00000010   p1.NEW->READY                                                         (running=__  RQ=[1]  nexit=0)
@00000015   p1.READY->RUNNING                                                     (running=p1  RQ=[]  nexit=0)
@00000085   p1.freshTQ                                                            (running=p1  RQ=[]  nexit=0)
@00000155   p1.freshTQ                                                            (running=p1  RQ=[]  nexit=0)
@00000215   p1.RUNNING->EXIT                                                      (running=__  RQ=[]  nexit=1)
@00000400   p2.NEW->READY                                                         (running=__  RQ=[2]  nexit=1)
@00000405   p2.READY->RUNNING                                                     (running=p2  RQ=[]  nexit=1)
@00000475   p2.freshTQ                                                            (running=p2  RQ=[]  nexit=1)
@00000545   p2.freshTQ                                                            (running=p2  RQ=[]  nexit=1)
@00000605   p2.RUNNING->EXIT                                                      (running=__  RQ=[]  nexit=2)
total_process_completion_time 70 595

@00000000   reboot with TQ=80                                                     (running=__  RQ=[]  nexit=0)
@00000010   p1.NEW->READY                                                         (running=__  RQ=[1]  nexit=0)
@00000015   p1.READY->RUNNING                                                     (running=p1  RQ=[]  nexit=0)
@00000095   p1.freshTQ                                                            (running=p1  RQ=[]  nexit=0)
@00000175   p1.freshTQ                                                            (running=p1  RQ=[]  nexit=0)
@00000215   p1.RUNNING->EXIT                                                      (running=__  RQ=[]  nexit=1)
@00000400   p2.NEW->READY                                                         (running=__  RQ=[2]  nexit=1)
@00000405   p2.READY->RUNNING                                                     (running=p2  RQ=[]  nexit=1)
@00000485   p2.freshTQ                                                            (running=p2  RQ=[]  nexit=1)
@00000565   p2.freshTQ                                                            (running=p2  RQ=[]  nexit=1)
@00000605   p2.RUNNING->EXIT                                                      (running=__  RQ=[]  nexit=2)
total_process_completion_time 80 595

@00000000   reboot with TQ=90                                                     (running=__  RQ=[]  nexit=0)
@00000010   p1.NEW->READY                                                         (running=__  RQ=[1]  nexit=0)
@00000015   p1.READY->RUNNING                                                     (running=p1  RQ=[]  nexit=0)
@00000105   p1.freshTQ                                                            (running=p1  RQ=[]  nexit=0)
@00000195   p1.freshTQ                                                            (running=p1  RQ=[]  nexit=0)
@00000215   p1.RUNNING->EXIT                                                      (running=__  RQ=[]  nexit=1)
@00000400   p2.NEW->READY                                                         (running=__  RQ=[2]  nexit=1)
@00000405   p2.READY->RUNNING                                                     (running=p2  RQ=[]  nexit=1)
@00000495   p2.freshTQ                                                            (running=p2  RQ=[]  nexit=1)
@00000585   p2.freshTQ                                                            (running=p2  RQ=[]  nexit=1)
@00000605   p2.RUNNING->EXIT                                                      (running=__  RQ=[]  nexit=2)
total_process_completion_time 90 595

@00000000   reboot with TQ=100                                                    (running=__  RQ=[]  nexit=0)
@00000010   p1.NEW->READY                                                         (running=__  RQ=[1]  nexit=0)
@00000015   p1.READY->RUNNING                                                     (running=p1  RQ=[]  nexit=0)
@00000115   p1.freshTQ                                                            (running=p1  RQ=[]  nexit=0)
@00000215   p1.RUNNING->EXIT                                                      (running=__  RQ=[]  nexit=1)
@00000400   p2.NEW->READY                                                         (running=__  RQ=[2]  nexit=1)
@00000405   p2.READY->RUNNING                                                     (running=p2  RQ=[]  nexit=1)
@00000505   p2.freshTQ                                                            (running=p2  RQ=[]  nexit=1)
@00000605   p2.RUNNING->EXIT                                                      (running=__  RQ=[]  nexit=2)
total_process_completion_time 100 595

@00000000   reboot with TQ=110                                                    (running=__  RQ=[]  nexit=0)
@00000010   p1.NEW->READY                                                         (running=__  RQ=[1]  nexit=0)
@00000015   p1.READY->RUNNING                                                     (running=p1  RQ=[]  nexit=0)
@00000125   p1.freshTQ                                                            (running=p1  RQ=[]  nexit=0)
@00000215   p1.RUNNING->EXIT                                                      (running=__  RQ=[]  nexit=1)
@00000400   p2.NEW->READY                                                         (running=__  RQ=[2]  nexit=1)
@00000405   p2.READY->RUNNING                                                     (running=p2  RQ=[]  nexit=1)
@00000515   p2.freshTQ                                                            (running=p2  RQ=[]  nexit=1)
@00000605   p2.RUNNING->EXIT                                                      (running=__  RQ=[]  nexit=2)
total_process_completion_time 110 595

@00000000   reboot with TQ=120                                                    (running=__  RQ=[]  nexit=0)
@00000010   p1.NEW->READY                                                         (running=__  RQ=[1]  nexit=0)
@00000015   p1.READY->RUNNING                                                     (running=p1  RQ=[]  nexit=0)
@00000135   p1.freshTQ                                                            (running=p1  RQ=[]  nexit=0)
@00000215   p1.RUNNING->EXIT                                                      (running=__  RQ=[]  nexit=1)
@00000400   p2.NEW->READY                                                         (running=__  RQ=[2]  nexit=1)
@00000405   p2.READY->RUNNING                                                     (running=p2  RQ=[]  nexit=1)
@00000525   p2.freshTQ                                                            (running=p2  RQ=[]  nexit=1)
@00000605   p2.RUNNING->EXIT                                                      (running=__  RQ=[]  nexit=2)
total_process_completion_time 120 595

@00000000   reboot with TQ=130                                                    (running=__  RQ=[]  nexit=0)
@00000010   p1.NEW->READY                                                         (running=__  RQ=[1]  nexit=0)
@00000015   p1.READY->RUNNING                                                     (running=p1  RQ=[]  nexit=0)
@00000145   p1.freshTQ                                                            (running=p1  RQ=[]  nexit=0)
@00000215   p1.RUNNING->EXIT                                                      (running=__  RQ=[]  nexit=1)
@00000400   p2.NEW->READY                                                         (running=__  RQ=[2]  nexit=1)
@00000405   p2.READY->RUNNING                                                     (running=p2  RQ=[]  nexit=1)
@00000535   p2.freshTQ                                                            (running=p2  RQ=[]  nexit=1)
@00000605   p2.RUNNING->EXIT                                                      (running=__  RQ=[]  nexit=2)
total_process_completion_time 130 595

@00000000   reboot with TQ=140                                                    (running=__  RQ=[]  nexit=0)
@00000010   p1.NEW->READY                                                         (running=__  RQ=[1]  nexit=0)
@00000015   p1.READY->RUNNING                                                     (running=p1  RQ=[]  nexit=0)
@00000155   p1.freshTQ                                                            (running=p1  RQ=[]  nexit=0)
@00000215   p1.RUNNING->EXIT                                                      (running=__  RQ=[]  nexit=1)
@00000400   p2.NEW->READY                                                         (running=__  RQ=[2]  nexit=1)
@00000405   p2.READY->RUNNING                                                     (running=p2  RQ=[]  nexit=1)
@00000545   p2.freshTQ                                                            (running=p2  RQ=[]  nexit=1)
@00000605   p2.RUNNING->EXIT                                                      (running=__  RQ=[]  nexit=2)
total_process_completion_time 140 595

@00000000   reboot with TQ=150                                                    (running=__  RQ=[]  nexit=0)
@00000010   p1.NEW->READY                                                         (running=__  RQ=[1]  nexit=0)
@00000015   p1.READY->RUNNING                                                     (running=p1  RQ=[]  nexit=0)
@00000165   p1.freshTQ                                                            (running=p1  RQ=[]  nexit=0)
@00000215   p1.RUNNING->EXIT                                                      (running=__  RQ=[]  nexit=1)
@00000400   p2.NEW->READY                                                         (running=__  RQ=[2]  nexit=1)
@00000405   p2.READY->RUNNING                                                     (running=p2  RQ=[]  nexit=1)
@00000555   p2.freshTQ                                                            (running=p2  RQ=[]  nexit=1)
@00000605   p2.RUNNING->EXIT                                                      (running=__  RQ=[]  nexit=2)
total_process_completion_time 150 595

@00000000   reboot with TQ=160                                                    (running=__  RQ=[]  nexit=0)
@00000010   p1.NEW->READY                                                         (running=__  RQ=[1]  nexit=0)
@00000015   p1.READY->RUNNING                                                     (running=p1  RQ=[]  nexit=0)
@00000175   p1.freshTQ                                                            (running=p1  RQ=[]  nexit=0)
@00000215   p1.RUNNING->EXIT                                                      (running=__  RQ=[]  nexit=1)
@00000400   p2.NEW->READY                                                         (running=__  RQ=[2]  nexit=1)
@00000405   p2.READY->RUNNING                                                     (running=p2  RQ=[]  nexit=1)
@00000565   p2.freshTQ                                                            (running=p2  RQ=[]  nexit=1)
@00000605   p2.RUNNING->EXIT                                                      (running=__  RQ=[]  nexit=2)
total_process_completion_time 160 595

@00000000   reboot with TQ=170                                                    (running=__  RQ=[]  nexit=0)
@00000010   p1.NEW->READY                                                         (running=__  RQ=[1]  nexit=0)
@00000015   p1.READY->RUNNING                                                     (running=p1  RQ=[]  nexit=0)
@00000185   p1.freshTQ                                                            (running=p1  RQ=[]  nexit=0)
@00000215   p1.RUNNING->EXIT                                                      (running=__  RQ=[]  nexit=1)
@00000400   p2.NEW->READY                                                         (running=__  RQ=[2]  nexit=1)
@00000405   p2.READY->RUNNING                                                     (running=p2  RQ=[]  nexit=1)
@00000575   p2.freshTQ                                                            (running=p2  RQ=[]  nexit=1)
@00000605   p2.RUNNING->EXIT                                                      (running=__  RQ=[]  nexit=2)
total_process_completion_time 170 595

@00000000   reboot with TQ=180                                                    (running=__  RQ=[]  nexit=0)
@00000010   p1.NEW->READY                                                         (running=__  RQ=[1]  nexit=0)
@00000015   p1.READY->RUNNING                                                     (running=p1  RQ=[]  nexit=0)
@00000195   p1.freshTQ                                                            (running=p1  RQ=[]  nexit=0)
@00000215   p1.RUNNING->EXIT                                                      (running=__  RQ=[]  nexit=1)
@00000400   p2.NEW->READY                                                         (running=__  RQ=[2]  nexit=1)
@00000405   p2.READY->RUNNING                                                     (running=p2  RQ=[]  nexit=1)
@00000585   p2.freshTQ                                                            (running=p2  RQ=[]  nexit=1)
@00000605   p2.RUNNING->EXIT                                                      (running=__  RQ=[]  nexit=2)
total_process_completion_time 180 595

@00000000   reboot with TQ=190                                                    (running=__  RQ=[]  nexit=0)
@00000010   p1.NEW->READY                                                         (running=__  RQ=[1]  nexit=0)
@00000015   p1.READY->RUNNING                                                     (running=p1  RQ=[]  nexit=0)
@00000205   p1.freshTQ                                                            (running=p1  RQ=[]  nexit=0)
@00000215   p1.RUNNING->EXIT                                                      (running=__  RQ=[]  nexit=1)
@00000400   p2.NEW->READY                                                         (running=__  RQ=[2]  nexit=1)
@00000405   p2.READY->RUNNING                                                     (running=p2  RQ=[]  nexit=1)
@00000595   p2.freshTQ                                                            (running=p2  RQ=[]  nexit=1)
@00000605   p2.RUNNING->EXIT                                                      (running=__  RQ=[]  nexit=2)
total_process_completion_time 190 595

@00000000   reboot with TQ=200                                                    (running=__  RQ=[]  nexit=0)
@00000010   p1.NEW->READY                                                         (running=__  RQ=[1]  nexit=0)
@00000015   p1.READY->RUNNING                                                     (running=p1  RQ=[]  nexit=0)
@00000215   p1.RUNNING->EXIT                                                      (running=__  RQ=[]  nexit=1)
@00000400   p2.NEW->READY                                                         (running=__  RQ=[2]  nexit=1)
@00000405   p2.READY->RUNNING                                                     (running=p2  RQ=[]  nexit=1)
@00000605   p2.RUNNING->EXIT                                                      (running=__  RQ=[]  nexit=2)
total_process_completion_time 200 595

# reporting the longest time_quantum resulting in the shortest total_process_completion_time
best 200 595