@00000000   reboot with TQ=50                                                     (running=__  RQ=[]  nexit=0)
@00000050   p5.NEW->READY                                                         (running=__  RQ=[5]  nexit=0)
@00000055   p5.READY->RUNNING                                                     (running=p5  RQ=[]  nexit=0)
@00000105   p5.freshTQ                                                            (running=p5  RQ=[]  nexit=0)
@00000155   p5.freshTQ                                                            (running=p5  RQ=[]  nexit=0)
@00000205   p5.freshTQ                                                            (running=p5  RQ=[]  nexit=0)
@00000255   p5.freshTQ                                                            (running=p5  RQ=[]  nexit=0)
@00000275   p5.RUNNING->BLOCKED(disk),  p5.request_databus                        (running=__  RQ=[]  nexit=0)
@00019030   p5.release_databus,  p5.BLOCKED(disk)->READY                          (running=__  RQ=[5]  nexit=0)
@00019035   p5.READY->RUNNING                                                     (running=p5  RQ=[]  nexit=0)
@00019085   p5.freshTQ                                                            (running=p5  RQ=[]  nexit=0)
@00019135   p5.freshTQ                                                            (running=p5  RQ=[]  nexit=0)
@00019185   p5.freshTQ                                                            (running=p5  RQ=[]  nexit=0)
@00019235   p5.freshTQ                                                            (running=p5  RQ=[]  nexit=0)
@00019285   p5.freshTQ                                                            (running=p5  RQ=[]  nexit=0)
@00019335   p5.freshTQ                                                            (running=p5  RQ=[]  nexit=0)
@00019385   p5.freshTQ                                                            (running=p5  RQ=[]  nexit=0)
@00019415   p5.RUNNING->EXIT                                                      (running=__  RQ=[]  nexit=1)
total_process_completion_time 50 19365

best 50 19365