@00000000   reboot with TQ=50                                                     (running=__  RQ=[]  nexit=0)
@00000200   p2.NEW->READY                                                         (running=__  RQ=[2]  nexit=0)
@00000205   p2.READY->RUNNING                                                     (running=p2  RQ=[]  nexit=0)
@00000255   p2.freshTQ                                                            (running=p2  RQ=[]  nexit=0)
@00000280   p5.NEW->READY                                                         (running=p2  RQ=[5]  nexit=0)
@00000305   p2.expire,  p2.RUNNING->READY                                         (running=__  RQ=[5,2]  nexit=0)
@00000310   p5.READY->RUNNING                                                     (running=p5  RQ=[2]  nexit=0)
@00000360   p5.expire,  p5.RUNNING->READY                                         (running=__  RQ=[2,5]  nexit=0)
@00000365   p2.READY->RUNNING                                                     (running=p2  RQ=[5]  nexit=0)
@00000415   p2.expire,  p2.RUNNING->READY                                         (running=__  RQ=[5,2]  nexit=0)
@00000420   p5.READY->RUNNING                                                     (running=p5  RQ=[2]  nexit=0)
@00000470   p5.expire,  p5.RUNNING->READY                                         (running=__  RQ=[2,5]  nexit=0)
@00000475   p2.READY->RUNNING                                                     (running=p2  RQ=[5]  nexit=0)
@00000525   p2.expire,  p2.RUNNING->READY                                         (running=__  RQ=[5,2]  nexit=0)
@00000530   p5.READY->RUNNING                                                     (running=p5  RQ=[2]  nexit=0)
@00000580   p5.expire,  p5.RUNNING->READY                                         (running=__  RQ=[2,5]  nexit=0)
@00000585   p2.READY->RUNNING                                                     (running=p2  RQ=[5]  nexit=0)
@00000635   p2.expire,  p2.RUNNING->READY                                         (running=__  RQ=[5,2]  nexit=0)
@00000640   p5.READY->RUNNING                                                     (running=p5  RQ=[2]  nexit=0)
@00000690   p5.expire,  p5.RUNNING->READY                                         (running=__  RQ=[2,5]  nexit=0)
@00000695   p2.READY->RUNNING                                                     (running=p2  RQ=[5]  nexit=0)
@00000745   p2.expire,  p2.RUNNING->READY                                         (running=__  RQ=[5,2]  nexit=0)
@00000750   p5.READY->RUNNING                                                     (running=p5  RQ=[2]  nexit=0)
@00000770   p5.RUNNING->BLOCKED(floppy),  p5.request_databus                      (running=__  RQ=[2]  nexit=0)
@00000775   p2.READY->RUNNING                                                     (running=p2  RQ=[]  nexit=0)
@00000825   p2.freshTQ                                                            (running=p2  RQ=[]  nexit=0)
@00000875   p2.freshTQ                                                            (running=p2  RQ=[]  nexit=0)
@00000925   p2.freshTQ                                                            (running=p2  RQ=[]  nexit=0)
@00000975   p2.freshTQ                                                            (running=p2  RQ=[]  nexit=0)
@00001025   p2.freshTQ                                                            (running=p2  RQ=[]  nexit=0)
@00001075   p2.freshTQ                                                            (running=p2  RQ=[]  nexit=0)
@00001125   p2.freshTQ                                                            (running=p2  RQ=[]  nexit=0)
@00001175   p2.freshTQ                                                            (running=p2  RQ=[]  nexit=0)
@00001225   p2.freshTQ                                                            (running=p2  RQ=[]  nexit=0)
@00001275   p2.freshTQ                                                            (running=p2  RQ=[]  nexit=0)
@00001325   p2.freshTQ                                                            (running=p2  RQ=[]  nexit=0)
@00001375   p2.freshTQ                                                            (running=p2  RQ=[]  nexit=0)
@00001425   p2.freshTQ                                                            (running=p2  RQ=[]  nexit=0)
@00001475   p2.freshTQ                                                            (running=p2  RQ=[]  nexit=0)
@00001525   p2.freshTQ                                                            (running=p2  RQ=[]  nexit=0)
@00001575   p2.freshTQ                                                            (running=p2  RQ=[]  nexit=0)
@00001625   p2.freshTQ                                                            (running=p2  RQ=[]  nexit=0)
@00001675   p2.freshTQ                                                            (running=p2  RQ=[]  nexit=0)
@00001725   p2.freshTQ                                                            (running=p2  RQ=[]  nexit=0)
@00001775   p2.freshTQ                                                            (running=p2  RQ=[]  nexit=0)
@00001825   p2.freshTQ                                                            (running=p2  RQ=[]  nexit=0)
@00001875   p2.freshTQ                                                            (running=p2  RQ=[]  nexit=0)
@00001925   p2.freshTQ                                                            (running=p2  RQ=[]  nexit=0)
@00001975   p2.freshTQ                                                            (running=p2  RQ=[]  nexit=0)
@00002025   p2.freshTQ                                                            (running=p2  RQ=[]  nexit=0)
@00002075   p2.freshTQ                                                            (running=p2  RQ=[]  nexit=0)
@00002125   p2.freshTQ                                                            (running=p2  RQ=[]  nexit=0)
@00002175   p2.freshTQ                                                            (running=p2  RQ=[]  nexit=0)
@00002225   p2.freshTQ                                                            (running=p2  RQ=[]  nexit=0)
@00002275   p2.RUNNING->EXIT                                                      (running=__  RQ=[]  nexit=1)
@00070775   p5.release_databus,  p5.BLOCKED(floppy)->READY                        (running=__  RQ=[5]  nexit=1)
@00070780   p5.READY->RUNNING,  p5.RUNNING->BLOCKED(floppy),  p5.request_databus  (running=__  RQ=[]  nexit=1)
@00224119   p5.release_databus,  p5.BLOCKED(floppy)->READY                        (running=__  RQ=[5]  nexit=1)
@00224124   p5.READY->RUNNING,  p5.RUNNING->BLOCKED(floppy),  p5.request_databus  (running=__  RQ=[]  nexit=1)
@00294129   p5.release_databus,  p5.BLOCKED(floppy)->READY                        (running=__  RQ=[5]  nexit=1)
@00294134   p5.READY->RUNNING,  p5.RUNNING->BLOCKED(floppy),  p5.request_databus  (running=__  RQ=[]  nexit=1)
@00347473   p5.release_databus,  p5.BLOCKED(floppy)->READY                        (running=__  RQ=[5]  nexit=1)
@00347478   p5.READY->RUNNING,  p5.RUNNING->BLOCKED(floppy),  p5.request_databus  (running=__  RQ=[]  nexit=1)
@00484150   p5.release_databus,  p5.BLOCKED(floppy)->READY                        (running=__  RQ=[5]  nexit=1)
@00484155   p5.READY->RUNNING,  p5.RUNNING->BLOCKED(floppy),  p5.request_databus  (running=__  RQ=[]  nexit=1)
@00537494   p5.release_databus,  p5.BLOCKED(floppy)->READY                        (running=__  RQ=[5]  nexit=1)
@00537499   p5.READY->RUNNING,  p5.RUNNING->BLOCKED(floppy),  p5.request_databus  (running=__  RQ=[]  nexit=1)
@00644504   p5.release_databus,  p5.BLOCKED(floppy)->READY                        (running=__  RQ=[5]  nexit=1)
@00644509   p5.READY->RUNNING,  p5.RUNNING->BLOCKED(floppy),  p5.request_databus  (running=__  RQ=[]  nexit=1)
@00697848   p5.release_databus,  p5.BLOCKED(floppy)->READY                        (running=__  RQ=[5]  nexit=1)
@00697853   p5.READY->RUNNING                                                     (running=p5  RQ=[]  nexit=1)
@00697903   p5.freshTQ                                                            (running=p5  RQ=[]  nexit=1)
@00697953   p5.freshTQ                                                            (running=p5  RQ=[]  nexit=1)
@00698003   p5.freshTQ                                                            (running=p5  RQ=[]  nexit=1)
@00698053   p5.freshTQ                                                            (running=p5  RQ=[]  nexit=1)
@00698103   p5.freshTQ                                                            (running=p5  RQ=[]  nexit=1)
@00698153   p5.freshTQ                                                            (running=p5  RQ=[]  nexit=1)
@00698203   p5.freshTQ                                                            (running=p5  RQ=[]  nexit=1)
@00698253   p5.freshTQ                                                            (running=p5  RQ=[]  nexit=1)
@00698303   p5.freshTQ                                                            (running=p5  RQ=[]  nexit=1)
@00698353   p5.freshTQ                                                            (running=p5  RQ=[]  nexit=1)
@00698403   p5.freshTQ                                                            (running=p5  RQ=[]  nexit=1)
@00698453   p5.freshTQ                                                            (running=p5  RQ=[]  nexit=1)
@00698503   p5.freshTQ                                                            (running=p5  RQ=[]  nexit=1)
@00698553   p5.freshTQ                                                            (running=p5  RQ=[]  nexit=1)
@00698603   p5.freshTQ                                                            (running=p5  RQ=[]  nexit=1)
@00698653   p5.freshTQ                                                            (running=p5  RQ=[]  nexit=1)
@00698703   p5.freshTQ                                                            (running=p5  RQ=[]  nexit=1)
@00698753   p5.freshTQ                                                            (running=p5  RQ=[]  nexit=1)
@00698803   p5.freshTQ                                                            (running=p5  RQ=[]  nexit=1)
@00698853   p5.freshTQ                                                            (running=p5  RQ=[]  nexit=1)
@00698903   p5.freshTQ                                                            (running=p5  RQ=[]  nexit=1)
@00698953   p5.freshTQ                                                            (running=p5  RQ=[]  nexit=1)
@00699003   p5.freshTQ                                                            (running=p5  RQ=[]  nexit=1)
@00699033   p5.RUNNING->EXIT                                                      (running=__  RQ=[]  nexit=2)
total_process_completion_time 50 698833

best 50 698833
