@00000000   reboot with TQ=100,  p1.NEW->READY                                    (running=__  RQ=[1]  nexit=0)
@00000005   p1.READY->RUNNING,  p1.RUNNING->BLOCKED(usb),  p1.request_databus     (running=__  RQ=[]  nexit=0)
@00000055   p21.NEW->READY,  p22.NEW->READY                                       (running=__  RQ=[21,22]  nexit=0)
@00000060   p31.NEW->READY,  p32.NEW->READY,  p33.NEW->READY,  p21.READY->RUNNING (running=p21  RQ=[22,31,32,33]  nexit=0)
@00000070   p21.RUNNING->BLOCKED(usb)                                             (running=__  RQ=[22,31,32,33]  nexit=0)
@00000075   p22.READY->RUNNING                                                    (running=p22  RQ=[31,32,33]  nexit=0)
@00000085   p22.RUNNING->BLOCKED(usb)                                             (running=__  RQ=[31,32,33]  nexit=0)
@00000090   p31.READY->RUNNING                                                    (running=p31  RQ=[32,33]  nexit=0)
@00000100   p31.RUNNING->BLOCKED(usb)                                             (running=__  RQ=[32,33]  nexit=0)
@00000105   p32.READY->RUNNING                                                    (running=p32  RQ=[33]  nexit=0)
@00000110   p1.release_databus,  p1.BLOCKED(usb)->READY,  p21.request_databus     (running=p32  RQ=[33,1]  nexit=0)
@00000115   p32.RUNNING->BLOCKED(usb)                                             (running=__  RQ=[33,1]  nexit=0)
@00000120   p33.READY->RUNNING                                                    (running=p33  RQ=[1]  nexit=0)
@00000130   p33.RUNNING->BLOCKED(usb)                                             (running=__  RQ=[1]  nexit=0)
@00000135   p1.READY->RUNNING                                                     (running=p1  RQ=[]  nexit=0)
@00000185   p1.RUNNING->EXIT                                                      (running=__  RQ=[]  nexit=1)
@00000215   p21.release_databus,  p21.BLOCKED(usb)->READY,  p22.request_databus   (running=__  RQ=[21]  nexit=1)
@00000220   p21.READY->RUNNING                                                    (running=p21  RQ=[]  nexit=1)
@00000310   p21.RUNNING->EXIT                                                     (running=__  RQ=[]  nexit=2)
@00000320   p22.release_databus,  p22.BLOCKED(usb)->READY,  p31.request_databus   (running=__  RQ=[22]  nexit=2)
@00000325   p22.READY->RUNNING                                                    (running=p22  RQ=[]  nexit=2)
@00000415   p22.RUNNING->EXIT                                                     (running=__  RQ=[]  nexit=3)
@00000425   p31.release_databus,  p31.BLOCKED(usb)->READY,  p32.request_databus   (running=__  RQ=[31]  nexit=3)
@00000430   p31.READY->RUNNING                                                    (running=p31  RQ=[]  nexit=3)
@00000520   p31.RUNNING->EXIT                                                     (running=__  RQ=[]  nexit=4)
@00000530   p32.release_databus,  p32.BLOCKED(usb)->READY,  p33.request_databus   (running=__  RQ=[32]  nexit=4)
@00000535   p32.READY->RUNNING                                                    (running=p32  RQ=[]  nexit=4)
@00000625   p32.RUNNING->EXIT                                                     (running=__  RQ=[]  nexit=5)
@00000635   p33.release_databus,  p33.BLOCKED(usb)->READY                         (running=__  RQ=[33]  nexit=5)
@00000640   p33.READY->RUNNING                                                    (running=p33  RQ=[]  nexit=5)
@00000730   p33.RUNNING->EXIT                                                     (running=__  RQ=[]  nexit=6)
total_process_completion_time 100 730

# reporting the longest time_quantum resulting in the shortest total_process_completion_time
best 100 730
