@00000000   reboot with TQ=50                                                     (running=__  RQ=[]  nexit=0)
@00000010   p1.NEW->READY                                                         (running=__  RQ=[1]  nexit=0)
@00000015   p1.READY->RUNNING                                                     (running=p1  RQ=[]  nexit=0)
@00000065   p1.freshTQ                                                            (running=p1  RQ=[]  nexit=0)
@00000115   p1.freshTQ                                                            (running=p1  RQ=[]  nexit=0)
@00000165   p1.freshTQ                                                            (running=p1  RQ=[]  nexit=0)
@00000215   p1.freshTQ                                                            (running=p1  RQ=[]  nexit=0)
@00000220   p2.NEW->READY                                                         (running=p1  RQ=[2]  nexit=0)
@00000265   p1.expire,  p1.RUNNING->READY                                         (running=__  RQ=[2,1]  nexit=0)
@00000270   p2.READY->RUNNING                                                     (running=p2  RQ=[1]  nexit=0)
@00000320   p2.expire,  p2.RUNNING->READY                                         (running=__  RQ=[1,2]  nexit=0)
@00000325   p1.READY->RUNNING                                                     (running=p1  RQ=[2]  nexit=0)
@00000330   p3.NEW->READY                                                         (running=p1  RQ=[2,3]  nexit=0)
@00000375   p1.expire,  p1.RUNNING->READY                                         (running=__  RQ=[2,3,1]  nexit=0)
@00000380   p2.READY->RUNNING                                                     (running=p2  RQ=[3,1]  nexit=0)
@00000430   p2.expire,  p2.RUNNING->READY                                         (running=__  RQ=[3,1,2]  nexit=0)
@00000435   p3.READY->RUNNING                                                     (running=p3  RQ=[1,2]  nexit=0)
@00000440   p4.NEW->READY                                                         (running=p3  RQ=[1,2,4]  nexit=0)
@00000485   p3.expire,  p3.RUNNING->READY                                         (running=__  RQ=[1,2,4,3]  nexit=0)
@00000490   p1.READY->RUNNING                                                     (running=p1  RQ=[2,4,3]  nexit=0)
@00000540   p1.expire,  p1.RUNNING->READY                                         (running=__  RQ=[2,4,3,1]  nexit=0)
@00000545   p2.READY->RUNNING                                                     (running=p2  RQ=[4,3,1]  nexit=0)
@00000550   p5.NEW->READY                                                         (running=p2  RQ=[4,3,1,5]  nexit=0)
@00000595   p2.expire,  p2.RUNNING->READY                                         (running=__  RQ=[4,3,1,5,2]  nexit=0)
@00000600   p4.READY->RUNNING                                                     (running=p4  RQ=[3,1,5,2]  nexit=0)
@00000650   p4.expire,  p4.RUNNING->READY                                         (running=__  RQ=[3,1,5,2,4]  nexit=0)
@00000655   p3.READY->RUNNING                                                     (running=p3  RQ=[1,5,2,4]  nexit=0)
@00000660   p6.NEW->READY                                                         (running=p3  RQ=[1,5,2,4,6]  nexit=0)
@00000705   p3.expire,  p3.RUNNING->READY                                         (running=__  RQ=[1,5,2,4,6,3]  nexit=0)
@00000710   p1.READY->RUNNING                                                     (running=p1  RQ=[5,2,4,6,3]  nexit=0)
@00000760   p1.expire,  p1.RUNNING->READY                                         (running=__  RQ=[5,2,4,6,3,1]  nexit=0)
@00000765   p5.READY->RUNNING                                                     (running=p5  RQ=[2,4,6,3,1]  nexit=0)
@00000770   p7.NEW->READY                                                         (running=p5  RQ=[2,4,6,3,1,7]  nexit=0)
@00000815   p5.expire,  p5.RUNNING->READY                                         (running=__  RQ=[2,4,6,3,1,7,5]  nexit=0)
@00000820   p2.READY->RUNNING                                                     (running=p2  RQ=[4,6,3,1,7,5]  nexit=0)
@00000870   p2.expire,  p2.RUNNING->READY                                         (running=__  RQ=[4,6,3,1,7,5,2]  nexit=0)
@00000875   p4.READY->RUNNING                                                     (running=p4  RQ=[6,3,1,7,5,2]  nexit=0)
@00000880   p8.NEW->READY                                                         (running=p4  RQ=[6,3,1,7,5,2,8]  nexit=0)
@00000925   p4.expire,  p4.RUNNING->READY                                         (running=__  RQ=[6,3,1,7,5,2,8,4]  nexit=0)
@00000930   p6.READY->RUNNING                                                     (running=p6  RQ=[3,1,7,5,2,8,4]  nexit=0)
@00000980   p6.expire,  p6.RUNNING->READY                                         (running=__  RQ=[3,1,7,5,2,8,4,6]  nexit=0)
@00000985   p3.READY->RUNNING                                                     (running=p3  RQ=[1,7,5,2,8,4,6]  nexit=0)
@00001035   p3.expire,  p3.RUNNING->READY                                         (running=__  RQ=[1,7,5,2,8,4,6,3]  nexit=0)
@00001040   p1.READY->RUNNING                                                     (running=p1  RQ=[7,5,2,8,4,6,3]  nexit=0)
@00001090   p1.expire,  p1.RUNNING->READY                                         (running=__  RQ=[7,5,2,8,4,6,3,1]  nexit=0)
@00001095   p7.READY->RUNNING                                                     (running=p7  RQ=[5,2,8,4,6,3,1]  nexit=0)
@00001145   p7.expire,  p7.RUNNING->READY                                         (running=__  RQ=[5,2,8,4,6,3,1,7]  nexit=0)
@00001150   p5.READY->RUNNING                                                     (running=p5  RQ=[2,8,4,6,3,1,7]  nexit=0)
@00001200   p5.expire,  p5.RUNNING->READY                                         (running=__  RQ=[2,8,4,6,3,1,7,5]  nexit=0)
@00001205   p2.READY->RUNNING                                                     (running=p2  RQ=[8,4,6,3,1,7,5]  nexit=0)
@00001255   p2.expire,  p2.RUNNING->READY                                         (running=__  RQ=[8,4,6,3,1,7,5,2]  nexit=0)
@00001260   p8.READY->RUNNING                                                     (running=p8  RQ=[4,6,3,1,7,5,2]  nexit=0)
@00001310   p8.expire,  p8.RUNNING->READY                                         (running=__  RQ=[4,6,3,1,7,5,2,8]  nexit=0)
@00001315   p4.READY->RUNNING                                                     (running=p4  RQ=[6,3,1,7,5,2,8]  nexit=0)
@00001365   p4.expire,  p4.RUNNING->READY                                         (running=__  RQ=[6,3,1,7,5,2,8,4]  nexit=0)
@00001370   p6.READY->RUNNING                                                     (running=p6  RQ=[3,1,7,5,2,8,4]  nexit=0)
@00001420   p6.expire,  p6.RUNNING->READY                                         (running=__  RQ=[3,1,7,5,2,8,4,6]  nexit=0)
@00001425   p3.READY->RUNNING                                                     (running=p3  RQ=[1,7,5,2,8,4,6]  nexit=0)
@00001475   p3.expire,  p3.RUNNING->READY                                         (running=__  RQ=[1,7,5,2,8,4,6,3]  nexit=0)
@00001480   p1.READY->RUNNING                                                     (running=p1  RQ=[7,5,2,8,4,6,3]  nexit=0)
@00001530   p1.RUNNING->EXIT                                                      (running=__  RQ=[7,5,2,8,4,6,3]  nexit=1)
@00001535   p7.READY->RUNNING                                                     (running=p7  RQ=[5,2,8,4,6,3]  nexit=1)
@00001585   p7.expire,  p7.RUNNING->READY                                         (running=__  RQ=[5,2,8,4,6,3,7]  nexit=1)
@00001590   p5.READY->RUNNING                                                     (running=p5  RQ=[2,8,4,6,3,7]  nexit=1)
@00001640   p5.expire,  p5.RUNNING->READY                                         (running=__  RQ=[2,8,4,6,3,7,5]  nexit=1)
@00001645   p2.READY->RUNNING                                                     (running=p2  RQ=[8,4,6,3,7,5]  nexit=1)
@00001695   p2.expire,  p2.RUNNING->READY                                         (running=__  RQ=[8,4,6,3,7,5,2]  nexit=1)
@00001700   p8.READY->RUNNING                                                     (running=p8  RQ=[4,6,3,7,5,2]  nexit=1)
@00001750   p8.expire,  p8.RUNNING->READY                                         (running=__  RQ=[4,6,3,7,5,2,8]  nexit=1)
@00001755   p4.READY->RUNNING                                                     (running=p4  RQ=[6,3,7,5,2,8]  nexit=1)
@00001805   p4.expire,  p4.RUNNING->READY                                         (running=__  RQ=[6,3,7,5,2,8,4]  nexit=1)
@00001810   p6.READY->RUNNING                                                     (running=p6  RQ=[3,7,5,2,8,4]  nexit=1)
@00001860   p6.expire,  p6.RUNNING->READY                                         (running=__  RQ=[3,7,5,2,8,4,6]  nexit=1)
@00001865   p3.READY->RUNNING                                                     (running=p3  RQ=[7,5,2,8,4,6]  nexit=1)
@00001915   p3.expire,  p3.RUNNING->READY                                         (running=__  RQ=[7,5,2,8,4,6,3]  nexit=1)
@00001920   p7.READY->RUNNING                                                     (running=p7  RQ=[5,2,8,4,6,3]  nexit=1)
@00001970   p7.expire,  p7.RUNNING->READY                                         (running=__  RQ=[5,2,8,4,6,3,7]  nexit=1)
@00001975   p5.READY->RUNNING                                                     (running=p5  RQ=[2,8,4,6,3,7]  nexit=1)
@00002025   p5.expire,  p5.RUNNING->READY                                         (running=__  RQ=[2,8,4,6,3,7,5]  nexit=1)
@00002030   p2.READY->RUNNING                                                     (running=p2  RQ=[8,4,6,3,7,5]  nexit=1)
@00002080   p2.expire,  p2.RUNNING->READY                                         (running=__  RQ=[8,4,6,3,7,5,2]  nexit=1)
@00002085   p8.READY->RUNNING                                                     (running=p8  RQ=[4,6,3,7,5,2]  nexit=1)
@00002135   p8.expire,  p8.RUNNING->READY                                         (running=__  RQ=[4,6,3,7,5,2,8]  nexit=1)
@00002140   p4.READY->RUNNING                                                     (running=p4  RQ=[6,3,7,5,2,8]  nexit=1)
@00002190   p4.expire,  p4.RUNNING->READY                                         (running=__  RQ=[6,3,7,5,2,8,4]  nexit=1)
@00002195   p6.READY->RUNNING                                                     (running=p6  RQ=[3,7,5,2,8,4]  nexit=1)
@00002245   p6.expire,  p6.RUNNING->READY                                         (running=__  RQ=[3,7,5,2,8,4,6]  nexit=1)
@00002250   p3.READY->RUNNING                                                     (running=p3  RQ=[7,5,2,8,4,6]  nexit=1)
@00002300   p3.expire,  p3.RUNNING->READY                                         (running=__  RQ=[7,5,2,8,4,6,3]  nexit=1)
@00002305   p7.READY->RUNNING                                                     (running=p7  RQ=[5,2,8,4,6,3]  nexit=1)
@00002355   p7.expire,  p7.RUNNING->READY                                         (running=__  RQ=[5,2,8,4,6,3,7]  nexit=1)
@00002360   p5.READY->RUNNING                                                     (running=p5  RQ=[2,8,4,6,3,7]  nexit=1)
@00002410   p5.expire,  p5.RUNNING->READY                                         (running=__  RQ=[2,8,4,6,3,7,5]  nexit=1)
@00002415   p2.READY->RUNNING                                                     (running=p2  RQ=[8,4,6,3,7,5]  nexit=1)
@00002465   p2.expire,  p2.RUNNING->READY                                         (running=__  RQ=[8,4,6,3,7,5,2]  nexit=1)
@00002470   p8.READY->RUNNING                                                     (running=p8  RQ=[4,6,3,7,5,2]  nexit=1)
@00002520   p8.expire,  p8.RUNNING->READY                                         (running=__  RQ=[4,6,3,7,5,2,8]  nexit=1)
@00002525   p4.READY->RUNNING                                                     (running=p4  RQ=[6,3,7,5,2,8]  nexit=1)
@00002575   p4.expire,  p4.RUNNING->READY                                         (running=__  RQ=[6,3,7,5,2,8,4]  nexit=1)
@00002580   p6.READY->RUNNING                                                     (running=p6  RQ=[3,7,5,2,8,4]  nexit=1)
@00002630   p6.expire,  p6.RUNNING->READY                                         (running=__  RQ=[3,7,5,2,8,4,6]  nexit=1)
@00002635   p3.READY->RUNNING                                                     (running=p3  RQ=[7,5,2,8,4,6]  nexit=1)
@00002685   p3.expire,  p3.RUNNING->READY                                         (running=__  RQ=[7,5,2,8,4,6,3]  nexit=1)
@00002690   p7.READY->RUNNING                                                     (running=p7  RQ=[5,2,8,4,6,3]  nexit=1)
@00002740   p7.expire,  p7.RUNNING->READY                                         (running=__  RQ=[5,2,8,4,6,3,7]  nexit=1)
@00002745   p5.READY->RUNNING                                                     (running=p5  RQ=[2,8,4,6,3,7]  nexit=1)
@00002795   p5.RUNNING->EXIT                                                      (running=__  RQ=[2,8,4,6,3,7]  nexit=2)
@00002800   p2.READY->RUNNING                                                     (running=p2  RQ=[8,4,6,3,7]  nexit=2)
@00002850   p2.expire,  p2.RUNNING->READY                                         (running=__  RQ=[8,4,6,3,7,2]  nexit=2)
@00002855   p8.READY->RUNNING                                                     (running=p8  RQ=[4,6,3,7,2]  nexit=2)
@00002905   p8.expire,  p8.RUNNING->READY                                         (running=__  RQ=[4,6,3,7,2,8]  nexit=2)
@00002910   p4.READY->RUNNING                                                     (running=p4  RQ=[6,3,7,2,8]  nexit=2)
@00002960   p4.expire,  p4.RUNNING->READY                                         (running=__  RQ=[6,3,7,2,8,4]  nexit=2)
@00002965   p6.READY->RUNNING                                                     (running=p6  RQ=[3,7,2,8,4]  nexit=2)
@00003015   p6.RUNNING->EXIT                                                      (running=__  RQ=[3,7,2,8,4]  nexit=3)
@00003020   p3.READY->RUNNING                                                     (running=p3  RQ=[7,2,8,4]  nexit=3)
@00003070   p3.expire,  p3.RUNNING->READY                                         (running=__  RQ=[7,2,8,4,3]  nexit=3)
@00003075   p7.READY->RUNNING                                                     (running=p7  RQ=[2,8,4,3]  nexit=3)
@00003125   p7.RUNNING->EXIT                                                      (running=__  RQ=[2,8,4,3]  nexit=4)
@00003130   p2.READY->RUNNING                                                     (running=p2  RQ=[8,4,3]  nexit=4)
@00003180   p2.RUNNING->EXIT                                                      (running=__  RQ=[8,4,3]  nexit=5)
@00003185   p8.READY->RUNNING                                                     (running=p8  RQ=[4,3]  nexit=5)
@00003235   p8.RUNNING->EXIT                                                      (running=__  RQ=[4,3]  nexit=6)
@00003240   p4.READY->RUNNING                                                     (running=p4  RQ=[3]  nexit=6)
@00003290   p4.expire,  p4.RUNNING->READY                                         (running=__  RQ=[3,4]  nexit=6)
@00003295   p3.READY->RUNNING                                                     (running=p3  RQ=[4]  nexit=6)
@00003345   p3.expire,  p3.RUNNING->READY                                         (running=__  RQ=[4,3]  nexit=6)
@00003350   p4.READY->RUNNING                                                     (running=p4  RQ=[3]  nexit=6)
@00003400   p4.expire,  p4.RUNNING->READY                                         (running=__  RQ=[3,4]  nexit=6)
@00003405   p3.READY->RUNNING                                                     (running=p3  RQ=[4]  nexit=6)
@00003455   p3.RUNNING->EXIT                                                      (running=__  RQ=[4]  nexit=7)
@00003460   p4.READY->RUNNING                                                     (running=p4  RQ=[]  nexit=7)
@00003510   p4.RUNNING->EXIT                                                      (running=__  RQ=[]  nexit=8)
total_process_completion_time 50 3500

best 50 3500