@00000000   reboot with TQ=100                                                    (running=__  RQ=[]  nexit=0)
@00000010   p1.NEW->READY                                                         (running=__  RQ=[1]  nexit=0)
@00000015   p1.READY->RUNNING                                                     (running=p1  RQ=[]  nexit=0)
@00000115   p1.freshTQ                                                            (running=p1  RQ=[]  nexit=0)
@00000215   p1.freshTQ                                                            (running=p1  RQ=[]  nexit=0)
@00000220   p2.NEW->READY                                                         (running=p1  RQ=[2]  nexit=0)
@00000265   p1.RUNNING->BLOCKED(floppy),  p1.request_databus                      (running=__  RQ=[2]  nexit=0)
@00000270   p2.READY->RUNNING                                                     (running=p2  RQ=[]  nexit=0)
@00000330   p3.NEW->READY                                                         (running=p2  RQ=[3]  nexit=0)
@00000370   p2.RUNNING->BLOCKED(disk)                                             (running=__  RQ=[3]  nexit=0)
@00000375   p3.READY->RUNNING                                                     (running=p3  RQ=[]  nexit=0)
@00000440   p4.NEW->READY                                                         (running=p3  RQ=[4]  nexit=0)
@00000475   p3.expire,  p3.RUNNING->READY                                         (running=__  RQ=[4,3]  nexit=0)
@00000480   p4.READY->RUNNING                                                     (running=p4  RQ=[3]  nexit=0)
@00000550   p5.NEW->READY                                                         (running=p4  RQ=[3,5]  nexit=0)
@00000580   p4.expire,  p4.RUNNING->READY                                         (running=__  RQ=[3,5,4]  nexit=0)
@00000585   p3.READY->RUNNING                                                     (running=p3  RQ=[5,4]  nexit=0)
@00000660   p6.NEW->READY                                                         (running=p3  RQ=[5,4,6]  nexit=0)
@00000685   p3.expire,  p3.RUNNING->READY                                         (running=__  RQ=[5,4,6,3]  nexit=0)
@00000690   p5.READY->RUNNING                                                     (running=p5  RQ=[4,6,3]  nexit=0)
@00000770   p7.NEW->READY                                                         (running=p5  RQ=[4,6,3,7]  nexit=0)
@00000790   p5.expire,  p5.RUNNING->READY                                         (running=__  RQ=[4,6,3,7,5]  nexit=0)
@00000795   p4.READY->RUNNING                                                     (running=p4  RQ=[6,3,7,5]  nexit=0)
@00000880   p8.NEW->READY                                                         (running=p4  RQ=[6,3,7,5,8]  nexit=0)
@00000895   p4.expire,  p4.RUNNING->READY                                         (running=__  RQ=[6,3,7,5,8,4]  nexit=0)
@00000900   p6.READY->RUNNING                                                     (running=p6  RQ=[3,7,5,8,4]  nexit=0)
@00001000   p6.expire,  p6.RUNNING->READY                                         (running=__  RQ=[3,7,5,8,4,6]  nexit=0)
@00001005   p3.READY->RUNNING                                                     (running=p3  RQ=[7,5,8,4,6]  nexit=0)
@00001035   p3.RUNNING->BLOCKED(floppy)                                           (running=__  RQ=[7,5,8,4,6]  nexit=0)
@00001040   p7.READY->RUNNING                                                     (running=p7  RQ=[5,8,4,6]  nexit=0)
@00001140   p7.expire,  p7.RUNNING->READY                                         (running=__  RQ=[5,8,4,6,7]  nexit=0)
@00001145   p5.READY->RUNNING                                                     (running=p5  RQ=[8,4,6,7]  nexit=0)
@00001245   p5.expire,  p5.RUNNING->READY                                         (running=__  RQ=[8,4,6,7,5]  nexit=0)
@00001250   p8.READY->RUNNING                                                     (running=p8  RQ=[4,6,7,5]  nexit=0)
@00001350   p8.expire,  p8.RUNNING->READY                                         (running=__  RQ=[4,6,7,5,8]  nexit=0)
@00001355   p4.READY->RUNNING                                                     (running=p4  RQ=[6,7,5,8]  nexit=0)
@00001455   p4.expire,  p4.RUNNING->READY                                         (running=__  RQ=[6,7,5,8,4]  nexit=0)
@00001460   p6.READY->RUNNING                                                     (running=p6  RQ=[7,5,8,4]  nexit=0)
@00001560   p6.expire,  p6.RUNNING->READY                                         (running=__  RQ=[7,5,8,4,6]  nexit=0)
@00001565   p7.READY->RUNNING                                                     (running=p7  RQ=[5,8,4,6]  nexit=0)
@00001665   p7.expire,  p7.RUNNING->READY                                         (running=__  RQ=[5,8,4,6,7]  nexit=0)
@00001670   p5.READY->RUNNING                                                     (running=p5  RQ=[8,4,6,7]  nexit=0)
@00001690   p5.RUNNING->BLOCKED(floppy)                                           (running=__  RQ=[8,4,6,7]  nexit=0)
@00001695   p8.READY->RUNNING                                                     (running=p8  RQ=[4,6,7]  nexit=0)
@00001795   p8.expire,  p8.RUNNING->READY                                         (running=__  RQ=[4,6,7,8]  nexit=0)
@00001800   p4.READY->RUNNING                                                     (running=p4  RQ=[6,7,8]  nexit=0)
@00001833   p4.RUNNING->BLOCKED(disk)                                             (running=__  RQ=[6,7,8]  nexit=0)
@00001838   p6.READY->RUNNING                                                     (running=p6  RQ=[7,8]  nexit=0)
@00001938   p6.RUNNING->EXIT                                                      (running=__  RQ=[7,8]  nexit=1)
@00001943   p7.READY->RUNNING                                                     (running=p7  RQ=[8]  nexit=1)
@00002043   p7.RUNNING->EXIT                                                      (running=__  RQ=[8]  nexit=2)
@00002048   p8.READY->RUNNING                                                     (running=p8  RQ=[]  nexit=2)
@00002148   p8.RUNNING->EXIT                                                      (running=__  RQ=[]  nexit=3)
@00073604   p1.release_databus,  p1.BLOCKED(floppy)->READY,  p2.request_databus   (running=__  RQ=[1]  nexit=3)
@00073609   p1.READY->RUNNING,  p1.RUNNING->BLOCKED(disk)                         (running=__  RQ=[]  nexit=3)
@00086109   p2.release_databus,  p2.BLOCKED(disk)->READY,  p4.request_databus     (running=__  RQ=[2]  nexit=3)
@00086114   p2.READY->RUNNING                                                     (running=p2  RQ=[]  nexit=3)
@00086214   p2.freshTQ                                                            (running=p2  RQ=[]  nexit=3)
@00086314   p2.freshTQ                                                            (running=p2  RQ=[]  nexit=3)
@00086414   p2.freshTQ                                                            (running=p2  RQ=[]  nexit=3)
@00086514   p2.RUNNING->EXIT                                                      (running=__  RQ=[]  nexit=4)
@00123614   p4.release_databus,  p4.BLOCKED(disk)->READY,  p1.request_databus     (running=__  RQ=[4]  nexit=4)
@00123619   p4.READY->RUNNING                                                     (running=p4  RQ=[]  nexit=4)
@00123716   p4.RUNNING->BLOCKED(disk)                                             (running=__  RQ=[]  nexit=4)
@00181119   p1.release_databus,  p1.BLOCKED(disk)->READY,  p4.request_databus     (running=__  RQ=[1]  nexit=4)
@00181124   p1.READY->RUNNING                                                     (running=p1  RQ=[]  nexit=4)
@00181224   p1.freshTQ                                                            (running=p1  RQ=[]  nexit=4)
@00181324   p1.freshTQ                                                            (running=p1  RQ=[]  nexit=4)
@00181374   p1.RUNNING->EXIT                                                      (running=__  RQ=[]  nexit=5)
@00197374   p4.release_databus,  p4.BLOCKED(disk)->READY,  p3.request_databus     (running=__  RQ=[4]  nexit=5)
@00197379   p4.READY->RUNNING                                                     (running=p4  RQ=[]  nexit=5)
@00197449   p4.RUNNING->EXIT                                                      (running=__  RQ=[]  nexit=6)
@00250713   p3.release_databus,  p3.BLOCKED(floppy)->READY,  p5.request_databus   (running=__  RQ=[3]  nexit=6)
@00250718   p3.READY->RUNNING                                                     (running=p3  RQ=[]  nexit=6)
@00250818   p3.freshTQ                                                            (running=p3  RQ=[]  nexit=6)
@00250918   p3.freshTQ                                                            (running=p3  RQ=[]  nexit=6)
@00250988   p3.RUNNING->EXIT                                                      (running=__  RQ=[]  nexit=7)
@00320718   p5.release_databus,  p5.BLOCKED(floppy)->READY                        (running=__  RQ=[5]  nexit=7)
@00320723   p5.READY->RUNNING                                                     (running=p5  RQ=[]  nexit=7)
@00320803   p5.RUNNING->EXIT                                                      (running=__  RQ=[]  nexit=8)
total_process_completion_time 100 320793

# reporting the longest time_quantum resulting in the shortest total_process_completion_time
best 100 320793
