@00000000   reboot with TQ=50                                                     (running=__  RQ=[]  nexit=0)
@00000050   p5.NEW->READY                                                         (running=__  RQ=[5]  nexit=0)
@00000055   p5.READY->RUNNING                                                     (running=p5  RQ=[]  nexit=0)
@00000105   p5.freshTQ                                                            (running=p5  RQ=[]  nexit=0)
@00000155   p5.freshTQ                                                            (running=p5  RQ=[]  nexit=0)
@00000205   p5.freshTQ                                                            (running=p5  RQ=[]  nexit=0)
@00000255   p5.freshTQ                                                            (running=p5  RQ=[]  nexit=0)
@00000275   p5.RUNNING->BLOCKED(floppy),  p5.request_databus                      (running=__  RQ=[]  nexit=0)
@00070280   p5.release_databus,  p5.BLOCKED(floppy)->READY                        (running=__  RQ=[5]  nexit=0)
@00070285   p5.READY->RUNNING,  p5.RUNNING->BLOCKED(floppy),  p5.request_databus  (running=__  RQ=[]  nexit=0)
@00123624   p5.release_databus,  p5.BLOCKED(floppy)->READY                        (running=__  RQ=[5]  nexit=0)
@00123629   p5.READY->RUNNING,  p5.RUNNING->BLOCKED(floppy),  p5.request_databus  (running=__  RQ=[]  nexit=0)
@00193634   p5.release_databus,  p5.BLOCKED(floppy)->READY                        (running=__  RQ=[5]  nexit=0)
@00193639   p5.READY->RUNNING,  p5.RUNNING->BLOCKED(floppy),  p5.request_databus  (running=__  RQ=[]  nexit=0)
@00246978   p5.release_databus,  p5.BLOCKED(floppy)->READY                        (running=__  RQ=[5]  nexit=0)
@00246983   p5.READY->RUNNING,  p5.RUNNING->BLOCKED(floppy),  p5.request_databus  (running=__  RQ=[]  nexit=0)
@00316988   p5.release_databus,  p5.BLOCKED(floppy)->READY                        (running=__  RQ=[5]  nexit=0)
@00316993   p5.READY->RUNNING,  p5.RUNNING->BLOCKED(floppy),  p5.request_databus  (running=__  RQ=[]  nexit=0)
@00370332   p5.release_databus,  p5.BLOCKED(floppy)->READY                        (running=__  RQ=[5]  nexit=0)
@00370337   p5.READY->RUNNING,  p5.RUNNING->BLOCKED(floppy),  p5.request_databus  (running=__  RQ=[]  nexit=0)
@00444009   p5.release_databus,  p5.BLOCKED(floppy)->READY                        (running=__  RQ=[5]  nexit=0)
@00444014   p5.READY->RUNNING,  p5.RUNNING->BLOCKED(floppy),  p5.request_databus  (running=__  RQ=[]  nexit=0)
@00497353   p5.release_databus,  p5.BLOCKED(floppy)->READY                        (running=__  RQ=[5]  nexit=0)
@00497358   p5.READY->RUNNING                                                     (running=p5  RQ=[]  nexit=0)
@00497408   p5.freshTQ                                                            (running=p5  RQ=[]  nexit=0)
@00497458   p5.freshTQ                                                            (running=p5  RQ=[]  nexit=0)
@00497508   p5.freshTQ                                                            (running=p5  RQ=[]  nexit=0)
@00497558   p5.freshTQ                                                            (running=p5  RQ=[]  nexit=0)
@00497608   p5.freshTQ                                                            (running=p5  RQ=[]  nexit=0)
@00497658   p5.freshTQ                                                            (running=p5  RQ=[]  nexit=0)
@00497708   p5.freshTQ                                                            (running=p5  RQ=[]  nexit=0)
@00497758   p5.freshTQ                                                            (running=p5  RQ=[]  nexit=0)
@00497808   p5.freshTQ                                                            (running=p5  RQ=[]  nexit=0)
@00497858   p5.freshTQ                                                            (running=p5  RQ=[]  nexit=0)
@00497908   p5.freshTQ                                                            (running=p5  RQ=[]  nexit=0)
@00497958   p5.freshTQ                                                            (running=p5  RQ=[]  nexit=0)
@00498008   p5.freshTQ                                                            (running=p5  RQ=[]  nexit=0)
@00498058   p5.freshTQ                                                            (running=p5  RQ=[]  nexit=0)
@00498108   p5.freshTQ                                                            (running=p5  RQ=[]  nexit=0)
@00498158   p5.freshTQ                                                            (running=p5  RQ=[]  nexit=0)
@00498208   p5.freshTQ                                                            (running=p5  RQ=[]  nexit=0)
@00498258   p5.freshTQ                                                            (running=p5  RQ=[]  nexit=0)
@00498308   p5.freshTQ                                                            (running=p5  RQ=[]  nexit=0)
@00498358   p5.freshTQ                                                            (running=p5  RQ=[]  nexit=0)
@00498408   p5.freshTQ                                                            (running=p5  RQ=[]  nexit=0)
@00498458   p5.freshTQ                                                            (running=p5  RQ=[]  nexit=0)
@00498508   p5.freshTQ                                                            (running=p5  RQ=[]  nexit=0)
@00498558   p5.freshTQ                                                            (running=p5  RQ=[]  nexit=0)
@00498608   p5.freshTQ                                                            (running=p5  RQ=[]  nexit=0)
@00498658   p5.freshTQ                                                            (running=p5  RQ=[]  nexit=0)
@00498708   p5.freshTQ                                                            (running=p5  RQ=[]  nexit=0)
@00498738   p5.RUNNING->EXIT                                                      (running=__  RQ=[]  nexit=1)
total_process_completion_time 50 498688

best 50 498688