@00000000   reboot with TQ=100                                                    (running=__  RQ=[]  nexit=0)
@00000200   p1.NEW->READY                                                         (running=__  RQ=[1]  nexit=0)
@00000205   p1.READY->RUNNING                                                     (running=p1  RQ=[]  nexit=0)
@00000305   p1.RUNNING->BLOCKED(hd),  p1.request_databus                          (running=__  RQ=[]  nexit=0)
@00000330   p1.release_databus,  p1.BLOCKED(hd)->READY                            (running=__  RQ=[1]  nexit=0)
@00000335   p1.READY->RUNNING                                                     (running=p1  RQ=[]  nexit=0)
@00000345   p1.RUNNING->BLOCKED(usb2),  p1.request_databus                        (running=__  RQ=[]  nexit=0)
@00000377   p1.release_databus,  p1.BLOCKED(usb2)->READY                          (running=__  RQ=[1]  nexit=0)
@00000382   p1.READY->RUNNING                                                     (running=p1  RQ=[]  nexit=0)
@00000452   p1.RUNNING->BLOCKED(hd),  p1.request_databus                          (running=__  RQ=[]  nexit=0)
@00000470   p1.release_databus,  p1.BLOCKED(hd)->READY                            (running=__  RQ=[1]  nexit=0)
@00000475   p1.READY->RUNNING                                                     (running=p1  RQ=[]  nexit=0)
@00000480   p2.NEW->READY                                                         (running=p1  RQ=[2]  nexit=0)
@00000485   p1.RUNNING->BLOCKED(usb2),  p1.request_databus                        (running=__  RQ=[2]  nexit=0)
@00000490   p2.READY->RUNNING                                                     (running=p2  RQ=[]  nexit=0)
@00000507   p1.release_databus,  p1.BLOCKED(usb2)->READY                          (running=p2  RQ=[1]  nexit=0)
@00000590   p2.expire,  p2.RUNNING->READY                                         (running=__  RQ=[1,2]  nexit=0)
@00000595   p1.READY->RUNNING                                                     (running=p1  RQ=[2]  nexit=0)
@00000695   p1.expire,  p1.RUNNING->READY                                         (running=__  RQ=[2,1]  nexit=0)
@00000700   p2.READY->RUNNING                                                     (running=p2  RQ=[1]  nexit=0)
@00000800   p2.expire,  p2.RUNNING->READY                                         (running=__  RQ=[1,2]  nexit=0)
@00000805   p1.READY->RUNNING                                                     (running=p1  RQ=[2]  nexit=0)
@00000905   p1.expire,  p1.RUNNING->READY                                         (running=__  RQ=[2,1]  nexit=0)
@00000910   p2.READY->RUNNING                                                     (running=p2  RQ=[1]  nexit=0)
@00001010   p2.expire,  p2.RUNNING->READY                                         (running=__  RQ=[1,2]  nexit=0)
@00001015   p1.READY->RUNNING                                                     (running=p1  RQ=[2]  nexit=0)
@00001025   p1.RUNNING->EXIT                                                      (running=__  RQ=[2]  nexit=1)
@00001030   p2.READY->RUNNING                                                     (running=p2  RQ=[]  nexit=1)
@00001130   p2.freshTQ                                                            (running=p2  RQ=[]  nexit=1)
@00001230   p2.freshTQ                                                            (running=p2  RQ=[]  nexit=1)
@00001330   p2.freshTQ                                                            (running=p2  RQ=[]  nexit=1)
@00001430   p2.freshTQ                                                            (running=p2  RQ=[]  nexit=1)
@00001530   p2.freshTQ                                                            (running=p2  RQ=[]  nexit=1)
@00001630   p2.freshTQ                                                            (running=p2  RQ=[]  nexit=1)
@00001730   p2.freshTQ                                                            (running=p2  RQ=[]  nexit=1)
@00001830   p2.freshTQ                                                            (running=p2  RQ=[]  nexit=1)
@00001930   p2.freshTQ                                                            (running=p2  RQ=[]  nexit=1)
@00002030   p2.freshTQ                                                            (running=p2  RQ=[]  nexit=1)
@00002130   p2.freshTQ                                                            (running=p2  RQ=[]  nexit=1)
@00002230   p2.freshTQ                                                            (running=p2  RQ=[]  nexit=1)
@00002330   p2.freshTQ                                                            (running=p2  RQ=[]  nexit=1)
@00002430   p2.freshTQ                                                            (running=p2  RQ=[]  nexit=1)
@00002530   p2.freshTQ                                                            (running=p2  RQ=[]  nexit=1)
@00002630   p2.freshTQ                                                            (running=p2  RQ=[]  nexit=1)
@00002730   p2.freshTQ                                                            (running=p2  RQ=[]  nexit=1)
@00002830   p2.freshTQ                                                            (running=p2  RQ=[]  nexit=1)
@00002930   p2.freshTQ                                                            (running=p2  RQ=[]  nexit=1)
@00003030   p2.freshTQ                                                            (running=p2  RQ=[]  nexit=1)
@00003130   p2.freshTQ                                                            (running=p2  RQ=[]  nexit=1)
@00003230   p2.freshTQ                                                            (running=p2  RQ=[]  nexit=1)
@00003330   p2.freshTQ                                                            (running=p2  RQ=[]  nexit=1)
@00003430   p2.freshTQ                                                            (running=p2  RQ=[]  nexit=1)
@00003530   p2.freshTQ                                                            (running=p2  RQ=[]  nexit=1)
@00003630   p2.freshTQ                                                            (running=p2  RQ=[]  nexit=1)
@00003730   p2.freshTQ                                                            (running=p2  RQ=[]  nexit=1)
@00003830   p2.freshTQ                                                            (running=p2  RQ=[]  nexit=1)
@00003930   p2.freshTQ                                                            (running=p2  RQ=[]  nexit=1)
@00004030   p2.freshTQ                                                            (running=p2  RQ=[]  nexit=1)
@00004130   p2.freshTQ                                                            (running=p2  RQ=[]  nexit=1)
@00004230   p2.freshTQ                                                            (running=p2  RQ=[]  nexit=1)
@00004330   p2.freshTQ                                                            (running=p2  RQ=[]  nexit=1)
@00004430   p2.freshTQ                                                            (running=p2  RQ=[]  nexit=1)
@00004530   p2.freshTQ                                                            (running=p2  RQ=[]  nexit=1)
@00004630   p2.freshTQ                                                            (running=p2  RQ=[]  nexit=1)
@00004730   p2.freshTQ                                                            (running=p2  RQ=[]  nexit=1)
@00004830   p2.freshTQ                                                            (running=p2  RQ=[]  nexit=1)
@00004930   p2.freshTQ                                                            (running=p2  RQ=[]  nexit=1)
@00005030   p2.freshTQ                                                            (running=p2  RQ=[]  nexit=1)
@00005130   p2.freshTQ                                                            (running=p2  RQ=[]  nexit=1)
@00005230   p2.freshTQ                                                            (running=p2  RQ=[]  nexit=1)
@00005330   p2.freshTQ                                                            (running=p2  RQ=[]  nexit=1)
@00005430   p2.freshTQ                                                            (running=p2  RQ=[]  nexit=1)
@00005530   p2.freshTQ                                                            (running=p2  RQ=[]  nexit=1)
@00005630   p2.freshTQ                                                            (running=p2  RQ=[]  nexit=1)
@00005730   p2.freshTQ                                                            (running=p2  RQ=[]  nexit=1)
@00005830   p2.freshTQ                                                            (running=p2  RQ=[]  nexit=1)
@00005930   p2.freshTQ                                                            (running=p2  RQ=[]  nexit=1)
@00006030   p2.freshTQ                                                            (running=p2  RQ=[]  nexit=1)
@00006130   p2.freshTQ                                                            (running=p2  RQ=[]  nexit=1)
@00006230   p2.freshTQ                                                            (running=p2  RQ=[]  nexit=1)
@00006330   p2.freshTQ                                                            (running=p2  RQ=[]  nexit=1)
@00006430   p2.freshTQ                                                            (running=p2  RQ=[]  nexit=1)
@00006530   p2.freshTQ                                                            (running=p2  RQ=[]  nexit=1)
@00006630   p2.freshTQ                                                            (running=p2  RQ=[]  nexit=1)
@00006730   p2.freshTQ                                                            (running=p2  RQ=[]  nexit=1)
@00006830   p2.freshTQ                                                            (running=p2  RQ=[]  nexit=1)
@00006930   p2.freshTQ                                                            (running=p2  RQ=[]  nexit=1)
@00007030   p2.freshTQ                                                            (running=p2  RQ=[]  nexit=1)
@00007130   p2.freshTQ                                                            (running=p2  RQ=[]  nexit=1)
@00007230   p2.freshTQ                                                            (running=p2  RQ=[]  nexit=1)
@00007330   p2.freshTQ                                                            (running=p2  RQ=[]  nexit=1)
@00007430   p2.freshTQ                                                            (running=p2  RQ=[]  nexit=1)
@00007530   p2.freshTQ                                                            (running=p2  RQ=[]  nexit=1)
@00007630   p2.freshTQ                                                            (running=p2  RQ=[]  nexit=1)
@00007730   p2.freshTQ                                                            (running=p2  RQ=[]  nexit=1)
@00007830   p2.freshTQ                                                            (running=p2  RQ=[]  nexit=1)
@00007930   p2.freshTQ                                                            (running=p2  RQ=[]  nexit=1)
@00008030   p2.freshTQ                                                            (running=p2  RQ=[]  nexit=1)
@00008130   p2.freshTQ                                                            (running=p2  RQ=[]  nexit=1)
@00008230   p2.freshTQ                                                            (running=p2  RQ=[]  nexit=1)
@00008330   p2.freshTQ                                                            (running=p2  RQ=[]  nexit=1)
@00008430   p2.freshTQ                                                            (running=p2  RQ=[]  nexit=1)
@00008530   p2.freshTQ                                                            (running=p2  RQ=[]  nexit=1)
@00008630   p2.freshTQ                                                            (running=p2  RQ=[]  nexit=1)
@00008730   p2.RUNNING->BLOCKED(screen),  p2.request_databus                      (running=__  RQ=[]  nexit=1)
@00008935   p2.release_databus,  p2.BLOCKED(screen)->READY                        (running=__  RQ=[2]  nexit=1)
@00008940   p2.READY->RUNNING                                                     (running=p2  RQ=[]  nexit=1)
@00008945   p2.RUNNING->EXIT                                                      (running=__  RQ=[]  nexit=2)
total_process_completion_time 100 8745

best 100 8745
