@00000000   reboot with TQ=50                                                     (running=__  RQ=[]  nexit=0)
@00000240   p2.NEW->READY                                                         (running=__  RQ=[2]  nexit=0)
@00000245   p2.READY->RUNNING                                                     (running=p2  RQ=[]  nexit=0)
@00000280   p5.NEW->READY                                                         (running=p2  RQ=[5]  nexit=0)
@00000295   p2.expire,  p2.RUNNING->READY                                         (running=__  RQ=[5,2]  nexit=0)
@00000300   p5.READY->RUNNING                                                     (running=p5  RQ=[2]  nexit=0)
@00000350   p5.expire,  p5.RUNNING->READY                                         (running=__  RQ=[2,5]  nexit=0)
@00000355   p2.READY->RUNNING                                                     (running=p2  RQ=[5]  nexit=0)
@00000405   p2.expire,  p2.RUNNING->READY                                         (running=__  RQ=[5,2]  nexit=0)
@00000410   p5.READY->RUNNING                                                     (running=p5  RQ=[2]  nexit=0)
@00000460   p5.expire,  p5.RUNNING->READY                                         (running=__  RQ=[2,5]  nexit=0)
@00000465   p2.READY->RUNNING                                                     (running=p2  RQ=[5]  nexit=0)
@00000515   p2.expire,  p2.RUNNING->READY                                         (running=__  RQ=[5,2]  nexit=0)
@00000520   p5.READY->RUNNING                                                     (running=p5  RQ=[2]  nexit=0)
@00000570   p5.expire,  p5.RUNNING->READY                                         (running=__  RQ=[2,5]  nexit=0)
@00000575   p2.READY->RUNNING                                                     (running=p2  RQ=[5]  nexit=0)
@00000625   p2.expire,  p2.RUNNING->READY                                         (running=__  RQ=[5,2]  nexit=0)
@00000630   p5.READY->RUNNING                                                     (running=p5  RQ=[2]  nexit=0)
@00000680   p5.expire,  p5.RUNNING->READY                                         (running=__  RQ=[2,5]  nexit=0)
@00000685   p2.READY->RUNNING                                                     (running=p2  RQ=[5]  nexit=0)
@00000735   p2.RUNNING->BLOCKED(floppy),  p2.request_databus                      (running=__  RQ=[5]  nexit=0)
@00000740   p5.READY->RUNNING                                                     (running=p5  RQ=[]  nexit=0)
@00000790   p5.freshTQ                                                            (running=p5  RQ=[]  nexit=0)
@00000840   p5.freshTQ                                                            (running=p5  RQ=[]  nexit=0)
@00000860   p5.RUNNING->BLOCKED(floppy)                                           (running=__  RQ=[]  nexit=0)
@00074074   p2.release_databus,  p2.BLOCKED(floppy)->READY,  p5.request_databus   (running=__  RQ=[2]  nexit=0)
@00074079   p2.READY->RUNNING                                                     (running=p2  RQ=[]  nexit=0)
@00074109   p2.RUNNING->BLOCKED(floppy)                                           (running=__  RQ=[]  nexit=0)
@00110746   p5.release_databus,  p5.BLOCKED(floppy)->READY,  p2.request_databus   (running=__  RQ=[5]  nexit=0)
@00110751   p5.READY->RUNNING                                                     (running=p5  RQ=[]  nexit=0)
@00110801   p5.freshTQ                                                            (running=p5  RQ=[]  nexit=0)
@00110841   p5.RUNNING->BLOCKED(floppy)                                           (running=__  RQ=[]  nexit=0)
@00264085   p2.release_databus,  p2.BLOCKED(floppy)->READY,  p5.request_databus   (running=__  RQ=[2]  nexit=0)
@00264090   p2.READY->RUNNING                                                     (running=p2  RQ=[]  nexit=0)
@00264130   p2.RUNNING->BLOCKED(floppy)                                           (running=__  RQ=[]  nexit=0)
@00417424   p5.release_databus,  p5.BLOCKED(floppy)->READY,  p2.request_databus   (running=__  RQ=[5]  nexit=0)
@00417429   p5.READY->RUNNING                                                     (running=p5  RQ=[]  nexit=0)
@00417479   p5.freshTQ                                                            (running=p5  RQ=[]  nexit=0)
@00417529   p5.freshTQ                                                            (running=p5  RQ=[]  nexit=0)
@00417579   p5.freshTQ                                                            (running=p5  RQ=[]  nexit=0)
@00417599   p5.RUNNING->BLOCKED(floppy)                                           (running=__  RQ=[]  nexit=0)
@00532096   p2.release_databus,  p2.BLOCKED(floppy)->READY,  p5.request_databus   (running=__  RQ=[2]  nexit=0)
@00532101   p2.READY->RUNNING                                                     (running=p2  RQ=[]  nexit=0)
@00532151   p2.freshTQ                                                            (running=p2  RQ=[]  nexit=0)
@00532201   p2.freshTQ                                                            (running=p2  RQ=[]  nexit=0)
@00532251   p2.freshTQ                                                            (running=p2  RQ=[]  nexit=0)
@00532301   p2.freshTQ                                                            (running=p2  RQ=[]  nexit=0)
@00532351   p2.freshTQ                                                            (running=p2  RQ=[]  nexit=0)
@00532381   p2.RUNNING->BLOCKED(floppy)                                           (running=__  RQ=[]  nexit=0)
@00652435   p5.release_databus,  p5.BLOCKED(floppy)->READY,  p2.request_databus   (running=__  RQ=[5]  nexit=0)
@00652440   p5.READY->RUNNING                                                     (running=p5  RQ=[]  nexit=0)
@00652490   p5.freshTQ                                                            (running=p5  RQ=[]  nexit=0)
@00652540   p5.freshTQ                                                            (running=p5  RQ=[]  nexit=0)
@00652580   p5.RUNNING->BLOCKED(floppy)                                           (running=__  RQ=[]  nexit=0)
@00705774   p2.release_databus,  p2.BLOCKED(floppy)->READY,  p5.request_databus   (running=__  RQ=[2]  nexit=0)
@00705779   p2.READY->RUNNING                                                     (running=p2  RQ=[]  nexit=0)
@00705829   p2.freshTQ                                                            (running=p2  RQ=[]  nexit=0)
@00705879   p2.freshTQ                                                            (running=p2  RQ=[]  nexit=0)
@00705929   p2.freshTQ                                                            (running=p2  RQ=[]  nexit=0)
@00705979   p2.freshTQ                                                            (running=p2  RQ=[]  nexit=0)
@00706029   p2.freshTQ                                                            (running=p2  RQ=[]  nexit=0)
@00706079   p2.freshTQ                                                            (running=p2  RQ=[]  nexit=0)
@00706129   p2.freshTQ                                                            (running=p2  RQ=[]  nexit=0)
@00706179   p2.freshTQ                                                            (running=p2  RQ=[]  nexit=0)
@00706229   p2.freshTQ                                                            (running=p2  RQ=[]  nexit=0)
@00706279   p2.RUNNING->EXIT                                                      (running=__  RQ=[]  nexit=1)
@00759113   p5.release_databus,  p5.BLOCKED(floppy)->READY                        (running=__  RQ=[5]  nexit=1)
@00759118   p5.READY->RUNNING                                                     (running=p5  RQ=[]  nexit=1)
@00759168   p5.freshTQ                                                            (running=p5  RQ=[]  nexit=1)
@00759218   p5.freshTQ                                                            (running=p5  RQ=[]  nexit=1)
@00759268   p5.freshTQ                                                            (running=p5  RQ=[]  nexit=1)
@00759318   p5.freshTQ                                                            (running=p5  RQ=[]  nexit=1)
@00759368   p5.freshTQ                                                            (running=p5  RQ=[]  nexit=1)
@00759418   p5.freshTQ                                                            (running=p5  RQ=[]  nexit=1)
@00759468   p5.freshTQ                                                            (running=p5  RQ=[]  nexit=1)
@00759518   p5.freshTQ                                                            (running=p5  RQ=[]  nexit=1)
@00759568   p5.freshTQ                                                            (running=p5  RQ=[]  nexit=1)
@00759598   p5.RUNNING->EXIT                                                      (running=__  RQ=[]  nexit=2)
total_process_completion_time 50 759358

best 50 759358