@00000000   reboot with TQ=100,  p11.NEW->READY                                   (running=__  RQ=[11]  nexit=0)
@00000005   p11.READY->RUNNING,  p11.RUNNING->BLOCKED(usb),  p11.request_databus  (running=__  RQ=[]  nexit=0)
@00000010   p12.NEW->READY                                                        (running=__  RQ=[12]  nexit=0)
@00000015   p12.READY->RUNNING                                                    (running=p12  RQ=[]  nexit=0)
@00000020   p12.RUNNING->BLOCKED(floppy)                                          (running=__  RQ=[]  nexit=0)
@00000050   p13.NEW->READY                                                        (running=__  RQ=[13]  nexit=0)
@00000055   p13.READY->RUNNING                                                    (running=p13  RQ=[]  nexit=0)
@00000060   p11.release_databus,  p11.BLOCKED(usb)->READY,  p12.request_databus   (running=p13  RQ=[11]  nexit=0)
@00000065   p13.RUNNING->BLOCKED(ssd)                                             (running=__  RQ=[11]  nexit=0)
@00000070   p11.READY->RUNNING                                                    (running=p11  RQ=[]  nexit=0)
@00000125   p11.RUNNING->EXIT                                                     (running=__  RQ=[]  nexit=1)
@00001565   p12.release_databus,  p12.BLOCKED(floppy)->READY,  p13.request_databus(running=__  RQ=[12]  nexit=1)
@00001570   p12.READY->RUNNING                                                    (running=p12  RQ=[]  nexit=1)
@00001605   p12.RUNNING->EXIT                                                     (running=__  RQ=[]  nexit=2)
@00001620   p13.release_databus,  p13.BLOCKED(ssd)->READY                         (running=__  RQ=[13]  nexit=2)
@00001625   p13.READY->RUNNING                                                    (running=p13  RQ=[]  nexit=2)
@00001725   p13.freshTQ                                                           (running=p13  RQ=[]  nexit=2)
@00001815   p13.RUNNING->EXIT                                                     (running=__  RQ=[]  nexit=3)
total_process_completion_time 100 1815

# reporting the longest time_quantum resulting in the shortest total_process_completion_time
best 100 1815